Sat, 21 Jun 2014 02:14:20 +0000
name:  TIPS_Pc_cation_neut_inner0_outer0 mols_cen:  ['sp_TIPS_Pc_neut.xyz']  mols_sur:  ['sp_TIPS_Pc_neut.xyz']  TVs:  [[ 14.29580648   0.           0.        ]
 [  1.6241249   14.5550723    0.        ]
 [  6.38460367  -0.23921713  31.16595845]]
Placing Molecules.
Molecules placed.
state cation
q:  1.0
Sat, 21 Jun 2014 02:14:20 +0000
Sat, 21 Jun 2014 02:14:20 +0000
Calc jm
Sat, 21 Jun 2014 02:14:20 +0000
Calc dips:
Sat, 21 Jun 2014 02:14:20 +0000
Sat, 21 Jun 2014 02:14:20 +0000
splitting dips onto atoms
Sat, 21 Jun 2014 02:14:20 +0000
summing dips:
Sat, 21 Jun 2014 02:14:20 +0000
total dip moment [[ 0.  0.  0.]]
Sat, 21 Jun 2014 02:14:20 +0000
Uqq 0.0
Sat, 21 Jun 2014 02:14:20 +0000
Uqd 0.0
Sat, 21 Jun 2014 02:14:20 +0000
Udd 0.0
energyev 0.0
Sat, 21 Jun 2014 02:14:20 +0000
Making .dat cross sections for gnuplot


DIST:  0 

Sat, 21 Jun 2014 02:14:20 +0000
a,b,c 0 0 0
Attempting to swapping charges of molecule  0 at 0 , 0 , 0  and molecule  0 at 0 , 0 , 0 .
cenpos [0, 0, 0]
maxTVs:  0
nVs:  0
Same Molecule
Reorg:  0.0
lengths [2, 2, 2]
Job Completed Successfully.
Job terminated normally
