Sat, 21 Jun 2014 01:42:56 +0000
name:  Pc_cation_neut_inner0_outer0 mols_cen:  ['sp_Pc_mola_neut.xyz', 'sp_Pc_molb_neut.xyz']  mols_sur:  ['sp_Pc_mola_neut.xyz', 'sp_Pc_molb_neut.xyz']  TVs:  [[  1.49288364e+01   0.00000000e+00   0.00000000e+00]
 [  7.01216856e-16   1.14517403e+01   0.00000000e+00]
 [ -1.16266687e+01  -6.23860767e+00   2.72256505e+01]]
Placing Molecules.
Molecules placed.
state cation
q:  1.0
Sat, 21 Jun 2014 01:42:56 +0000
Sat, 21 Jun 2014 01:42:56 +0000
Calc jm
Sat, 21 Jun 2014 01:42:56 +0000
Calc dips:
Sat, 21 Jun 2014 01:42:56 +0000
Sat, 21 Jun 2014 01:42:56 +0000
splitting dips onto atoms
Sat, 21 Jun 2014 01:42:56 +0000
summing dips:
Sat, 21 Jun 2014 01:42:56 +0000
total dip moment [[-2.59303027 -2.91915717  1.45788189]]
Sat, 21 Jun 2014 01:42:56 +0000
Uqq 0.0
Sat, 21 Jun 2014 01:42:56 +0000
Uqd -0.718064635378
Sat, 21 Jun 2014 01:42:56 +0000
Udd 0.359032317689
energyev -0.359032317689
Sat, 21 Jun 2014 01:42:56 +0000
Making .dat cross sections for gnuplot


DIST:  0 

Sat, 21 Jun 2014 01:42:56 +0000
a,b,c 0 0 0
Attempting to swapping charges of molecule  0 at 0 , 0 , 0  and molecule  0 at 0 , 0 , 0 .
cenpos [0, 0, 0]
maxTVs:  0
nVs:  0
Same Molecule
Reorg:  0.0
lengths [2, 2, 2]
Attempting to swapping charges of molecule  0 at 0 , 0 , 0  and molecule  1 at 0 , 0 , 0 .
cenpos [0, 0, 0]
maxTVs:  0
nVs:  0
charges split: 0.5 0.5
charges still split: 0.5 0.5
Olduqd  -0.718064635378 , Newuqd -0.22695926937 .
Success.
Reorg:  0.245552683004
lengths [2, 2, 2]
Job Completed Successfully.
Job terminated normally
