Sat, 21 Jun 2014 02:19:36 +0000
name:  TIPS_Pc_cation_neut_inner2_outer0 mols_cen:  ['sp_TIPS_Pc_neut.xyz']  mols_sur:  ['sp_TIPS_Pc_neut.xyz']  TVs:  [[ 14.29580648   0.           0.        ]
 [  1.6241249   14.5550723    0.        ]
 [  6.38460367  -0.23921713  31.16595845]]
Placing Molecules.
Molecules placed.
state cation
q:  1.0
Sat, 21 Jun 2014 02:19:37 +0000
Sat, 21 Jun 2014 02:19:37 +0000
Calc jm
Sat, 21 Jun 2014 02:19:37 +0000
Calc dips:
Sat, 21 Jun 2014 02:19:37 +0000
Sat, 21 Jun 2014 02:19:37 +0000
splitting dips onto atoms
Sat, 21 Jun 2014 02:19:37 +0000
summing dips:
Sat, 21 Jun 2014 02:19:37 +0000
total dip moment [[ -3.99680289e-15  -1.01307851e-14  -8.88178420e-16]]
Sat, 21 Jun 2014 02:19:37 +0000
Uqq 0.0
Sat, 21 Jun 2014 02:19:37 +0000
Uqd -1.69454546179
Sat, 21 Jun 2014 02:19:37 +0000
Udd 0.847272730896
energyev -0.847272730896
Sat, 21 Jun 2014 02:19:37 +0000
Making .dat cross sections for gnuplot


DIST:  0 

Sat, 21 Jun 2014 02:19:37 +0000
a,b,c 2 2 2
Attempting to swapping charges of molecule  0 at 2 , 2 , 2  and molecule  0 at 2 , 2 , 2 .
cenpos [2, 2, 2]
maxTVs:  2
nVs:  0
Same Molecule
Reorg:  0.0
lengths [6, 6, 6]


DIST:  1 

Sat, 21 Jun 2014 02:19:37 +0000
a,b,c 1 1 1
Attempting to swapping charges of molecule  0 at 2 , 2 , 2  and molecule  0 at 1 , 1 , 1 .
cenpos [2, 2, 2]
maxTVs:  2
nVs:  3
No molecule in 2nd position.
Reorg:  []
lengths [6, 6, 6]
Sat, 21 Jun 2014 02:19:37 +0000
a,b,c 1 1 2
Attempting to swapping charges of molecule  0 at 2 , 2 , 2  and molecule  0 at 1 , 1 , 2 .
cenpos [2, 2, 2]
maxTVs:  2
nVs:  2
charges split: 0.5 0.5
charges still split: 0.5 0.5
Olduqd  -1.69454546179 , Newuqd -0.860079344977 .
Success.
Reorg:  0.417233058407
lengths [6, 6, 6]
Sat, 21 Jun 2014 02:19:37 +0000
a,b,c 1 1 3
Attempting to swapping charges of molecule  0 at 2 , 2 , 2  and molecule  0 at 1 , 1 , 3 .
cenpos [2, 2, 2]
maxTVs:  2
nVs:  3
No molecule in 2nd position.
Reorg:  []
lengths [6, 6, 6]
Sat, 21 Jun 2014 02:19:37 +0000
a,b,c 1 2 1
Attempting to swapping charges of molecule  0 at 2 , 2 , 2  and molecule  0 at 1 , 2 , 1 .
cenpos [2, 2, 2]
maxTVs:  2
nVs:  2
charges split: 0.5 0.5
charges still split: 0.5 0.5
Olduqd  -1.69454546179 , Newuqd -0.718608385004 .
Success.
Reorg:  0.487968538394
lengths [6, 6, 6]
Sat, 21 Jun 2014 02:19:37 +0000
a,b,c 1 2 2
Attempting to swapping charges of molecule  0 at 2 , 2 , 2  and molecule  0 at 1 , 2 , 2 .
cenpos [2, 2, 2]
maxTVs:  2
nVs:  1
charges split: 0.5 0.5
charges still split: 0.5 0.5
Olduqd  -1.69454546179 , Newuqd -1.20663022642 .
Success.
Reorg:  0.243957617686
lengths [6, 6, 6]
Sat, 21 Jun 2014 02:19:37 +0000
a,b,c 1 2 3
Attempting to swapping charges of molecule  0 at 2 , 2 , 2  and molecule  0 at 1 , 2 , 3 .
cenpos [2, 2, 2]
maxTVs:  2
nVs:  2
charges split: 0.5 0.5
charges still split: 0.5 0.5
Olduqd  -1.69454546179 , Newuqd -0.75131004652 .
Success.
Reorg:  0.471617707636
lengths [6, 6, 6]
Sat, 21 Jun 2014 02:19:37 +0000
a,b,c 1 3 1
Attempting to swapping charges of molecule  0 at 2 , 2 , 2  and molecule  0 at 1 , 3 , 1 .
cenpos [2, 2, 2]
maxTVs:  2
nVs:  3
No molecule in 2nd position.
Reorg:  []
lengths [6, 6, 6]
Sat, 21 Jun 2014 02:19:38 +0000
a,b,c 1 3 2
Attempting to swapping charges of molecule  0 at 2 , 2 , 2  and molecule  0 at 1 , 3 , 2 .
cenpos [2, 2, 2]
maxTVs:  2
nVs:  2
charges split: 0.5 0.5
charges still split: 0.5 0.5
Olduqd  -1.69454546179 , Newuqd -1.08170564025 .
Success.
Reorg:  0.306419910773
lengths [6, 6, 6]
Sat, 21 Jun 2014 02:19:38 +0000
a,b,c 1 3 3
Attempting to swapping charges of molecule  0 at 2 , 2 , 2  and molecule  0 at 1 , 3 , 3 .
cenpos [2, 2, 2]
maxTVs:  2
nVs:  3
No molecule in 2nd position.
Reorg:  []
lengths [6, 6, 6]
Sat, 21 Jun 2014 02:19:38 +0000
a,b,c 2 1 1
Attempting to swapping charges of molecule  0 at 2 , 2 , 2  and molecule  0 at 2 , 1 , 1 .
cenpos [2, 2, 2]
maxTVs:  2
nVs:  2
charges split: 0.5 0.5
charges still split: 0.5 0.5
Olduqd  -1.69454546179 , Newuqd -0.684847835685 .
Success.
Reorg:  0.504848813053
lengths [6, 6, 6]
Sat, 21 Jun 2014 02:19:38 +0000
a,b,c 2 1 2
Attempting to swapping charges of molecule  0 at 2 , 2 , 2  and molecule  0 at 2 , 1 , 2 .
cenpos [2, 2, 2]
maxTVs:  2
nVs:  1
charges split: 0.5 0.5
charges still split: 0.5 0.5
Olduqd  -1.69454546179 , Newuqd -1.17630298919 .
Success.
Reorg:  0.259121236298
lengths [6, 6, 6]
Sat, 21 Jun 2014 02:19:38 +0000
a,b,c 2 1 3
Attempting to swapping charges of molecule  0 at 2 , 2 , 2  and molecule  0 at 2 , 1 , 3 .
cenpos [2, 2, 2]
maxTVs:  2
nVs:  2
charges split: 0.5 0.5
charges still split: 0.5 0.5
Olduqd  -1.69454546179 , Newuqd -0.710991907846 .
Success.
Reorg:  0.491776776972
lengths [6, 6, 6]
Sat, 21 Jun 2014 02:19:38 +0000
a,b,c 2 2 1
Attempting to swapping charges of molecule  0 at 2 , 2 , 2  and molecule  0 at 2 , 2 , 1 .
cenpos [2, 2, 2]
maxTVs:  2
nVs:  1
charges split: 0.5 0.5
charges still split: 0.5 0.5
Olduqd  -1.69454546179 , Newuqd -0.842559066339 .
Success.
Reorg:  0.425993197726
lengths [6, 6, 6]
Sat, 21 Jun 2014 02:19:38 +0000
a,b,c 2 2 2
Attempting to swapping charges of molecule  0 at 2 , 2 , 2  and molecule  0 at 2 , 2 , 2 .
cenpos [2, 2, 2]
maxTVs:  2
nVs:  0
Same Molecule
Reorg:  0.0
lengths [6, 6, 6]
Sat, 21 Jun 2014 02:19:38 +0000
a,b,c 2 2 3
Attempting to swapping charges of molecule  0 at 2 , 2 , 2  and molecule  0 at 2 , 2 , 3 .
cenpos [2, 2, 2]
maxTVs:  2
nVs:  1
charges split: 0.5 0.5
charges still split: 0.5 0.5
Olduqd  -1.69454546179 , Newuqd -0.842559066339 .
Success.
Reorg:  0.425993197726
lengths [6, 6, 6]
Sat, 21 Jun 2014 02:19:39 +0000
a,b,c 2 3 1
Attempting to swapping charges of molecule  0 at 2 , 2 , 2  and molecule  0 at 2 , 3 , 1 .
cenpos [2, 2, 2]
maxTVs:  2
nVs:  2
charges split: 0.5 0.5
charges still split: 0.5 0.5
Olduqd  -1.69454546179 , Newuqd -0.710991907846 .
Success.
Reorg:  0.491776776972
lengths [6, 6, 6]
Sat, 21 Jun 2014 02:19:39 +0000
a,b,c 2 3 2
Attempting to swapping charges of molecule  0 at 2 , 2 , 2  and molecule  0 at 2 , 3 , 2 .
cenpos [2, 2, 2]
maxTVs:  2
nVs:  1
charges split: 0.5 0.5
charges still split: 0.5 0.5
Olduqd  -1.69454546179 , Newuqd -1.17630298919 .
Success.
Reorg:  0.259121236298
lengths [6, 6, 6]
Sat, 21 Jun 2014 02:19:39 +0000
a,b,c 2 3 3
Attempting to swapping charges of molecule  0 at 2 , 2 , 2  and molecule  0 at 2 , 3 , 3 .
cenpos [2, 2, 2]
maxTVs:  2
nVs:  2
charges split: 0.5 0.5
charges still split: 0.5 0.5
Olduqd  -1.69454546179 , Newuqd -0.684847835685 .
Success.
Reorg:  0.504848813053
lengths [6, 6, 6]
Sat, 21 Jun 2014 02:19:39 +0000
a,b,c 3 1 1
Attempting to swapping charges of molecule  0 at 2 , 2 , 2  and molecule  0 at 3 , 1 , 1 .
cenpos [2, 2, 2]
maxTVs:  2
nVs:  3
No molecule in 2nd position.
Reorg:  []
lengths [6, 6, 6]
Sat, 21 Jun 2014 02:19:39 +0000
a,b,c 3 1 2
Attempting to swapping charges of molecule  0 at 2 , 2 , 2  and molecule  0 at 3 , 1 , 2 .
cenpos [2, 2, 2]
maxTVs:  2
nVs:  2
charges split: 0.5 0.5
charges still split: 0.5 0.5
Olduqd  -1.69454546179 , Newuqd -1.08170564025 .
Success.
Reorg:  0.306419910773
lengths [6, 6, 6]
Sat, 21 Jun 2014 02:19:39 +0000
a,b,c 3 1 3
Attempting to swapping charges of molecule  0 at 2 , 2 , 2  and molecule  0 at 3 , 1 , 3 .
cenpos [2, 2, 2]
maxTVs:  2
nVs:  3
No molecule in 2nd position.
Reorg:  []
lengths [6, 6, 6]
Sat, 21 Jun 2014 02:19:39 +0000
a,b,c 3 2 1
Attempting to swapping charges of molecule  0 at 2 , 2 , 2  and molecule  0 at 3 , 2 , 1 .
cenpos [2, 2, 2]
maxTVs:  2
nVs:  2
charges split: 0.5 0.5
charges still split: 0.5 0.5
Olduqd  -1.69454546179 , Newuqd -0.75131004652 .
Success.
Reorg:  0.471617707636
lengths [6, 6, 6]
Sat, 21 Jun 2014 02:19:39 +0000
a,b,c 3 2 2
Attempting to swapping charges of molecule  0 at 2 , 2 , 2  and molecule  0 at 3 , 2 , 2 .
cenpos [2, 2, 2]
maxTVs:  2
nVs:  1
charges split: 0.5 0.5
charges still split: 0.5 0.5
Olduqd  -1.69454546179 , Newuqd -1.20663022642 .
Success.
Reorg:  0.243957617686
lengths [6, 6, 6]
Sat, 21 Jun 2014 02:19:39 +0000
a,b,c 3 2 3
Attempting to swapping charges of molecule  0 at 2 , 2 , 2  and molecule  0 at 3 , 2 , 3 .
cenpos [2, 2, 2]
maxTVs:  2
nVs:  2
charges split: 0.5 0.5
charges still split: 0.5 0.5
Olduqd  -1.69454546179 , Newuqd -0.718608385004 .
Success.
Reorg:  0.487968538394
lengths [6, 6, 6]
Sat, 21 Jun 2014 02:19:39 +0000
a,b,c 3 3 1
Attempting to swapping charges of molecule  0 at 2 , 2 , 2  and molecule  0 at 3 , 3 , 1 .
cenpos [2, 2, 2]
maxTVs:  2
nVs:  3
No molecule in 2nd position.
Reorg:  []
lengths [6, 6, 6]
Sat, 21 Jun 2014 02:19:39 +0000
a,b,c 3 3 2
Attempting to swapping charges of molecule  0 at 2 , 2 , 2  and molecule  0 at 3 , 3 , 2 .
cenpos [2, 2, 2]
maxTVs:  2
nVs:  2
charges split: 0.5 0.5
charges still split: 0.5 0.5
Olduqd  -1.69454546179 , Newuqd -0.860079344977 .
Success.
Reorg:  0.417233058407
lengths [6, 6, 6]
Sat, 21 Jun 2014 02:19:40 +0000
a,b,c 3 3 3
Attempting to swapping charges of molecule  0 at 2 , 2 , 2  and molecule  0 at 3 , 3 , 3 .
cenpos [2, 2, 2]
maxTVs:  2
nVs:  3
No molecule in 2nd position.
Reorg:  []
lengths [6, 6, 6]


DIST:  2 

Sat, 21 Jun 2014 02:19:40 +0000
a,b,c 0 0 0
Attempting to swapping charges of molecule  0 at 2 , 2 , 2  and molecule  0 at 0 , 0 , 0 .
cenpos [2, 2, 2]
maxTVs:  2
nVs:  6
No molecule in 2nd position.
Reorg:  []
lengths [6, 6, 6]
Sat, 21 Jun 2014 02:19:40 +0000
a,b,c 0 0 1
Attempting to swapping charges of molecule  0 at 2 , 2 , 2  and molecule  0 at 0 , 0 , 1 .
cenpos [2, 2, 2]
maxTVs:  2
nVs:  5
No molecule in 2nd position.
Reorg:  []
lengths [6, 6, 6]
Sat, 21 Jun 2014 02:19:40 +0000
a,b,c 0 0 2
Attempting to swapping charges of molecule  0 at 2 , 2 , 2  and molecule  0 at 0 , 0 , 2 .
cenpos [2, 2, 2]
maxTVs:  2
nVs:  4
No molecule in 2nd position.
Reorg:  []
lengths [6, 6, 6]
Sat, 21 Jun 2014 02:19:40 +0000
a,b,c 0 0 3
Attempting to swapping charges of molecule  0 at 2 , 2 , 2  and molecule  0 at 0 , 0 , 3 .
cenpos [2, 2, 2]
maxTVs:  2
nVs:  5
No molecule in 2nd position.
Reorg:  []
lengths [6, 6, 6]
Sat, 21 Jun 2014 02:19:40 +0000
a,b,c 0 0 4
Attempting to swapping charges of molecule  0 at 2 , 2 , 2  and molecule  0 at 0 , 0 , 4 .
cenpos [2, 2, 2]
maxTVs:  2
nVs:  6
No molecule in 2nd position.
Reorg:  []
lengths [6, 6, 6]
Sat, 21 Jun 2014 02:19:40 +0000
a,b,c 0 1 0
Attempting to swapping charges of molecule  0 at 2 , 2 , 2  and molecule  0 at 0 , 1 , 0 .
cenpos [2, 2, 2]
maxTVs:  2
nVs:  5
No molecule in 2nd position.
Reorg:  []
lengths [6, 6, 6]
Sat, 21 Jun 2014 02:19:40 +0000
a,b,c 0 1 1
Attempting to swapping charges of molecule  0 at 2 , 2 , 2  and molecule  0 at 0 , 1 , 1 .
cenpos [2, 2, 2]
maxTVs:  2
nVs:  4
No molecule in 2nd position.
Reorg:  []
lengths [6, 6, 6]
Sat, 21 Jun 2014 02:19:40 +0000
a,b,c 0 1 2
Attempting to swapping charges of molecule  0 at 2 , 2 , 2  and molecule  0 at 0 , 1 , 2 .
cenpos [2, 2, 2]
maxTVs:  2
nVs:  3
No molecule in 2nd position.
Reorg:  []
lengths [6, 6, 6]
Sat, 21 Jun 2014 02:19:40 +0000
a,b,c 0 1 3
Attempting to swapping charges of molecule  0 at 2 , 2 , 2  and molecule  0 at 0 , 1 , 3 .
cenpos [2, 2, 2]
maxTVs:  2
nVs:  4
No molecule in 2nd position.
Reorg:  []
lengths [6, 6, 6]
Sat, 21 Jun 2014 02:19:40 +0000
a,b,c 0 1 4
Attempting to swapping charges of molecule  0 at 2 , 2 , 2  and molecule  0 at 0 , 1 , 4 .
cenpos [2, 2, 2]
maxTVs:  2
nVs:  5
No molecule in 2nd position.
Reorg:  []
lengths [6, 6, 6]
Sat, 21 Jun 2014 02:19:40 +0000
a,b,c 0 2 0
Attempting to swapping charges of molecule  0 at 2 , 2 , 2  and molecule  0 at 0 , 2 , 0 .
cenpos [2, 2, 2]
maxTVs:  2
nVs:  4
No molecule in 2nd position.
Reorg:  []
lengths [6, 6, 6]
Sat, 21 Jun 2014 02:19:40 +0000
a,b,c 0 2 1
Attempting to swapping charges of molecule  0 at 2 , 2 , 2  and molecule  0 at 0 , 2 , 1 .
cenpos [2, 2, 2]
maxTVs:  2
nVs:  3
No molecule in 2nd position.
Reorg:  []
lengths [6, 6, 6]
Sat, 21 Jun 2014 02:19:40 +0000
a,b,c 0 2 2
Attempting to swapping charges of molecule  0 at 2 , 2 , 2  and molecule  0 at 0 , 2 , 2 .
cenpos [2, 2, 2]
maxTVs:  2
nVs:  2
charges split: 0.5 0.5
charges still split: 0.5 0.5
Olduqd  -1.69454546179 , Newuqd -0.666919639461 .
Success.
Reorg:  0.513812911165
lengths [6, 6, 6]
Sat, 21 Jun 2014 02:19:41 +0000
a,b,c 0 2 3
Attempting to swapping charges of molecule  0 at 2 , 2 , 2  and molecule  0 at 0 , 2 , 3 .
cenpos [2, 2, 2]
maxTVs:  2
nVs:  3
No molecule in 2nd position.
Reorg:  []
lengths [6, 6, 6]
Sat, 21 Jun 2014 02:19:41 +0000
a,b,c 0 2 4
Attempting to swapping charges of molecule  0 at 2 , 2 , 2  and molecule  0 at 0 , 2 , 4 .
cenpos [2, 2, 2]
maxTVs:  2
nVs:  4
No molecule in 2nd position.
Reorg:  []
lengths [6, 6, 6]
Sat, 21 Jun 2014 02:19:41 +0000
a,b,c 0 3 0
Attempting to swapping charges of molecule  0 at 2 , 2 , 2  and molecule  0 at 0 , 3 , 0 .
cenpos [2, 2, 2]
maxTVs:  2
nVs:  5
No molecule in 2nd position.
Reorg:  []
lengths [6, 6, 6]
Sat, 21 Jun 2014 02:19:41 +0000
a,b,c 0 3 1
Attempting to swapping charges of molecule  0 at 2 , 2 , 2  and molecule  0 at 0 , 3 , 1 .
cenpos [2, 2, 2]
maxTVs:  2
nVs:  4
No molecule in 2nd position.
Reorg:  []
lengths [6, 6, 6]
Sat, 21 Jun 2014 02:19:41 +0000
a,b,c 0 3 2
Attempting to swapping charges of molecule  0 at 2 , 2 , 2  and molecule  0 at 0 , 3 , 2 .
cenpos [2, 2, 2]
maxTVs:  2
nVs:  3
No molecule in 2nd position.
Reorg:  []
lengths [6, 6, 6]
Sat, 21 Jun 2014 02:19:41 +0000
a,b,c 0 3 3
Attempting to swapping charges of molecule  0 at 2 , 2 , 2  and molecule  0 at 0 , 3 , 3 .
cenpos [2, 2, 2]
maxTVs:  2
nVs:  4
No molecule in 2nd position.
Reorg:  []
lengths [6, 6, 6]
Sat, 21 Jun 2014 02:19:41 +0000
a,b,c 0 3 4
Attempting to swapping charges of molecule  0 at 2 , 2 , 2  and molecule  0 at 0 , 3 , 4 .
cenpos [2, 2, 2]
maxTVs:  2
nVs:  5
No molecule in 2nd position.
Reorg:  []
lengths [6, 6, 6]
Sat, 21 Jun 2014 02:19:41 +0000
a,b,c 0 4 0
Attempting to swapping charges of molecule  0 at 2 , 2 , 2  and molecule  0 at 0 , 4 , 0 .
cenpos [2, 2, 2]
maxTVs:  2
nVs:  6
No molecule in 2nd position.
Reorg:  []
lengths [6, 6, 6]
Sat, 21 Jun 2014 02:19:41 +0000
a,b,c 0 4 1
Attempting to swapping charges of molecule  0 at 2 , 2 , 2  and molecule  0 at 0 , 4 , 1 .
cenpos [2, 2, 2]
maxTVs:  2
nVs:  5
No molecule in 2nd position.
Reorg:  []
lengths [6, 6, 6]
Sat, 21 Jun 2014 02:19:41 +0000
a,b,c 0 4 2
Attempting to swapping charges of molecule  0 at 2 , 2 , 2  and molecule  0 at 0 , 4 , 2 .
cenpos [2, 2, 2]
maxTVs:  2
nVs:  4
No molecule in 2nd position.
Reorg:  []
lengths [6, 6, 6]
Sat, 21 Jun 2014 02:19:41 +0000
a,b,c 0 4 3
Attempting to swapping charges of molecule  0 at 2 , 2 , 2  and molecule  0 at 0 , 4 , 3 .
cenpos [2, 2, 2]
maxTVs:  2
nVs:  5
No molecule in 2nd position.
Reorg:  []
lengths [6, 6, 6]
Sat, 21 Jun 2014 02:19:41 +0000
a,b,c 0 4 4
Attempting to swapping charges of molecule  0 at 2 , 2 , 2  and molecule  0 at 0 , 4 , 4 .
cenpos [2, 2, 2]
maxTVs:  2
nVs:  6
No molecule in 2nd position.
Reorg:  []
lengths [6, 6, 6]
Sat, 21 Jun 2014 02:19:41 +0000
a,b,c 1 0 0
Attempting to swapping charges of molecule  0 at 2 , 2 , 2  and molecule  0 at 1 , 0 , 0 .
cenpos [2, 2, 2]
maxTVs:  2
nVs:  5
No molecule in 2nd position.
Reorg:  []
lengths [6, 6, 6]
Sat, 21 Jun 2014 02:19:41 +0000
a,b,c 1 0 1
Attempting to swapping charges of molecule  0 at 2 , 2 , 2  and molecule  0 at 1 , 0 , 1 .
cenpos [2, 2, 2]
maxTVs:  2
nVs:  4
No molecule in 2nd position.
Reorg:  []
lengths [6, 6, 6]
Sat, 21 Jun 2014 02:19:41 +0000
a,b,c 1 0 2
Attempting to swapping charges of molecule  0 at 2 , 2 , 2  and molecule  0 at 1 , 0 , 2 .
cenpos [2, 2, 2]
maxTVs:  2
nVs:  3
No molecule in 2nd position.
Reorg:  []
lengths [6, 6, 6]
Sat, 21 Jun 2014 02:19:41 +0000
a,b,c 1 0 3
Attempting to swapping charges of molecule  0 at 2 , 2 , 2  and molecule  0 at 1 , 0 , 3 .
cenpos [2, 2, 2]
maxTVs:  2
nVs:  4
No molecule in 2nd position.
Reorg:  []
lengths [6, 6, 6]
Sat, 21 Jun 2014 02:19:41 +0000
a,b,c 1 0 4
Attempting to swapping charges of molecule  0 at 2 , 2 , 2  and molecule  0 at 1 , 0 , 4 .
cenpos [2, 2, 2]
maxTVs:  2
nVs:  5
No molecule in 2nd position.
Reorg:  []
lengths [6, 6, 6]
Sat, 21 Jun 2014 02:19:42 +0000
a,b,c 1 1 0
Attempting to swapping charges of molecule  0 at 2 , 2 , 2  and molecule  0 at 1 , 1 , 0 .
cenpos [2, 2, 2]
maxTVs:  2
nVs:  4
No molecule in 2nd position.
Reorg:  []
lengths [6, 6, 6]
Sat, 21 Jun 2014 02:19:42 +0000
a,b,c 1 1 1
Attempting to swapping charges of molecule  0 at 2 , 2 , 2  and molecule  0 at 1 , 1 , 1 .
cenpos [2, 2, 2]
maxTVs:  2
nVs:  3
No molecule in 2nd position.
Reorg:  []
lengths [6, 6, 6]
Sat, 21 Jun 2014 02:19:42 +0000
a,b,c 1 1 2
Attempting to swapping charges of molecule  0 at 2 , 2 , 2  and molecule  0 at 1 , 1 , 2 .
cenpos [2, 2, 2]
maxTVs:  2
nVs:  2
Already Calculated
Reorg:  0.417233058407
lengths [6, 6, 6]
Sat, 21 Jun 2014 02:19:42 +0000
a,b,c 1 1 3
Attempting to swapping charges of molecule  0 at 2 , 2 , 2  and molecule  0 at 1 , 1 , 3 .
cenpos [2, 2, 2]
maxTVs:  2
nVs:  3
No molecule in 2nd position.
Reorg:  []
lengths [6, 6, 6]
Sat, 21 Jun 2014 02:19:42 +0000
a,b,c 1 1 4
Attempting to swapping charges of molecule  0 at 2 , 2 , 2  and molecule  0 at 1 , 1 , 4 .
cenpos [2, 2, 2]
maxTVs:  2
nVs:  4
No molecule in 2nd position.
Reorg:  []
lengths [6, 6, 6]
Sat, 21 Jun 2014 02:19:42 +0000
a,b,c 1 2 0
Attempting to swapping charges of molecule  0 at 2 , 2 , 2  and molecule  0 at 1 , 2 , 0 .
cenpos [2, 2, 2]
maxTVs:  2
nVs:  3
No molecule in 2nd position.
Reorg:  []
lengths [6, 6, 6]
Sat, 21 Jun 2014 02:19:42 +0000
a,b,c 1 2 1
Attempting to swapping charges of molecule  0 at 2 , 2 , 2  and molecule  0 at 1 , 2 , 1 .
cenpos [2, 2, 2]
maxTVs:  2
nVs:  2
Already Calculated
Reorg:  0.487968538394
lengths [6, 6, 6]
Sat, 21 Jun 2014 02:19:42 +0000
a,b,c 1 2 2
Attempting to swapping charges of molecule  0 at 2 , 2 , 2  and molecule  0 at 1 , 2 , 2 .
cenpos [2, 2, 2]
maxTVs:  2
nVs:  1
Already Calculated
Reorg:  0.243957617686
lengths [6, 6, 6]
Sat, 21 Jun 2014 02:19:42 +0000
a,b,c 1 2 3
Attempting to swapping charges of molecule  0 at 2 , 2 , 2  and molecule  0 at 1 , 2 , 3 .
cenpos [2, 2, 2]
maxTVs:  2
nVs:  2
Already Calculated
Reorg:  0.471617707636
lengths [6, 6, 6]
Sat, 21 Jun 2014 02:19:42 +0000
a,b,c 1 2 4
Attempting to swapping charges of molecule  0 at 2 , 2 , 2  and molecule  0 at 1 , 2 , 4 .
cenpos [2, 2, 2]
maxTVs:  2
nVs:  3
No molecule in 2nd position.
Reorg:  []
lengths [6, 6, 6]
Sat, 21 Jun 2014 02:19:42 +0000
a,b,c 1 3 0
Attempting to swapping charges of molecule  0 at 2 , 2 , 2  and molecule  0 at 1 , 3 , 0 .
cenpos [2, 2, 2]
maxTVs:  2
nVs:  4
No molecule in 2nd position.
Reorg:  []
lengths [6, 6, 6]
Sat, 21 Jun 2014 02:19:42 +0000
a,b,c 1 3 1
Attempting to swapping charges of molecule  0 at 2 , 2 , 2  and molecule  0 at 1 , 3 , 1 .
cenpos [2, 2, 2]
maxTVs:  2
nVs:  3
No molecule in 2nd position.
Reorg:  []
lengths [6, 6, 6]
Sat, 21 Jun 2014 02:19:42 +0000
a,b,c 1 3 2
Attempting to swapping charges of molecule  0 at 2 , 2 , 2  and molecule  0 at 1 , 3 , 2 .
cenpos [2, 2, 2]
maxTVs:  2
nVs:  2
Already Calculated
Reorg:  0.306419910773
lengths [6, 6, 6]
Sat, 21 Jun 2014 02:19:42 +0000
a,b,c 1 3 3
Attempting to swapping charges of molecule  0 at 2 , 2 , 2  and molecule  0 at 1 , 3 , 3 .
cenpos [2, 2, 2]
maxTVs:  2
nVs:  3
No molecule in 2nd position.
Reorg:  []
lengths [6, 6, 6]
Sat, 21 Jun 2014 02:19:42 +0000
a,b,c 1 3 4
Attempting to swapping charges of molecule  0 at 2 , 2 , 2  and molecule  0 at 1 , 3 , 4 .
cenpos [2, 2, 2]
maxTVs:  2
nVs:  4
No molecule in 2nd position.
Reorg:  []
lengths [6, 6, 6]
Sat, 21 Jun 2014 02:19:42 +0000
a,b,c 1 4 0
Attempting to swapping charges of molecule  0 at 2 , 2 , 2  and molecule  0 at 1 , 4 , 0 .
cenpos [2, 2, 2]
maxTVs:  2
nVs:  5
No molecule in 2nd position.
Reorg:  []
lengths [6, 6, 6]
Sat, 21 Jun 2014 02:19:42 +0000
a,b,c 1 4 1
Attempting to swapping charges of molecule  0 at 2 , 2 , 2  and molecule  0 at 1 , 4 , 1 .
cenpos [2, 2, 2]
maxTVs:  2
nVs:  4
No molecule in 2nd position.
Reorg:  []
lengths [6, 6, 6]
Sat, 21 Jun 2014 02:19:43 +0000
a,b,c 1 4 2
Attempting to swapping charges of molecule  0 at 2 , 2 , 2  and molecule  0 at 1 , 4 , 2 .
cenpos [2, 2, 2]
maxTVs:  2
nVs:  3
No molecule in 2nd position.
Reorg:  []
lengths [6, 6, 6]
Sat, 21 Jun 2014 02:19:43 +0000
a,b,c 1 4 3
Attempting to swapping charges of molecule  0 at 2 , 2 , 2  and molecule  0 at 1 , 4 , 3 .
cenpos [2, 2, 2]
maxTVs:  2
nVs:  4
No molecule in 2nd position.
Reorg:  []
lengths [6, 6, 6]
Sat, 21 Jun 2014 02:19:43 +0000
a,b,c 1 4 4
Attempting to swapping charges of molecule  0 at 2 , 2 , 2  and molecule  0 at 1 , 4 , 4 .
cenpos [2, 2, 2]
maxTVs:  2
nVs:  5
No molecule in 2nd position.
Reorg:  []
lengths [6, 6, 6]
Sat, 21 Jun 2014 02:19:43 +0000
a,b,c 2 0 0
Attempting to swapping charges of molecule  0 at 2 , 2 , 2  and molecule  0 at 2 , 0 , 0 .
cenpos [2, 2, 2]
maxTVs:  2
nVs:  4
No molecule in 2nd position.
Reorg:  []
lengths [6, 6, 6]
Sat, 21 Jun 2014 02:19:43 +0000
a,b,c 2 0 1
Attempting to swapping charges of molecule  0 at 2 , 2 , 2  and molecule  0 at 2 , 0 , 1 .
cenpos [2, 2, 2]
maxTVs:  2
nVs:  3
No molecule in 2nd position.
Reorg:  []
lengths [6, 6, 6]
Sat, 21 Jun 2014 02:19:43 +0000
a,b,c 2 0 2
Attempting to swapping charges of molecule  0 at 2 , 2 , 2  and molecule  0 at 2 , 0 , 2 .
cenpos [2, 2, 2]
maxTVs:  2
nVs:  2
charges split: 0.5 0.5
charges still split: 0.5 0.5
Olduqd  -1.69454546179 , Newuqd -0.626280217441 .
Success.
Reorg:  0.534132622175
lengths [6, 6, 6]
Sat, 21 Jun 2014 02:19:43 +0000
a,b,c 2 0 3
Attempting to swapping charges of molecule  0 at 2 , 2 , 2  and molecule  0 at 2 , 0 , 3 .
cenpos [2, 2, 2]
maxTVs:  2
nVs:  3
No molecule in 2nd position.
Reorg:  []
lengths [6, 6, 6]
Sat, 21 Jun 2014 02:19:43 +0000
a,b,c 2 0 4
Attempting to swapping charges of molecule  0 at 2 , 2 , 2  and molecule  0 at 2 , 0 , 4 .
cenpos [2, 2, 2]
maxTVs:  2
nVs:  4
No molecule in 2nd position.
Reorg:  []
lengths [6, 6, 6]
Sat, 21 Jun 2014 02:19:43 +0000
a,b,c 2 1 0
Attempting to swapping charges of molecule  0 at 2 , 2 , 2  and molecule  0 at 2 , 1 , 0 .
cenpos [2, 2, 2]
maxTVs:  2
nVs:  3
No molecule in 2nd position.
Reorg:  []
lengths [6, 6, 6]
Sat, 21 Jun 2014 02:19:43 +0000
a,b,c 2 1 1
Attempting to swapping charges of molecule  0 at 2 , 2 , 2  and molecule  0 at 2 , 1 , 1 .
cenpos [2, 2, 2]
maxTVs:  2
nVs:  2
Already Calculated
Reorg:  0.504848813053
lengths [6, 6, 6]
Sat, 21 Jun 2014 02:19:43 +0000
a,b,c 2 1 2
Attempting to swapping charges of molecule  0 at 2 , 2 , 2  and molecule  0 at 2 , 1 , 2 .
cenpos [2, 2, 2]
maxTVs:  2
nVs:  1
Already Calculated
Reorg:  0.259121236298
lengths [6, 6, 6]
Sat, 21 Jun 2014 02:19:43 +0000
a,b,c 2 1 3
Attempting to swapping charges of molecule  0 at 2 , 2 , 2  and molecule  0 at 2 , 1 , 3 .
cenpos [2, 2, 2]
maxTVs:  2
nVs:  2
Already Calculated
Reorg:  0.491776776972
lengths [6, 6, 6]
Sat, 21 Jun 2014 02:19:43 +0000
a,b,c 2 1 4
Attempting to swapping charges of molecule  0 at 2 , 2 , 2  and molecule  0 at 2 , 1 , 4 .
cenpos [2, 2, 2]
maxTVs:  2
nVs:  3
No molecule in 2nd position.
Reorg:  []
lengths [6, 6, 6]
Sat, 21 Jun 2014 02:19:43 +0000
a,b,c 2 2 0
Attempting to swapping charges of molecule  0 at 2 , 2 , 2  and molecule  0 at 2 , 2 , 0 .
cenpos [2, 2, 2]
maxTVs:  2
nVs:  2
charges split: 0.5 0.5
charges still split: 0.5 0.5
Olduqd  -1.69454546179 , Newuqd -0.444524350932 .
Success.
Reorg:  0.62501055543
lengths [6, 6, 6]
Sat, 21 Jun 2014 02:19:43 +0000
a,b,c 2 2 1
Attempting to swapping charges of molecule  0 at 2 , 2 , 2  and molecule  0 at 2 , 2 , 1 .
cenpos [2, 2, 2]
maxTVs:  2
nVs:  1
Already Calculated
Reorg:  0.425993197726
lengths [6, 6, 6]
Sat, 21 Jun 2014 02:19:44 +0000
a,b,c 2 2 2
Attempting to swapping charges of molecule  0 at 2 , 2 , 2  and molecule  0 at 2 , 2 , 2 .
cenpos [2, 2, 2]
maxTVs:  2
nVs:  0
Same Molecule
Reorg:  0.0
lengths [6, 6, 6]
Sat, 21 Jun 2014 02:19:44 +0000
a,b,c 2 2 3
Attempting to swapping charges of molecule  0 at 2 , 2 , 2  and molecule  0 at 2 , 2 , 3 .
cenpos [2, 2, 2]
maxTVs:  2
nVs:  1
Already Calculated
Reorg:  0.425993197726
lengths [6, 6, 6]
Sat, 21 Jun 2014 02:19:44 +0000
a,b,c 2 2 4
Attempting to swapping charges of molecule  0 at 2 , 2 , 2  and molecule  0 at 2 , 2 , 4 .
cenpos [2, 2, 2]
maxTVs:  2
nVs:  2
charges split: 0.5 0.5
charges still split: 0.5 0.5
Olduqd  -1.69454546179 , Newuqd -0.444524350932 .
Success.
Reorg:  0.62501055543
lengths [6, 6, 6]
Sat, 21 Jun 2014 02:19:44 +0000
a,b,c 2 3 0
Attempting to swapping charges of molecule  0 at 2 , 2 , 2  and molecule  0 at 2 , 3 , 0 .
cenpos [2, 2, 2]
maxTVs:  2
nVs:  3
No molecule in 2nd position.
Reorg:  []
lengths [6, 6, 6]
Sat, 21 Jun 2014 02:19:44 +0000
a,b,c 2 3 1
Attempting to swapping charges of molecule  0 at 2 , 2 , 2  and molecule  0 at 2 , 3 , 1 .
cenpos [2, 2, 2]
maxTVs:  2
nVs:  2
Already Calculated
Reorg:  0.491776776972
lengths [6, 6, 6]
Sat, 21 Jun 2014 02:19:44 +0000
a,b,c 2 3 2
Attempting to swapping charges of molecule  0 at 2 , 2 , 2  and molecule  0 at 2 , 3 , 2 .
cenpos [2, 2, 2]
maxTVs:  2
nVs:  1
Already Calculated
Reorg:  0.259121236298
lengths [6, 6, 6]
Sat, 21 Jun 2014 02:19:44 +0000
a,b,c 2 3 3
Attempting to swapping charges of molecule  0 at 2 , 2 , 2  and molecule  0 at 2 , 3 , 3 .
cenpos [2, 2, 2]
maxTVs:  2
nVs:  2
Already Calculated
Reorg:  0.504848813053
lengths [6, 6, 6]
Sat, 21 Jun 2014 02:19:44 +0000
a,b,c 2 3 4
Attempting to swapping charges of molecule  0 at 2 , 2 , 2  and molecule  0 at 2 , 3 , 4 .
cenpos [2, 2, 2]
maxTVs:  2
nVs:  3
No molecule in 2nd position.
Reorg:  []
lengths [6, 6, 6]
Sat, 21 Jun 2014 02:19:44 +0000
a,b,c 2 4 0
Attempting to swapping charges of molecule  0 at 2 , 2 , 2  and molecule  0 at 2 , 4 , 0 .
cenpos [2, 2, 2]
maxTVs:  2
nVs:  4
No molecule in 2nd position.
Reorg:  []
lengths [6, 6, 6]
Sat, 21 Jun 2014 02:19:44 +0000
a,b,c 2 4 1
Attempting to swapping charges of molecule  0 at 2 , 2 , 2  and molecule  0 at 2 , 4 , 1 .
cenpos [2, 2, 2]
maxTVs:  2
nVs:  3
No molecule in 2nd position.
Reorg:  []
lengths [6, 6, 6]
Sat, 21 Jun 2014 02:19:44 +0000
a,b,c 2 4 2
Attempting to swapping charges of molecule  0 at 2 , 2 , 2  and molecule  0 at 2 , 4 , 2 .
cenpos [2, 2, 2]
maxTVs:  2
nVs:  2
charges split: 0.5 0.5
charges still split: 0.5 0.5
Olduqd  -1.69454546179 , Newuqd -0.626280217441 .
Success.
Reorg:  0.534132622175
lengths [6, 6, 6]
Sat, 21 Jun 2014 02:19:44 +0000
a,b,c 2 4 3
Attempting to swapping charges of molecule  0 at 2 , 2 , 2  and molecule  0 at 2 , 4 , 3 .
cenpos [2, 2, 2]
maxTVs:  2
nVs:  3
No molecule in 2nd position.
Reorg:  []
lengths [6, 6, 6]
Sat, 21 Jun 2014 02:19:44 +0000
a,b,c 2 4 4
Attempting to swapping charges of molecule  0 at 2 , 2 , 2  and molecule  0 at 2 , 4 , 4 .
cenpos [2, 2, 2]
maxTVs:  2
nVs:  4
No molecule in 2nd position.
Reorg:  []
lengths [6, 6, 6]
Sat, 21 Jun 2014 02:19:45 +0000
a,b,c 3 0 0
Attempting to swapping charges of molecule  0 at 2 , 2 , 2  and molecule  0 at 3 , 0 , 0 .
cenpos [2, 2, 2]
maxTVs:  2
nVs:  5
No molecule in 2nd position.
Reorg:  []
lengths [6, 6, 6]
Sat, 21 Jun 2014 02:19:45 +0000
a,b,c 3 0 1
Attempting to swapping charges of molecule  0 at 2 , 2 , 2  and molecule  0 at 3 , 0 , 1 .
cenpos [2, 2, 2]
maxTVs:  2
nVs:  4
No molecule in 2nd position.
Reorg:  []
lengths [6, 6, 6]
Sat, 21 Jun 2014 02:19:45 +0000
a,b,c 3 0 2
Attempting to swapping charges of molecule  0 at 2 , 2 , 2  and molecule  0 at 3 , 0 , 2 .
cenpos [2, 2, 2]
maxTVs:  2
nVs:  3
No molecule in 2nd position.
Reorg:  []
lengths [6, 6, 6]
Sat, 21 Jun 2014 02:19:45 +0000
a,b,c 3 0 3
Attempting to swapping charges of molecule  0 at 2 , 2 , 2  and molecule  0 at 3 , 0 , 3 .
cenpos [2, 2, 2]
maxTVs:  2
nVs:  4
No molecule in 2nd position.
Reorg:  []
lengths [6, 6, 6]
Sat, 21 Jun 2014 02:19:45 +0000
a,b,c 3 0 4
Attempting to swapping charges of molecule  0 at 2 , 2 , 2  and molecule  0 at 3 , 0 , 4 .
cenpos [2, 2, 2]
maxTVs:  2
nVs:  5
No molecule in 2nd position.
Reorg:  []
lengths [6, 6, 6]
Sat, 21 Jun 2014 02:19:45 +0000
a,b,c 3 1 0
Attempting to swapping charges of molecule  0 at 2 , 2 , 2  and molecule  0 at 3 , 1 , 0 .
cenpos [2, 2, 2]
maxTVs:  2
nVs:  4
No molecule in 2nd position.
Reorg:  []
lengths [6, 6, 6]
Sat, 21 Jun 2014 02:19:45 +0000
a,b,c 3 1 1
Attempting to swapping charges of molecule  0 at 2 , 2 , 2  and molecule  0 at 3 , 1 , 1 .
cenpos [2, 2, 2]
maxTVs:  2
nVs:  3
No molecule in 2nd position.
Reorg:  []
lengths [6, 6, 6]
Sat, 21 Jun 2014 02:19:45 +0000
a,b,c 3 1 2
Attempting to swapping charges of molecule  0 at 2 , 2 , 2  and molecule  0 at 3 , 1 , 2 .
cenpos [2, 2, 2]
maxTVs:  2
nVs:  2
Already Calculated
Reorg:  0.306419910773
lengths [6, 6, 6]
Sat, 21 Jun 2014 02:19:45 +0000
a,b,c 3 1 3
Attempting to swapping charges of molecule  0 at 2 , 2 , 2  and molecule  0 at 3 , 1 , 3 .
cenpos [2, 2, 2]
maxTVs:  2
nVs:  3
No molecule in 2nd position.
Reorg:  []
lengths [6, 6, 6]
Sat, 21 Jun 2014 02:19:45 +0000
a,b,c 3 1 4
Attempting to swapping charges of molecule  0 at 2 , 2 , 2  and molecule  0 at 3 , 1 , 4 .
cenpos [2, 2, 2]
maxTVs:  2
nVs:  4
No molecule in 2nd position.
Reorg:  []
lengths [6, 6, 6]
Sat, 21 Jun 2014 02:19:45 +0000
a,b,c 3 2 0
Attempting to swapping charges of molecule  0 at 2 , 2 , 2  and molecule  0 at 3 , 2 , 0 .
cenpos [2, 2, 2]
maxTVs:  2
nVs:  3
No molecule in 2nd position.
Reorg:  []
lengths [6, 6, 6]
Sat, 21 Jun 2014 02:19:45 +0000
a,b,c 3 2 1
Attempting to swapping charges of molecule  0 at 2 , 2 , 2  and molecule  0 at 3 , 2 , 1 .
cenpos [2, 2, 2]
maxTVs:  2
nVs:  2
Already Calculated
Reorg:  0.471617707636
lengths [6, 6, 6]
Sat, 21 Jun 2014 02:19:45 +0000
a,b,c 3 2 2
Attempting to swapping charges of molecule  0 at 2 , 2 , 2  and molecule  0 at 3 , 2 , 2 .
cenpos [2, 2, 2]
maxTVs:  2
nVs:  1
Already Calculated
Reorg:  0.243957617686
lengths [6, 6, 6]
Sat, 21 Jun 2014 02:19:45 +0000
a,b,c 3 2 3
Attempting to swapping charges of molecule  0 at 2 , 2 , 2  and molecule  0 at 3 , 2 , 3 .
cenpos [2, 2, 2]
maxTVs:  2
nVs:  2
Already Calculated
Reorg:  0.487968538394
lengths [6, 6, 6]
Sat, 21 Jun 2014 02:19:45 +0000
a,b,c 3 2 4
Attempting to swapping charges of molecule  0 at 2 , 2 , 2  and molecule  0 at 3 , 2 , 4 .
cenpos [2, 2, 2]
maxTVs:  2
nVs:  3
No molecule in 2nd position.
Reorg:  []
lengths [6, 6, 6]
Sat, 21 Jun 2014 02:19:45 +0000
a,b,c 3 3 0
Attempting to swapping charges of molecule  0 at 2 , 2 , 2  and molecule  0 at 3 , 3 , 0 .
cenpos [2, 2, 2]
maxTVs:  2
nVs:  4
No molecule in 2nd position.
Reorg:  []
lengths [6, 6, 6]
Sat, 21 Jun 2014 02:19:46 +0000
a,b,c 3 3 1
Attempting to swapping charges of molecule  0 at 2 , 2 , 2  and molecule  0 at 3 , 3 , 1 .
cenpos [2, 2, 2]
maxTVs:  2
nVs:  3
No molecule in 2nd position.
Reorg:  []
lengths [6, 6, 6]
Sat, 21 Jun 2014 02:19:46 +0000
a,b,c 3 3 2
Attempting to swapping charges of molecule  0 at 2 , 2 , 2  and molecule  0 at 3 , 3 , 2 .
cenpos [2, 2, 2]
maxTVs:  2
nVs:  2
Already Calculated
Reorg:  0.417233058407
lengths [6, 6, 6]
Sat, 21 Jun 2014 02:19:46 +0000
a,b,c 3 3 3
Attempting to swapping charges of molecule  0 at 2 , 2 , 2  and molecule  0 at 3 , 3 , 3 .
cenpos [2, 2, 2]
maxTVs:  2
nVs:  3
No molecule in 2nd position.
Reorg:  []
lengths [6, 6, 6]
Sat, 21 Jun 2014 02:19:46 +0000
a,b,c 3 3 4
Attempting to swapping charges of molecule  0 at 2 , 2 , 2  and molecule  0 at 3 , 3 , 4 .
cenpos [2, 2, 2]
maxTVs:  2
nVs:  4
No molecule in 2nd position.
Reorg:  []
lengths [6, 6, 6]
Sat, 21 Jun 2014 02:19:46 +0000
a,b,c 3 4 0
Attempting to swapping charges of molecule  0 at 2 , 2 , 2  and molecule  0 at 3 , 4 , 0 .
cenpos [2, 2, 2]
maxTVs:  2
nVs:  5
No molecule in 2nd position.
Reorg:  []
lengths [6, 6, 6]
Sat, 21 Jun 2014 02:19:46 +0000
a,b,c 3 4 1
Attempting to swapping charges of molecule  0 at 2 , 2 , 2  and molecule  0 at 3 , 4 , 1 .
cenpos [2, 2, 2]
maxTVs:  2
nVs:  4
No molecule in 2nd position.
Reorg:  []
lengths [6, 6, 6]
Sat, 21 Jun 2014 02:19:46 +0000
a,b,c 3 4 2
Attempting to swapping charges of molecule  0 at 2 , 2 , 2  and molecule  0 at 3 , 4 , 2 .
cenpos [2, 2, 2]
maxTVs:  2
nVs:  3
No molecule in 2nd position.
Reorg:  []
lengths [6, 6, 6]
Sat, 21 Jun 2014 02:19:46 +0000
a,b,c 3 4 3
Attempting to swapping charges of molecule  0 at 2 , 2 , 2  and molecule  0 at 3 , 4 , 3 .
cenpos [2, 2, 2]
maxTVs:  2
nVs:  4
No molecule in 2nd position.
Reorg:  []
lengths [6, 6, 6]
Sat, 21 Jun 2014 02:19:46 +0000
a,b,c 3 4 4
Attempting to swapping charges of molecule  0 at 2 , 2 , 2  and molecule  0 at 3 , 4 , 4 .
cenpos [2, 2, 2]
maxTVs:  2
nVs:  5
No molecule in 2nd position.
Reorg:  []
lengths [6, 6, 6]
Sat, 21 Jun 2014 02:19:46 +0000
a,b,c 4 0 0
Attempting to swapping charges of molecule  0 at 2 , 2 , 2  and molecule  0 at 4 , 0 , 0 .
cenpos [2, 2, 2]
maxTVs:  2
nVs:  6
No molecule in 2nd position.
Reorg:  []
lengths [6, 6, 6]
Sat, 21 Jun 2014 02:19:46 +0000
a,b,c 4 0 1
Attempting to swapping charges of molecule  0 at 2 , 2 , 2  and molecule  0 at 4 , 0 , 1 .
cenpos [2, 2, 2]
maxTVs:  2
nVs:  5
No molecule in 2nd position.
Reorg:  []
lengths [6, 6, 6]
Sat, 21 Jun 2014 02:19:46 +0000
a,b,c 4 0 2
Attempting to swapping charges of molecule  0 at 2 , 2 , 2  and molecule  0 at 4 , 0 , 2 .
cenpos [2, 2, 2]
maxTVs:  2
nVs:  4
No molecule in 2nd position.
Reorg:  []
lengths [6, 6, 6]
Sat, 21 Jun 2014 02:19:46 +0000
a,b,c 4 0 3
Attempting to swapping charges of molecule  0 at 2 , 2 , 2  and molecule  0 at 4 , 0 , 3 .
cenpos [2, 2, 2]
maxTVs:  2
nVs:  5
No molecule in 2nd position.
Reorg:  []
lengths [6, 6, 6]
Sat, 21 Jun 2014 02:19:46 +0000
a,b,c 4 0 4
Attempting to swapping charges of molecule  0 at 2 , 2 , 2  and molecule  0 at 4 , 0 , 4 .
cenpos [2, 2, 2]
maxTVs:  2
nVs:  6
No molecule in 2nd position.
Reorg:  []
lengths [6, 6, 6]
Sat, 21 Jun 2014 02:19:46 +0000
a,b,c 4 1 0
Attempting to swapping charges of molecule  0 at 2 , 2 , 2  and molecule  0 at 4 , 1 , 0 .
cenpos [2, 2, 2]
maxTVs:  2
nVs:  5
No molecule in 2nd position.
Reorg:  []
lengths [6, 6, 6]
Sat, 21 Jun 2014 02:19:46 +0000
a,b,c 4 1 1
Attempting to swapping charges of molecule  0 at 2 , 2 , 2  and molecule  0 at 4 , 1 , 1 .
cenpos [2, 2, 2]
maxTVs:  2
nVs:  4
No molecule in 2nd position.
Reorg:  []
lengths [6, 6, 6]
Sat, 21 Jun 2014 02:19:46 +0000
a,b,c 4 1 2
Attempting to swapping charges of molecule  0 at 2 , 2 , 2  and molecule  0 at 4 , 1 , 2 .
cenpos [2, 2, 2]
maxTVs:  2
nVs:  3
No molecule in 2nd position.
Reorg:  []
lengths [6, 6, 6]
Sat, 21 Jun 2014 02:19:46 +0000
a,b,c 4 1 3
Attempting to swapping charges of molecule  0 at 2 , 2 , 2  and molecule  0 at 4 , 1 , 3 .
cenpos [2, 2, 2]
maxTVs:  2
nVs:  4
No molecule in 2nd position.
Reorg:  []
lengths [6, 6, 6]
Sat, 21 Jun 2014 02:19:47 +0000
a,b,c 4 1 4
Attempting to swapping charges of molecule  0 at 2 , 2 , 2  and molecule  0 at 4 , 1 , 4 .
cenpos [2, 2, 2]
maxTVs:  2
nVs:  5
No molecule in 2nd position.
Reorg:  []
lengths [6, 6, 6]
Sat, 21 Jun 2014 02:19:47 +0000
a,b,c 4 2 0
Attempting to swapping charges of molecule  0 at 2 , 2 , 2  and molecule  0 at 4 , 2 , 0 .
cenpos [2, 2, 2]
maxTVs:  2
nVs:  4
No molecule in 2nd position.
Reorg:  []
lengths [6, 6, 6]
Sat, 21 Jun 2014 02:19:47 +0000
a,b,c 4 2 1
Attempting to swapping charges of molecule  0 at 2 , 2 , 2  and molecule  0 at 4 , 2 , 1 .
cenpos [2, 2, 2]
maxTVs:  2
nVs:  3
No molecule in 2nd position.
Reorg:  []
lengths [6, 6, 6]
Sat, 21 Jun 2014 02:19:47 +0000
a,b,c 4 2 2
Attempting to swapping charges of molecule  0 at 2 , 2 , 2  and molecule  0 at 4 , 2 , 2 .
cenpos [2, 2, 2]
maxTVs:  2
nVs:  2
charges split: 0.5 0.5
charges still split: 0.5 0.5
Olduqd  -1.69454546179 , Newuqd -0.666919639461 .
Success.
Reorg:  0.513812911165
lengths [6, 6, 6]
Sat, 21 Jun 2014 02:19:47 +0000
a,b,c 4 2 3
Attempting to swapping charges of molecule  0 at 2 , 2 , 2  and molecule  0 at 4 , 2 , 3 .
cenpos [2, 2, 2]
maxTVs:  2
nVs:  3
No molecule in 2nd position.
Reorg:  []
lengths [6, 6, 6]
Sat, 21 Jun 2014 02:19:47 +0000
a,b,c 4 2 4
Attempting to swapping charges of molecule  0 at 2 , 2 , 2  and molecule  0 at 4 , 2 , 4 .
cenpos [2, 2, 2]
maxTVs:  2
nVs:  4
No molecule in 2nd position.
Reorg:  []
lengths [6, 6, 6]
Sat, 21 Jun 2014 02:19:47 +0000
a,b,c 4 3 0
Attempting to swapping charges of molecule  0 at 2 , 2 , 2  and molecule  0 at 4 , 3 , 0 .
cenpos [2, 2, 2]
maxTVs:  2
nVs:  5
No molecule in 2nd position.
Reorg:  []
lengths [6, 6, 6]
Sat, 21 Jun 2014 02:19:47 +0000
a,b,c 4 3 1
Attempting to swapping charges of molecule  0 at 2 , 2 , 2  and molecule  0 at 4 , 3 , 1 .
cenpos [2, 2, 2]
maxTVs:  2
nVs:  4
No molecule in 2nd position.
Reorg:  []
lengths [6, 6, 6]
Sat, 21 Jun 2014 02:19:47 +0000
a,b,c 4 3 2
Attempting to swapping charges of molecule  0 at 2 , 2 , 2  and molecule  0 at 4 , 3 , 2 .
cenpos [2, 2, 2]
maxTVs:  2
nVs:  3
No molecule in 2nd position.
Reorg:  []
lengths [6, 6, 6]
Sat, 21 Jun 2014 02:19:47 +0000
a,b,c 4 3 3
Attempting to swapping charges of molecule  0 at 2 , 2 , 2  and molecule  0 at 4 , 3 , 3 .
cenpos [2, 2, 2]
maxTVs:  2
nVs:  4
No molecule in 2nd position.
Reorg:  []
lengths [6, 6, 6]
Sat, 21 Jun 2014 02:19:47 +0000
a,b,c 4 3 4
Attempting to swapping charges of molecule  0 at 2 , 2 , 2  and molecule  0 at 4 , 3 , 4 .
cenpos [2, 2, 2]
maxTVs:  2
nVs:  5
No molecule in 2nd position.
Reorg:  []
lengths [6, 6, 6]
Sat, 21 Jun 2014 02:19:47 +0000
a,b,c 4 4 0
Attempting to swapping charges of molecule  0 at 2 , 2 , 2  and molecule  0 at 4 , 4 , 0 .
cenpos [2, 2, 2]
maxTVs:  2
nVs:  6
No molecule in 2nd position.
Reorg:  []
lengths [6, 6, 6]
Sat, 21 Jun 2014 02:19:47 +0000
a,b,c 4 4 1
Attempting to swapping charges of molecule  0 at 2 , 2 , 2  and molecule  0 at 4 , 4 , 1 .
cenpos [2, 2, 2]
maxTVs:  2
nVs:  5
No molecule in 2nd position.
Reorg:  []
lengths [6, 6, 6]
Sat, 21 Jun 2014 02:19:47 +0000
a,b,c 4 4 2
Attempting to swapping charges of molecule  0 at 2 , 2 , 2  and molecule  0 at 4 , 4 , 2 .
cenpos [2, 2, 2]
maxTVs:  2
nVs:  4
No molecule in 2nd position.
Reorg:  []
lengths [6, 6, 6]
Sat, 21 Jun 2014 02:19:47 +0000
a,b,c 4 4 3
Attempting to swapping charges of molecule  0 at 2 , 2 , 2  and molecule  0 at 4 , 4 , 3 .
cenpos [2, 2, 2]
maxTVs:  2
nVs:  5
No molecule in 2nd position.
Reorg:  []
lengths [6, 6, 6]
Sat, 21 Jun 2014 02:19:47 +0000
a,b,c 4 4 4
Attempting to swapping charges of molecule  0 at 2 , 2 , 2  and molecule  0 at 4 , 4 , 4 .
cenpos [2, 2, 2]
maxTVs:  2
nVs:  6
No molecule in 2nd position.
Reorg:  []
lengths [6, 6, 6]
Job Completed Successfully.
Job terminated normally
