Sat, 21 Jun 2014 01:53:37 +0000
name:  Rubrene_cation_neut_inner2_outer0 mols_cen:  ['sp_Rubrene_mola_neut.xyz', 'sp_Rubrene_molb_neut.xyz']  mols_sur:  ['sp_Rubrene_mola_neut.xyz', 'sp_Rubrene_molb_neut.xyz']  TVs:  [[  1.35759815e+01   0.00000000e+00   0.00000000e+00]
 [  1.67011110e-15   2.72749841e+01   0.00000000e+00]
 [  3.11239614e-15   3.11239614e-15   5.08292864e+01]]
Placing Molecules.
Molecules placed.
state cation
q:  1.0
Sat, 21 Jun 2014 01:53:38 +0000
Sat, 21 Jun 2014 01:53:38 +0000
Calc jm
Sat, 21 Jun 2014 01:53:39 +0000
Calc dips:
Sat, 21 Jun 2014 01:53:39 +0000
Sat, 21 Jun 2014 01:53:39 +0000
splitting dips onto atoms
Sat, 21 Jun 2014 01:53:39 +0000
summing dips:
Sat, 21 Jun 2014 01:53:39 +0000
total dip moment [[ 2.33730285  1.42696121 -0.24083209]]
Sat, 21 Jun 2014 01:53:39 +0000
Uqq 0.0
Sat, 21 Jun 2014 01:53:39 +0000
Uqd -1.74363987851
Sat, 21 Jun 2014 01:53:39 +0000
Udd 0.871819939257
energyev -0.871819939257
Sat, 21 Jun 2014 01:53:39 +0000
Making .dat cross sections for gnuplot


DIST:  0 

Sat, 21 Jun 2014 01:53:39 +0000
a,b,c 2 2 2
Attempting to swapping charges of molecule  0 at 2 , 2 , 2  and molecule  0 at 2 , 2 , 2 .
cenpos [2, 2, 2]
maxTVs:  2
nVs:  0
Same Molecule
Reorg:  0.0
lengths [6, 6, 6]
Attempting to swapping charges of molecule  0 at 2 , 2 , 2  and molecule  1 at 2 , 2 , 2 .
cenpos [2, 2, 2]
maxTVs:  2
nVs:  0
charges split: 0.5 0.5
charges still split: 0.5 0.5
Olduqd  -1.74363987851 , Newuqd -1.15022323814 .
Success.
Reorg:  0.296708320189
lengths [6, 6, 6]


DIST:  1 

Sat, 21 Jun 2014 01:53:39 +0000
a,b,c 1 1 1
Attempting to swapping charges of molecule  0 at 2 , 2 , 2  and molecule  0 at 1 , 1 , 1 .
cenpos [2, 2, 2]
maxTVs:  2
nVs:  3
No molecule in 2nd position.
Reorg:  []
lengths [6, 6, 6]
Attempting to swapping charges of molecule  0 at 2 , 2 , 2  and molecule  1 at 1 , 1 , 1 .
cenpos [2, 2, 2]
maxTVs:  2
nVs:  3
No molecule in 2nd position.
Reorg:  []
lengths [6, 6, 6]
Sat, 21 Jun 2014 01:53:39 +0000
a,b,c 1 1 2
Attempting to swapping charges of molecule  0 at 2 , 2 , 2  and molecule  0 at 1 , 1 , 2 .
cenpos [2, 2, 2]
maxTVs:  2
nVs:  2
charges split: 0.5 0.5
charges still split: 0.5 0.5
Olduqd  -1.74363987851 , Newuqd -0.758619203215 .
Success.
Reorg:  0.49251033765
lengths [6, 6, 6]
Attempting to swapping charges of molecule  0 at 2 , 2 , 2  and molecule  1 at 1 , 1 , 2 .
cenpos [2, 2, 2]
maxTVs:  2
nVs:  2
charges split: 0.5 0.5
charges still split: 0.5 0.5
Olduqd  -1.74363987851 , Newuqd -1.20831539079 .
Success.
Reorg:  0.267662243864
lengths [6, 6, 6]
Sat, 21 Jun 2014 01:53:39 +0000
a,b,c 1 1 3
Attempting to swapping charges of molecule  0 at 2 , 2 , 2  and molecule  0 at 1 , 1 , 3 .
cenpos [2, 2, 2]
maxTVs:  2
nVs:  3
No molecule in 2nd position.
Reorg:  []
lengths [6, 6, 6]
Attempting to swapping charges of molecule  0 at 2 , 2 , 2  and molecule  1 at 1 , 1 , 3 .
cenpos [2, 2, 2]
maxTVs:  2
nVs:  3
No molecule in 2nd position.
Reorg:  []
lengths [6, 6, 6]
Sat, 21 Jun 2014 01:53:40 +0000
a,b,c 1 2 1
Attempting to swapping charges of molecule  0 at 2 , 2 , 2  and molecule  0 at 1 , 2 , 1 .
cenpos [2, 2, 2]
maxTVs:  2
nVs:  2
charges split: 0.5 0.5
charges still split: 0.5 0.5
Olduqd  -1.74363987851 , Newuqd -0.7107527838 .
Success.
Reorg:  0.516443547357
lengths [6, 6, 6]
Attempting to swapping charges of molecule  0 at 2 , 2 , 2  and molecule  1 at 1 , 2 , 1 .
cenpos [2, 2, 2]
maxTVs:  2
nVs:  2
charges split: 0.5 0.5
charges still split: 0.5 0.5
Olduqd  -1.74363987851 , Newuqd -0.786432149164 .
Success.
Reorg:  0.478603864675
lengths [6, 6, 6]
Sat, 21 Jun 2014 01:53:40 +0000
a,b,c 1 2 2
Attempting to swapping charges of molecule  0 at 2 , 2 , 2  and molecule  0 at 1 , 2 , 2 .
cenpos [2, 2, 2]
maxTVs:  2
nVs:  1
charges split: 0.5 0.5
charges still split: 0.5 0.5
Olduqd  -1.74363987851 , Newuqd -1.22571678422 .
Success.
Reorg:  0.258961547148
lengths [6, 6, 6]
Attempting to swapping charges of molecule  0 at 2 , 2 , 2  and molecule  1 at 1 , 2 , 2 .
cenpos [2, 2, 2]
maxTVs:  2
nVs:  1
charges split: 0.5 0.5
charges still split: 0.5 0.5
Olduqd  -1.74363987851 , Newuqd -1.25832546976 .
Success.
Reorg:  0.242657204378
lengths [6, 6, 6]
Sat, 21 Jun 2014 01:53:40 +0000
a,b,c 1 2 3
Attempting to swapping charges of molecule  0 at 2 , 2 , 2  and molecule  0 at 1 , 2 , 3 .
cenpos [2, 2, 2]
maxTVs:  2
nVs:  2
charges split: 0.5 0.5
charges still split: 0.5 0.5
Olduqd  -1.74363987851 , Newuqd -0.717922553477 .
Success.
Reorg:  0.512858662519
lengths [6, 6, 6]
Attempting to swapping charges of molecule  0 at 2 , 2 , 2  and molecule  1 at 1 , 2 , 3 .
cenpos [2, 2, 2]
maxTVs:  2
nVs:  2
charges split: 0.5 0.5
charges still split: 0.5 0.5
Olduqd  -1.74363987851 , Newuqd -0.787359108798 .
Success.
Reorg:  0.478140384858
lengths [6, 6, 6]
Sat, 21 Jun 2014 01:53:41 +0000
a,b,c 1 3 1
Attempting to swapping charges of molecule  0 at 2 , 2 , 2  and molecule  0 at 1 , 3 , 1 .
cenpos [2, 2, 2]
maxTVs:  2
nVs:  3
No molecule in 2nd position.
Reorg:  []
lengths [6, 6, 6]
Attempting to swapping charges of molecule  0 at 2 , 2 , 2  and molecule  1 at 1 , 3 , 1 .
cenpos [2, 2, 2]
maxTVs:  2
nVs:  3
No molecule in 2nd position.
Reorg:  []
lengths [6, 6, 6]
Sat, 21 Jun 2014 01:53:41 +0000
a,b,c 1 3 2
Attempting to swapping charges of molecule  0 at 2 , 2 , 2  and molecule  0 at 1 , 3 , 2 .
cenpos [2, 2, 2]
maxTVs:  2
nVs:  2
charges split: 0.5 0.5
charges still split: 0.5 0.5
Olduqd  -1.74363987851 , Newuqd -0.79625092836 .
Success.
Reorg:  0.473694475078
lengths [6, 6, 6]
Attempting to swapping charges of molecule  0 at 2 , 2 , 2  and molecule  1 at 1 , 3 , 2 .
cenpos [2, 2, 2]
maxTVs:  2
nVs:  2
charges split: 0.5 0.5
charges still split: 0.5 0.5
Olduqd  -1.74363987851 , Newuqd -0.758699309355 .
Success.
Reorg:  0.49247028458
lengths [6, 6, 6]
Sat, 21 Jun 2014 01:53:41 +0000
a,b,c 1 3 3
Attempting to swapping charges of molecule  0 at 2 , 2 , 2  and molecule  0 at 1 , 3 , 3 .
cenpos [2, 2, 2]
maxTVs:  2
nVs:  3
No molecule in 2nd position.
Reorg:  []
lengths [6, 6, 6]
Attempting to swapping charges of molecule  0 at 2 , 2 , 2  and molecule  1 at 1 , 3 , 3 .
cenpos [2, 2, 2]
maxTVs:  2
nVs:  3
No molecule in 2nd position.
Reorg:  []
lengths [6, 6, 6]
Sat, 21 Jun 2014 01:53:41 +0000
a,b,c 2 1 1
Attempting to swapping charges of molecule  0 at 2 , 2 , 2  and molecule  0 at 2 , 1 , 1 .
cenpos [2, 2, 2]
maxTVs:  2
nVs:  2
charges split: 0.5 0.5
charges still split: 0.5 0.5
Olduqd  -1.74363987851 , Newuqd -0.505557980694 .
Success.
Reorg:  0.61904094891
lengths [6, 6, 6]
Attempting to swapping charges of molecule  0 at 2 , 2 , 2  and molecule  1 at 2 , 1 , 1 .
cenpos [2, 2, 2]
maxTVs:  2
nVs:  2
charges split: 0.5 0.5
charges still split: 0.5 0.5
Olduqd  -1.74363987851 , Newuqd -0.659024952863 .
Success.
Reorg:  0.542307462826
lengths [6, 6, 6]
Sat, 21 Jun 2014 01:53:41 +0000
a,b,c 2 1 2
Attempting to swapping charges of molecule  0 at 2 , 2 , 2  and molecule  0 at 2 , 1 , 2 .
cenpos [2, 2, 2]
maxTVs:  2
nVs:  1
charges split: 0.5 0.5
charges still split: 0.5 0.5
Olduqd  -1.74363987851 , Newuqd -0.794787552321 .
Success.
Reorg:  0.474426163097
lengths [6, 6, 6]
Attempting to swapping charges of molecule  0 at 2 , 2 , 2  and molecule  1 at 2 , 1 , 2 .
cenpos [2, 2, 2]
maxTVs:  2
nVs:  1
charges split: 0.5 0.5
charges still split: 0.5 0.5
Olduqd  -1.74363987851 , Newuqd -1.04084886506 .
Success.
Reorg:  0.351395506729
lengths [6, 6, 6]
Sat, 21 Jun 2014 01:53:42 +0000
a,b,c 2 1 3
Attempting to swapping charges of molecule  0 at 2 , 2 , 2  and molecule  0 at 2 , 1 , 3 .
cenpos [2, 2, 2]
maxTVs:  2
nVs:  2
charges split: 0.5 0.5
charges still split: 0.5 0.5
Olduqd  -1.74363987851 , Newuqd -0.508481308062 .
Success.
Reorg:  0.617579285226
lengths [6, 6, 6]
Attempting to swapping charges of molecule  0 at 2 , 2 , 2  and molecule  1 at 2 , 1 , 3 .
cenpos [2, 2, 2]
maxTVs:  2
nVs:  2
charges split: 0.5 0.5
charges still split: 0.5 0.5
Olduqd  -1.74363987851 , Newuqd -0.660814769001 .
Success.
Reorg:  0.541412554757
lengths [6, 6, 6]
Sat, 21 Jun 2014 01:53:44 +0000
a,b,c 2 2 1
Attempting to swapping charges of molecule  0 at 2 , 2 , 2  and molecule  0 at 2 , 2 , 1 .
cenpos [2, 2, 2]
maxTVs:  2
nVs:  1
charges split: 0.5 0.5
charges still split: 0.5 0.5
Olduqd  -1.74363987851 , Newuqd -0.784175442907 .
Success.
Reorg:  0.479732217804
lengths [6, 6, 6]
Attempting to swapping charges of molecule  0 at 2 , 2 , 2  and molecule  1 at 2 , 2 , 1 .
cenpos [2, 2, 2]
maxTVs:  2
nVs:  1
charges split: 0.5 0.5
charges still split: 0.5 0.5
Olduqd  -1.74363987851 , Newuqd -0.76316853572 .
Success.
Reorg:  0.490235671397
lengths [6, 6, 6]
Sat, 21 Jun 2014 01:53:44 +0000
a,b,c 2 2 2
Attempting to swapping charges of molecule  0 at 2 , 2 , 2  and molecule  0 at 2 , 2 , 2 .
cenpos [2, 2, 2]
maxTVs:  2
nVs:  0
Same Molecule
Reorg:  0.0
lengths [6, 6, 6]
Attempting to swapping charges of molecule  0 at 2 , 2 , 2  and molecule  1 at 2 , 2 , 2 .
cenpos [2, 2, 2]
maxTVs:  2
nVs:  0
Already Calculated
Reorg:  0.296708320189
lengths [6, 6, 6]
Sat, 21 Jun 2014 01:53:44 +0000
a,b,c 2 2 3
Attempting to swapping charges of molecule  0 at 2 , 2 , 2  and molecule  0 at 2 , 2 , 3 .
cenpos [2, 2, 2]
maxTVs:  2
nVs:  1
charges split: 0.5 0.5
charges still split: 0.5 0.5
Olduqd  -1.74363987851 , Newuqd -0.785061855789 .
Success.
Reorg:  0.479289011363
lengths [6, 6, 6]
Attempting to swapping charges of molecule  0 at 2 , 2 , 2  and molecule  1 at 2 , 2 , 3 .
cenpos [2, 2, 2]
maxTVs:  2
nVs:  1
charges split: 0.5 0.5
charges still split: 0.5 0.5
Olduqd  -1.74363987851 , Newuqd -0.762723519825 .
Success.
Reorg:  0.490458179345
lengths [6, 6, 6]
Sat, 21 Jun 2014 01:53:45 +0000
a,b,c 2 3 1
Attempting to swapping charges of molecule  0 at 2 , 2 , 2  and molecule  0 at 2 , 3 , 1 .
cenpos [2, 2, 2]
maxTVs:  2
nVs:  2
charges split: 0.5 0.5
charges still split: 0.5 0.5
Olduqd  -1.74363987851 , Newuqd -0.648517540745 .
Success.
Reorg:  0.547561168885
lengths [6, 6, 6]
Attempting to swapping charges of molecule  0 at 2 , 2 , 2  and molecule  1 at 2 , 3 , 1 .
cenpos [2, 2, 2]
maxTVs:  2
nVs:  2
charges split: 0.5 0.5
charges still split: 0.5 0.5
Olduqd  -1.74363987851 , Newuqd -0.494684503316 .
Success.
Reorg:  0.624477687599
lengths [6, 6, 6]
Sat, 21 Jun 2014 01:53:45 +0000
a,b,c 2 3 2
Attempting to swapping charges of molecule  0 at 2 , 2 , 2  and molecule  0 at 2 , 3 , 2 .
cenpos [2, 2, 2]
maxTVs:  2
nVs:  1
charges split: 0.5 0.5
charges still split: 0.5 0.5
Olduqd  -1.74363987851 , Newuqd -0.878047600763 .
Success.
Reorg:  0.432796138876
lengths [6, 6, 6]
Attempting to swapping charges of molecule  0 at 2 , 2 , 2  and molecule  1 at 2 , 3 , 2 .
cenpos [2, 2, 2]
maxTVs:  2
nVs:  1
charges split: 0.5 0.5
charges still split: 0.5 0.5
Olduqd  -1.74363987851 , Newuqd -0.752296626206 .
Success.
Reorg:  0.495671626154
lengths [6, 6, 6]
Sat, 21 Jun 2014 01:53:45 +0000
a,b,c 2 3 3
Attempting to swapping charges of molecule  0 at 2 , 2 , 2  and molecule  0 at 2 , 3 , 3 .
cenpos [2, 2, 2]
maxTVs:  2
nVs:  2
charges split: 0.5 0.5
charges still split: 0.5 0.5
Olduqd  -1.74363987851 , Newuqd -0.645654493083 .
Success.
Reorg:  0.548992692716
lengths [6, 6, 6]
Attempting to swapping charges of molecule  0 at 2 , 2 , 2  and molecule  1 at 2 , 3 , 3 .
cenpos [2, 2, 2]
maxTVs:  2
nVs:  2
charges split: 0.5 0.5
charges still split: 0.5 0.5
Olduqd  -1.74363987851 , Newuqd -0.492916839621 .
Success.
Reorg:  0.625361519447
lengths [6, 6, 6]
Sat, 21 Jun 2014 01:53:46 +0000
a,b,c 3 1 1
Attempting to swapping charges of molecule  0 at 2 , 2 , 2  and molecule  0 at 3 , 1 , 1 .
cenpos [2, 2, 2]
maxTVs:  2
nVs:  3
No molecule in 2nd position.
Reorg:  []
lengths [6, 6, 6]
Attempting to swapping charges of molecule  0 at 2 , 2 , 2  and molecule  1 at 3 , 1 , 1 .
cenpos [2, 2, 2]
maxTVs:  2
nVs:  3
No molecule in 2nd position.
Reorg:  []
lengths [6, 6, 6]
Sat, 21 Jun 2014 01:53:46 +0000
a,b,c 3 1 2
Attempting to swapping charges of molecule  0 at 2 , 2 , 2  and molecule  0 at 3 , 1 , 2 .
cenpos [2, 2, 2]
maxTVs:  2
nVs:  2
charges split: 0.5 0.5
charges still split: 0.5 0.5
Olduqd  -1.74363987851 , Newuqd -0.821281163735 .
Success.
Reorg:  0.46117935739
lengths [6, 6, 6]
Attempting to swapping charges of molecule  0 at 2 , 2 , 2  and molecule  1 at 3 , 1 , 2 .
cenpos [2, 2, 2]
maxTVs:  2
nVs:  2
charges split: 0.5 0.5
charges still split: 0.5 0.5
Olduqd  -1.74363987851 , Newuqd -0.740873129937 .
Success.
Reorg:  0.501383374289
lengths [6, 6, 6]
Sat, 21 Jun 2014 01:53:46 +0000
a,b,c 3 1 3
Attempting to swapping charges of molecule  0 at 2 , 2 , 2  and molecule  0 at 3 , 1 , 3 .
cenpos [2, 2, 2]
maxTVs:  2
nVs:  3
No molecule in 2nd position.
Reorg:  []
lengths [6, 6, 6]
Attempting to swapping charges of molecule  0 at 2 , 2 , 2  and molecule  1 at 3 , 1 , 3 .
cenpos [2, 2, 2]
maxTVs:  2
nVs:  3
No molecule in 2nd position.
Reorg:  []
lengths [6, 6, 6]
Sat, 21 Jun 2014 01:53:46 +0000
a,b,c 3 2 1
Attempting to swapping charges of molecule  0 at 2 , 2 , 2  and molecule  0 at 3 , 2 , 1 .
cenpos [2, 2, 2]
maxTVs:  2
nVs:  2
charges split: 0.5 0.5
charges still split: 0.5 0.5
Olduqd  -1.74363987851 , Newuqd -0.81203107517 .
Success.
Reorg:  0.465804401673
lengths [6, 6, 6]
Attempting to swapping charges of molecule  0 at 2 , 2 , 2  and molecule  1 at 3 , 2 , 1 .
cenpos [2, 2, 2]
maxTVs:  2
nVs:  2
charges split: 0.5 0.5
charges still split: 0.5 0.5
Olduqd  -1.74363987851 , Newuqd -0.664480828548 .
Success.
Reorg:  0.539579524983
lengths [6, 6, 6]
Sat, 21 Jun 2014 01:53:47 +0000
a,b,c 3 2 2
Attempting to swapping charges of molecule  0 at 2 , 2 , 2  and molecule  0 at 3 , 2 , 2 .
cenpos [2, 2, 2]
maxTVs:  2
nVs:  1
charges split: 0.5 0.5
charges still split: 0.5 0.5
Olduqd  -1.74363987851 , Newuqd -1.2948748972 .
Success.
Reorg:  0.224382490655
lengths [6, 6, 6]
Attempting to swapping charges of molecule  0 at 2 , 2 , 2  and molecule  1 at 3 , 2 , 2 .
cenpos [2, 2, 2]
maxTVs:  2
nVs:  1
charges split: 0.5 0.5
charges still split: 0.5 0.5
Olduqd  -1.74363987851 , Newuqd -0.848030700611 .
Success.
Reorg:  0.447804588952
lengths [6, 6, 6]
Sat, 21 Jun 2014 01:53:47 +0000
a,b,c 3 2 3
Attempting to swapping charges of molecule  0 at 2 , 2 , 2  and molecule  0 at 3 , 2 , 3 .
cenpos [2, 2, 2]
maxTVs:  2
nVs:  2
charges split: 0.5 0.5
charges still split: 0.5 0.5
Olduqd  -1.74363987851 , Newuqd -0.807451740506 .
Success.
Reorg:  0.468094069004
lengths [6, 6, 6]
Attempting to swapping charges of molecule  0 at 2 , 2 , 2  and molecule  1 at 3 , 2 , 3 .
cenpos [2, 2, 2]
maxTVs:  2
nVs:  2
charges split: 0.5 0.5
charges still split: 0.5 0.5
Olduqd  -1.74363987851 , Newuqd -0.664618453172 .
Success.
Reorg:  0.539510712671
lengths [6, 6, 6]
Sat, 21 Jun 2014 01:53:48 +0000
a,b,c 3 3 1
Attempting to swapping charges of molecule  0 at 2 , 2 , 2  and molecule  0 at 3 , 3 , 1 .
cenpos [2, 2, 2]
maxTVs:  2
nVs:  3
No molecule in 2nd position.
Reorg:  []
lengths [6, 6, 6]
Attempting to swapping charges of molecule  0 at 2 , 2 , 2  and molecule  1 at 3 , 3 , 1 .
cenpos [2, 2, 2]
maxTVs:  2
nVs:  3
No molecule in 2nd position.
Reorg:  []
lengths [6, 6, 6]
Sat, 21 Jun 2014 01:53:49 +0000
a,b,c 3 3 2
Attempting to swapping charges of molecule  0 at 2 , 2 , 2  and molecule  0 at 3 , 3 , 2 .
cenpos [2, 2, 2]
maxTVs:  2
nVs:  2
charges split: 0.5 0.5
charges still split: 0.5 0.5
Olduqd  -1.74363987851 , Newuqd -0.897296611357 .
Success.
Reorg:  0.423171633579
lengths [6, 6, 6]
Attempting to swapping charges of molecule  0 at 2 , 2 , 2  and molecule  1 at 3 , 3 , 2 .
cenpos [2, 2, 2]
maxTVs:  2
nVs:  2
charges split: 0.5 0.5
charges still split: 0.5 0.5
Olduqd  -1.74363987851 , Newuqd -0.645499458936 .
Success.
Reorg:  0.549070209789
lengths [6, 6, 6]
Sat, 21 Jun 2014 01:53:49 +0000
a,b,c 3 3 3
Attempting to swapping charges of molecule  0 at 2 , 2 , 2  and molecule  0 at 3 , 3 , 3 .
cenpos [2, 2, 2]
maxTVs:  2
nVs:  3
No molecule in 2nd position.
Reorg:  []
lengths [6, 6, 6]
Attempting to swapping charges of molecule  0 at 2 , 2 , 2  and molecule  1 at 3 , 3 , 3 .
cenpos [2, 2, 2]
maxTVs:  2
nVs:  3
No molecule in 2nd position.
Reorg:  []
lengths [6, 6, 6]


DIST:  2 

Sat, 21 Jun 2014 01:53:50 +0000
a,b,c 0 0 0
Attempting to swapping charges of molecule  0 at 2 , 2 , 2  and molecule  0 at 0 , 0 , 0 .
cenpos [2, 2, 2]
maxTVs:  2
nVs:  6
No molecule in 2nd position.
Reorg:  []
lengths [6, 6, 6]
Attempting to swapping charges of molecule  0 at 2 , 2 , 2  and molecule  1 at 0 , 0 , 0 .
cenpos [2, 2, 2]
maxTVs:  2
nVs:  6
No molecule in 2nd position.
Reorg:  []
lengths [6, 6, 6]
Sat, 21 Jun 2014 01:53:50 +0000
a,b,c 0 0 1
Attempting to swapping charges of molecule  0 at 2 , 2 , 2  and molecule  0 at 0 , 0 , 1 .
cenpos [2, 2, 2]
maxTVs:  2
nVs:  5
No molecule in 2nd position.
Reorg:  []
lengths [6, 6, 6]
Attempting to swapping charges of molecule  0 at 2 , 2 , 2  and molecule  1 at 0 , 0 , 1 .
cenpos [2, 2, 2]
maxTVs:  2
nVs:  5
No molecule in 2nd position.
Reorg:  []
lengths [6, 6, 6]
Sat, 21 Jun 2014 01:53:50 +0000
a,b,c 0 0 2
Attempting to swapping charges of molecule  0 at 2 , 2 , 2  and molecule  0 at 0 , 0 , 2 .
cenpos [2, 2, 2]
maxTVs:  2
nVs:  4
No molecule in 2nd position.
Reorg:  []
lengths [6, 6, 6]
Attempting to swapping charges of molecule  0 at 2 , 2 , 2  and molecule  1 at 0 , 0 , 2 .
cenpos [2, 2, 2]
maxTVs:  2
nVs:  4
No molecule in 2nd position.
Reorg:  []
lengths [6, 6, 6]
Sat, 21 Jun 2014 01:53:50 +0000
a,b,c 0 0 3
Attempting to swapping charges of molecule  0 at 2 , 2 , 2  and molecule  0 at 0 , 0 , 3 .
cenpos [2, 2, 2]
maxTVs:  2
nVs:  5
No molecule in 2nd position.
Reorg:  []
lengths [6, 6, 6]
Attempting to swapping charges of molecule  0 at 2 , 2 , 2  and molecule  1 at 0 , 0 , 3 .
cenpos [2, 2, 2]
maxTVs:  2
nVs:  5
No molecule in 2nd position.
Reorg:  []
lengths [6, 6, 6]
Sat, 21 Jun 2014 01:53:50 +0000
a,b,c 0 0 4
Attempting to swapping charges of molecule  0 at 2 , 2 , 2  and molecule  0 at 0 , 0 , 4 .
cenpos [2, 2, 2]
maxTVs:  2
nVs:  6
No molecule in 2nd position.
Reorg:  []
lengths [6, 6, 6]
Attempting to swapping charges of molecule  0 at 2 , 2 , 2  and molecule  1 at 0 , 0 , 4 .
cenpos [2, 2, 2]
maxTVs:  2
nVs:  6
No molecule in 2nd position.
Reorg:  []
lengths [6, 6, 6]
Sat, 21 Jun 2014 01:53:51 +0000
a,b,c 0 1 0
Attempting to swapping charges of molecule  0 at 2 , 2 , 2  and molecule  0 at 0 , 1 , 0 .
cenpos [2, 2, 2]
maxTVs:  2
nVs:  5
No molecule in 2nd position.
Reorg:  []
lengths [6, 6, 6]
Attempting to swapping charges of molecule  0 at 2 , 2 , 2  and molecule  1 at 0 , 1 , 0 .
cenpos [2, 2, 2]
maxTVs:  2
nVs:  5
No molecule in 2nd position.
Reorg:  []
lengths [6, 6, 6]
Sat, 21 Jun 2014 01:53:51 +0000
a,b,c 0 1 1
Attempting to swapping charges of molecule  0 at 2 , 2 , 2  and molecule  0 at 0 , 1 , 1 .
cenpos [2, 2, 2]
maxTVs:  2
nVs:  4
No molecule in 2nd position.
Reorg:  []
lengths [6, 6, 6]
Attempting to swapping charges of molecule  0 at 2 , 2 , 2  and molecule  1 at 0 , 1 , 1 .
cenpos [2, 2, 2]
maxTVs:  2
nVs:  4
No molecule in 2nd position.
Reorg:  []
lengths [6, 6, 6]
Sat, 21 Jun 2014 01:53:51 +0000
a,b,c 0 1 2
Attempting to swapping charges of molecule  0 at 2 , 2 , 2  and molecule  0 at 0 , 1 , 2 .
cenpos [2, 2, 2]
maxTVs:  2
nVs:  3
No molecule in 2nd position.
Reorg:  []
lengths [6, 6, 6]
Attempting to swapping charges of molecule  0 at 2 , 2 , 2  and molecule  1 at 0 , 1 , 2 .
cenpos [2, 2, 2]
maxTVs:  2
nVs:  3
No molecule in 2nd position.
Reorg:  []
lengths [6, 6, 6]
Sat, 21 Jun 2014 01:53:51 +0000
a,b,c 0 1 3
Attempting to swapping charges of molecule  0 at 2 , 2 , 2  and molecule  0 at 0 , 1 , 3 .
cenpos [2, 2, 2]
maxTVs:  2
nVs:  4
No molecule in 2nd position.
Reorg:  []
lengths [6, 6, 6]
Attempting to swapping charges of molecule  0 at 2 , 2 , 2  and molecule  1 at 0 , 1 , 3 .
cenpos [2, 2, 2]
maxTVs:  2
nVs:  4
No molecule in 2nd position.
Reorg:  []
lengths [6, 6, 6]
Sat, 21 Jun 2014 01:53:51 +0000
a,b,c 0 1 4
Attempting to swapping charges of molecule  0 at 2 , 2 , 2  and molecule  0 at 0 , 1 , 4 .
cenpos [2, 2, 2]
maxTVs:  2
nVs:  5
No molecule in 2nd position.
Reorg:  []
lengths [6, 6, 6]
Attempting to swapping charges of molecule  0 at 2 , 2 , 2  and molecule  1 at 0 , 1 , 4 .
cenpos [2, 2, 2]
maxTVs:  2
nVs:  5
No molecule in 2nd position.
Reorg:  []
lengths [6, 6, 6]
Sat, 21 Jun 2014 01:53:51 +0000
a,b,c 0 2 0
Attempting to swapping charges of molecule  0 at 2 , 2 , 2  and molecule  0 at 0 , 2 , 0 .
cenpos [2, 2, 2]
maxTVs:  2
nVs:  4
No molecule in 2nd position.
Reorg:  []
lengths [6, 6, 6]
Attempting to swapping charges of molecule  0 at 2 , 2 , 2  and molecule  1 at 0 , 2 , 0 .
cenpos [2, 2, 2]
maxTVs:  2
nVs:  4
No molecule in 2nd position.
Reorg:  []
lengths [6, 6, 6]
Sat, 21 Jun 2014 01:53:51 +0000
a,b,c 0 2 1
Attempting to swapping charges of molecule  0 at 2 , 2 , 2  and molecule  0 at 0 , 2 , 1 .
cenpos [2, 2, 2]
maxTVs:  2
nVs:  3
No molecule in 2nd position.
Reorg:  []
lengths [6, 6, 6]
Attempting to swapping charges of molecule  0 at 2 , 2 , 2  and molecule  1 at 0 , 2 , 1 .
cenpos [2, 2, 2]
maxTVs:  2
nVs:  3
No molecule in 2nd position.
Reorg:  []
lengths [6, 6, 6]
Sat, 21 Jun 2014 01:53:51 +0000
a,b,c 0 2 2
Attempting to swapping charges of molecule  0 at 2 , 2 , 2  and molecule  0 at 0 , 2 , 2 .
cenpos [2, 2, 2]
maxTVs:  2
nVs:  2
charges split: 0.5 0.5
charges still split: 0.5 0.5
Olduqd  -1.74363987851 , Newuqd -0.679083514986 .
Success.
Reorg:  0.532278181764
lengths [6, 6, 6]
Attempting to swapping charges of molecule  0 at 2 , 2 , 2  and molecule  1 at 0 , 2 , 2 .
cenpos [2, 2, 2]
maxTVs:  2
nVs:  2
charges split: 0.5 0.5
charges still split: 0.5 0.5
Olduqd  -1.74363987851 , Newuqd -0.967989471964 .
Success.
Reorg:  0.387825203275
lengths [6, 6, 6]
Sat, 21 Jun 2014 01:53:51 +0000
a,b,c 0 2 3
Attempting to swapping charges of molecule  0 at 2 , 2 , 2  and molecule  0 at 0 , 2 , 3 .
cenpos [2, 2, 2]
maxTVs:  2
nVs:  3
No molecule in 2nd position.
Reorg:  []
lengths [6, 6, 6]
Attempting to swapping charges of molecule  0 at 2 , 2 , 2  and molecule  1 at 0 , 2 , 3 .
cenpos [2, 2, 2]
maxTVs:  2
nVs:  3
No molecule in 2nd position.
Reorg:  []
lengths [6, 6, 6]
Sat, 21 Jun 2014 01:53:51 +0000
a,b,c 0 2 4
Attempting to swapping charges of molecule  0 at 2 , 2 , 2  and molecule  0 at 0 , 2 , 4 .
cenpos [2, 2, 2]
maxTVs:  2
nVs:  4
No molecule in 2nd position.
Reorg:  []
lengths [6, 6, 6]
Attempting to swapping charges of molecule  0 at 2 , 2 , 2  and molecule  1 at 0 , 2 , 4 .
cenpos [2, 2, 2]
maxTVs:  2
nVs:  4
No molecule in 2nd position.
Reorg:  []
lengths [6, 6, 6]
Sat, 21 Jun 2014 01:53:51 +0000
a,b,c 0 3 0
Attempting to swapping charges of molecule  0 at 2 , 2 , 2  and molecule  0 at 0 , 3 , 0 .
cenpos [2, 2, 2]
maxTVs:  2
nVs:  5
No molecule in 2nd position.
Reorg:  []
lengths [6, 6, 6]
Attempting to swapping charges of molecule  0 at 2 , 2 , 2  and molecule  1 at 0 , 3 , 0 .
cenpos [2, 2, 2]
maxTVs:  2
nVs:  5
No molecule in 2nd position.
Reorg:  []
lengths [6, 6, 6]
Sat, 21 Jun 2014 01:53:51 +0000
a,b,c 0 3 1
Attempting to swapping charges of molecule  0 at 2 , 2 , 2  and molecule  0 at 0 , 3 , 1 .
cenpos [2, 2, 2]
maxTVs:  2
nVs:  4
No molecule in 2nd position.
Reorg:  []
lengths [6, 6, 6]
Attempting to swapping charges of molecule  0 at 2 , 2 , 2  and molecule  1 at 0 , 3 , 1 .
cenpos [2, 2, 2]
maxTVs:  2
nVs:  4
No molecule in 2nd position.
Reorg:  []
lengths [6, 6, 6]
Sat, 21 Jun 2014 01:53:52 +0000
a,b,c 0 3 2
Attempting to swapping charges of molecule  0 at 2 , 2 , 2  and molecule  0 at 0 , 3 , 2 .
cenpos [2, 2, 2]
maxTVs:  2
nVs:  3
No molecule in 2nd position.
Reorg:  []
lengths [6, 6, 6]
Attempting to swapping charges of molecule  0 at 2 , 2 , 2  and molecule  1 at 0 , 3 , 2 .
cenpos [2, 2, 2]
maxTVs:  2
nVs:  3
No molecule in 2nd position.
Reorg:  []
lengths [6, 6, 6]
Sat, 21 Jun 2014 01:53:52 +0000
a,b,c 0 3 3
Attempting to swapping charges of molecule  0 at 2 , 2 , 2  and molecule  0 at 0 , 3 , 3 .
cenpos [2, 2, 2]
maxTVs:  2
nVs:  4
No molecule in 2nd position.
Reorg:  []
lengths [6, 6, 6]
Attempting to swapping charges of molecule  0 at 2 , 2 , 2  and molecule  1 at 0 , 3 , 3 .
cenpos [2, 2, 2]
maxTVs:  2
nVs:  4
No molecule in 2nd position.
Reorg:  []
lengths [6, 6, 6]
Sat, 21 Jun 2014 01:53:52 +0000
a,b,c 0 3 4
Attempting to swapping charges of molecule  0 at 2 , 2 , 2  and molecule  0 at 0 , 3 , 4 .
cenpos [2, 2, 2]
maxTVs:  2
nVs:  5
No molecule in 2nd position.
Reorg:  []
lengths [6, 6, 6]
Attempting to swapping charges of molecule  0 at 2 , 2 , 2  and molecule  1 at 0 , 3 , 4 .
cenpos [2, 2, 2]
maxTVs:  2
nVs:  5
No molecule in 2nd position.
Reorg:  []
lengths [6, 6, 6]
Sat, 21 Jun 2014 01:53:52 +0000
a,b,c 0 4 0
Attempting to swapping charges of molecule  0 at 2 , 2 , 2  and molecule  0 at 0 , 4 , 0 .
cenpos [2, 2, 2]
maxTVs:  2
nVs:  6
No molecule in 2nd position.
Reorg:  []
lengths [6, 6, 6]
Attempting to swapping charges of molecule  0 at 2 , 2 , 2  and molecule  1 at 0 , 4 , 0 .
cenpos [2, 2, 2]
maxTVs:  2
nVs:  6
No molecule in 2nd position.
Reorg:  []
lengths [6, 6, 6]
Sat, 21 Jun 2014 01:53:52 +0000
a,b,c 0 4 1
Attempting to swapping charges of molecule  0 at 2 , 2 , 2  and molecule  0 at 0 , 4 , 1 .
cenpos [2, 2, 2]
maxTVs:  2
nVs:  5
No molecule in 2nd position.
Reorg:  []
lengths [6, 6, 6]
Attempting to swapping charges of molecule  0 at 2 , 2 , 2  and molecule  1 at 0 , 4 , 1 .
cenpos [2, 2, 2]
maxTVs:  2
nVs:  5
No molecule in 2nd position.
Reorg:  []
lengths [6, 6, 6]
Sat, 21 Jun 2014 01:53:52 +0000
a,b,c 0 4 2
Attempting to swapping charges of molecule  0 at 2 , 2 , 2  and molecule  0 at 0 , 4 , 2 .
cenpos [2, 2, 2]
maxTVs:  2
nVs:  4
No molecule in 2nd position.
Reorg:  []
lengths [6, 6, 6]
Attempting to swapping charges of molecule  0 at 2 , 2 , 2  and molecule  1 at 0 , 4 , 2 .
cenpos [2, 2, 2]
maxTVs:  2
nVs:  4
No molecule in 2nd position.
Reorg:  []
lengths [6, 6, 6]
Sat, 21 Jun 2014 01:53:52 +0000
a,b,c 0 4 3
Attempting to swapping charges of molecule  0 at 2 , 2 , 2  and molecule  0 at 0 , 4 , 3 .
cenpos [2, 2, 2]
maxTVs:  2
nVs:  5
No molecule in 2nd position.
Reorg:  []
lengths [6, 6, 6]
Attempting to swapping charges of molecule  0 at 2 , 2 , 2  and molecule  1 at 0 , 4 , 3 .
cenpos [2, 2, 2]
maxTVs:  2
nVs:  5
No molecule in 2nd position.
Reorg:  []
lengths [6, 6, 6]
Sat, 21 Jun 2014 01:53:52 +0000
a,b,c 0 4 4
Attempting to swapping charges of molecule  0 at 2 , 2 , 2  and molecule  0 at 0 , 4 , 4 .
cenpos [2, 2, 2]
maxTVs:  2
nVs:  6
No molecule in 2nd position.
Reorg:  []
lengths [6, 6, 6]
Attempting to swapping charges of molecule  0 at 2 , 2 , 2  and molecule  1 at 0 , 4 , 4 .
cenpos [2, 2, 2]
maxTVs:  2
nVs:  6
No molecule in 2nd position.
Reorg:  []
lengths [6, 6, 6]
Sat, 21 Jun 2014 01:53:52 +0000
a,b,c 1 0 0
Attempting to swapping charges of molecule  0 at 2 , 2 , 2  and molecule  0 at 1 , 0 , 0 .
cenpos [2, 2, 2]
maxTVs:  2
nVs:  5
No molecule in 2nd position.
Reorg:  []
lengths [6, 6, 6]
Attempting to swapping charges of molecule  0 at 2 , 2 , 2  and molecule  1 at 1 , 0 , 0 .
cenpos [2, 2, 2]
maxTVs:  2
nVs:  5
No molecule in 2nd position.
Reorg:  []
lengths [6, 6, 6]
Sat, 21 Jun 2014 01:53:52 +0000
a,b,c 1 0 1
Attempting to swapping charges of molecule  0 at 2 , 2 , 2  and molecule  0 at 1 , 0 , 1 .
cenpos [2, 2, 2]
maxTVs:  2
nVs:  4
No molecule in 2nd position.
Reorg:  []
lengths [6, 6, 6]
Attempting to swapping charges of molecule  0 at 2 , 2 , 2  and molecule  1 at 1 , 0 , 1 .
cenpos [2, 2, 2]
maxTVs:  2
nVs:  4
No molecule in 2nd position.
Reorg:  []
lengths [6, 6, 6]
Sat, 21 Jun 2014 01:53:52 +0000
a,b,c 1 0 2
Attempting to swapping charges of molecule  0 at 2 , 2 , 2  and molecule  0 at 1 , 0 , 2 .
cenpos [2, 2, 2]
maxTVs:  2
nVs:  3
No molecule in 2nd position.
Reorg:  []
lengths [6, 6, 6]
Attempting to swapping charges of molecule  0 at 2 , 2 , 2  and molecule  1 at 1 , 0 , 2 .
cenpos [2, 2, 2]
maxTVs:  2
nVs:  3
No molecule in 2nd position.
Reorg:  []
lengths [6, 6, 6]
Sat, 21 Jun 2014 01:53:53 +0000
a,b,c 1 0 3
Attempting to swapping charges of molecule  0 at 2 , 2 , 2  and molecule  0 at 1 , 0 , 3 .
cenpos [2, 2, 2]
maxTVs:  2
nVs:  4
No molecule in 2nd position.
Reorg:  []
lengths [6, 6, 6]
Attempting to swapping charges of molecule  0 at 2 , 2 , 2  and molecule  1 at 1 , 0 , 3 .
cenpos [2, 2, 2]
maxTVs:  2
nVs:  4
No molecule in 2nd position.
Reorg:  []
lengths [6, 6, 6]
Sat, 21 Jun 2014 01:53:53 +0000
a,b,c 1 0 4
Attempting to swapping charges of molecule  0 at 2 , 2 , 2  and molecule  0 at 1 , 0 , 4 .
cenpos [2, 2, 2]
maxTVs:  2
nVs:  5
No molecule in 2nd position.
Reorg:  []
lengths [6, 6, 6]
Attempting to swapping charges of molecule  0 at 2 , 2 , 2  and molecule  1 at 1 , 0 , 4 .
cenpos [2, 2, 2]
maxTVs:  2
nVs:  5
No molecule in 2nd position.
Reorg:  []
lengths [6, 6, 6]
Sat, 21 Jun 2014 01:53:53 +0000
a,b,c 1 1 0
Attempting to swapping charges of molecule  0 at 2 , 2 , 2  and molecule  0 at 1 , 1 , 0 .
cenpos [2, 2, 2]
maxTVs:  2
nVs:  4
No molecule in 2nd position.
Reorg:  []
lengths [6, 6, 6]
Attempting to swapping charges of molecule  0 at 2 , 2 , 2  and molecule  1 at 1 , 1 , 0 .
cenpos [2, 2, 2]
maxTVs:  2
nVs:  4
No molecule in 2nd position.
Reorg:  []
lengths [6, 6, 6]
Sat, 21 Jun 2014 01:53:53 +0000
a,b,c 1 1 1
Attempting to swapping charges of molecule  0 at 2 , 2 , 2  and molecule  0 at 1 , 1 , 1 .
cenpos [2, 2, 2]
maxTVs:  2
nVs:  3
No molecule in 2nd position.
Reorg:  []
lengths [6, 6, 6]
Attempting to swapping charges of molecule  0 at 2 , 2 , 2  and molecule  1 at 1 , 1 , 1 .
cenpos [2, 2, 2]
maxTVs:  2
nVs:  3
No molecule in 2nd position.
Reorg:  []
lengths [6, 6, 6]
Sat, 21 Jun 2014 01:53:53 +0000
a,b,c 1 1 2
Attempting to swapping charges of molecule  0 at 2 , 2 , 2  and molecule  0 at 1 , 1 , 2 .
cenpos [2, 2, 2]
maxTVs:  2
nVs:  2
Already Calculated
Reorg:  0.49251033765
lengths [6, 6, 6]
Attempting to swapping charges of molecule  0 at 2 , 2 , 2  and molecule  1 at 1 , 1 , 2 .
cenpos [2, 2, 2]
maxTVs:  2
nVs:  2
Already Calculated
Reorg:  0.267662243864
lengths [6, 6, 6]
Sat, 21 Jun 2014 01:53:53 +0000
a,b,c 1 1 3
Attempting to swapping charges of molecule  0 at 2 , 2 , 2  and molecule  0 at 1 , 1 , 3 .
cenpos [2, 2, 2]
maxTVs:  2
nVs:  3
No molecule in 2nd position.
Reorg:  []
lengths [6, 6, 6]
Attempting to swapping charges of molecule  0 at 2 , 2 , 2  and molecule  1 at 1 , 1 , 3 .
cenpos [2, 2, 2]
maxTVs:  2
nVs:  3
No molecule in 2nd position.
Reorg:  []
lengths [6, 6, 6]
Sat, 21 Jun 2014 01:53:53 +0000
a,b,c 1 1 4
Attempting to swapping charges of molecule  0 at 2 , 2 , 2  and molecule  0 at 1 , 1 , 4 .
cenpos [2, 2, 2]
maxTVs:  2
nVs:  4
No molecule in 2nd position.
Reorg:  []
lengths [6, 6, 6]
Attempting to swapping charges of molecule  0 at 2 , 2 , 2  and molecule  1 at 1 , 1 , 4 .
cenpos [2, 2, 2]
maxTVs:  2
nVs:  4
No molecule in 2nd position.
Reorg:  []
lengths [6, 6, 6]
Sat, 21 Jun 2014 01:53:53 +0000
a,b,c 1 2 0
Attempting to swapping charges of molecule  0 at 2 , 2 , 2  and molecule  0 at 1 , 2 , 0 .
cenpos [2, 2, 2]
maxTVs:  2
nVs:  3
No molecule in 2nd position.
Reorg:  []
lengths [6, 6, 6]
Attempting to swapping charges of molecule  0 at 2 , 2 , 2  and molecule  1 at 1 , 2 , 0 .
cenpos [2, 2, 2]
maxTVs:  2
nVs:  3
No molecule in 2nd position.
Reorg:  []
lengths [6, 6, 6]
Sat, 21 Jun 2014 01:53:53 +0000
a,b,c 1 2 1
Attempting to swapping charges of molecule  0 at 2 , 2 , 2  and molecule  0 at 1 , 2 , 1 .
cenpos [2, 2, 2]
maxTVs:  2
nVs:  2
Already Calculated
Reorg:  0.516443547357
lengths [6, 6, 6]
Attempting to swapping charges of molecule  0 at 2 , 2 , 2  and molecule  1 at 1 , 2 , 1 .
cenpos [2, 2, 2]
maxTVs:  2
nVs:  2
Already Calculated
Reorg:  0.478603864675
lengths [6, 6, 6]
Sat, 21 Jun 2014 01:53:53 +0000
a,b,c 1 2 2
Attempting to swapping charges of molecule  0 at 2 , 2 , 2  and molecule  0 at 1 , 2 , 2 .
cenpos [2, 2, 2]
maxTVs:  2
nVs:  1
Already Calculated
Reorg:  0.258961547148
lengths [6, 6, 6]
Attempting to swapping charges of molecule  0 at 2 , 2 , 2  and molecule  1 at 1 , 2 , 2 .
cenpos [2, 2, 2]
maxTVs:  2
nVs:  1
Already Calculated
Reorg:  0.242657204378
lengths [6, 6, 6]
Sat, 21 Jun 2014 01:53:53 +0000
a,b,c 1 2 3
Attempting to swapping charges of molecule  0 at 2 , 2 , 2  and molecule  0 at 1 , 2 , 3 .
cenpos [2, 2, 2]
maxTVs:  2
nVs:  2
Already Calculated
Reorg:  0.512858662519
lengths [6, 6, 6]
Attempting to swapping charges of molecule  0 at 2 , 2 , 2  and molecule  1 at 1 , 2 , 3 .
cenpos [2, 2, 2]
maxTVs:  2
nVs:  2
Already Calculated
Reorg:  0.478140384858
lengths [6, 6, 6]
Sat, 21 Jun 2014 01:53:53 +0000
a,b,c 1 2 4
Attempting to swapping charges of molecule  0 at 2 , 2 , 2  and molecule  0 at 1 , 2 , 4 .
cenpos [2, 2, 2]
maxTVs:  2
nVs:  3
No molecule in 2nd position.
Reorg:  []
lengths [6, 6, 6]
Attempting to swapping charges of molecule  0 at 2 , 2 , 2  and molecule  1 at 1 , 2 , 4 .
cenpos [2, 2, 2]
maxTVs:  2
nVs:  3
No molecule in 2nd position.
Reorg:  []
lengths [6, 6, 6]
Sat, 21 Jun 2014 01:53:53 +0000
a,b,c 1 3 0
Attempting to swapping charges of molecule  0 at 2 , 2 , 2  and molecule  0 at 1 , 3 , 0 .
cenpos [2, 2, 2]
maxTVs:  2
nVs:  4
No molecule in 2nd position.
Reorg:  []
lengths [6, 6, 6]
Attempting to swapping charges of molecule  0 at 2 , 2 , 2  and molecule  1 at 1 , 3 , 0 .
cenpos [2, 2, 2]
maxTVs:  2
nVs:  4
No molecule in 2nd position.
Reorg:  []
lengths [6, 6, 6]
Sat, 21 Jun 2014 01:53:54 +0000
a,b,c 1 3 1
Attempting to swapping charges of molecule  0 at 2 , 2 , 2  and molecule  0 at 1 , 3 , 1 .
cenpos [2, 2, 2]
maxTVs:  2
nVs:  3
No molecule in 2nd position.
Reorg:  []
lengths [6, 6, 6]
Attempting to swapping charges of molecule  0 at 2 , 2 , 2  and molecule  1 at 1 , 3 , 1 .
cenpos [2, 2, 2]
maxTVs:  2
nVs:  3
No molecule in 2nd position.
Reorg:  []
lengths [6, 6, 6]
Sat, 21 Jun 2014 01:53:54 +0000
a,b,c 1 3 2
Attempting to swapping charges of molecule  0 at 2 , 2 , 2  and molecule  0 at 1 , 3 , 2 .
cenpos [2, 2, 2]
maxTVs:  2
nVs:  2
Already Calculated
Reorg:  0.473694475078
lengths [6, 6, 6]
Attempting to swapping charges of molecule  0 at 2 , 2 , 2  and molecule  1 at 1 , 3 , 2 .
cenpos [2, 2, 2]
maxTVs:  2
nVs:  2
Already Calculated
Reorg:  0.49247028458
lengths [6, 6, 6]
Sat, 21 Jun 2014 01:53:54 +0000
a,b,c 1 3 3
Attempting to swapping charges of molecule  0 at 2 , 2 , 2  and molecule  0 at 1 , 3 , 3 .
cenpos [2, 2, 2]
maxTVs:  2
nVs:  3
No molecule in 2nd position.
Reorg:  []
lengths [6, 6, 6]
Attempting to swapping charges of molecule  0 at 2 , 2 , 2  and molecule  1 at 1 , 3 , 3 .
cenpos [2, 2, 2]
maxTVs:  2
nVs:  3
No molecule in 2nd position.
Reorg:  []
lengths [6, 6, 6]
Sat, 21 Jun 2014 01:53:54 +0000
a,b,c 1 3 4
Attempting to swapping charges of molecule  0 at 2 , 2 , 2  and molecule  0 at 1 , 3 , 4 .
cenpos [2, 2, 2]
maxTVs:  2
nVs:  4
No molecule in 2nd position.
Reorg:  []
lengths [6, 6, 6]
Attempting to swapping charges of molecule  0 at 2 , 2 , 2  and molecule  1 at 1 , 3 , 4 .
cenpos [2, 2, 2]
maxTVs:  2
nVs:  4
No molecule in 2nd position.
Reorg:  []
lengths [6, 6, 6]
Sat, 21 Jun 2014 01:53:54 +0000
a,b,c 1 4 0
Attempting to swapping charges of molecule  0 at 2 , 2 , 2  and molecule  0 at 1 , 4 , 0 .
cenpos [2, 2, 2]
maxTVs:  2
nVs:  5
No molecule in 2nd position.
Reorg:  []
lengths [6, 6, 6]
Attempting to swapping charges of molecule  0 at 2 , 2 , 2  and molecule  1 at 1 , 4 , 0 .
cenpos [2, 2, 2]
maxTVs:  2
nVs:  5
No molecule in 2nd position.
Reorg:  []
lengths [6, 6, 6]
Sat, 21 Jun 2014 01:53:54 +0000
a,b,c 1 4 1
Attempting to swapping charges of molecule  0 at 2 , 2 , 2  and molecule  0 at 1 , 4 , 1 .
cenpos [2, 2, 2]
maxTVs:  2
nVs:  4
No molecule in 2nd position.
Reorg:  []
lengths [6, 6, 6]
Attempting to swapping charges of molecule  0 at 2 , 2 , 2  and molecule  1 at 1 , 4 , 1 .
cenpos [2, 2, 2]
maxTVs:  2
nVs:  4
No molecule in 2nd position.
Reorg:  []
lengths [6, 6, 6]
Sat, 21 Jun 2014 01:53:54 +0000
a,b,c 1 4 2
Attempting to swapping charges of molecule  0 at 2 , 2 , 2  and molecule  0 at 1 , 4 , 2 .
cenpos [2, 2, 2]
maxTVs:  2
nVs:  3
No molecule in 2nd position.
Reorg:  []
lengths [6, 6, 6]
Attempting to swapping charges of molecule  0 at 2 , 2 , 2  and molecule  1 at 1 , 4 , 2 .
cenpos [2, 2, 2]
maxTVs:  2
nVs:  3
No molecule in 2nd position.
Reorg:  []
lengths [6, 6, 6]
Sat, 21 Jun 2014 01:53:54 +0000
a,b,c 1 4 3
Attempting to swapping charges of molecule  0 at 2 , 2 , 2  and molecule  0 at 1 , 4 , 3 .
cenpos [2, 2, 2]
maxTVs:  2
nVs:  4
No molecule in 2nd position.
Reorg:  []
lengths [6, 6, 6]
Attempting to swapping charges of molecule  0 at 2 , 2 , 2  and molecule  1 at 1 , 4 , 3 .
cenpos [2, 2, 2]
maxTVs:  2
nVs:  4
No molecule in 2nd position.
Reorg:  []
lengths [6, 6, 6]
Sat, 21 Jun 2014 01:53:54 +0000
a,b,c 1 4 4
Attempting to swapping charges of molecule  0 at 2 , 2 , 2  and molecule  0 at 1 , 4 , 4 .
cenpos [2, 2, 2]
maxTVs:  2
nVs:  5
No molecule in 2nd position.
Reorg:  []
lengths [6, 6, 6]
Attempting to swapping charges of molecule  0 at 2 , 2 , 2  and molecule  1 at 1 , 4 , 4 .
cenpos [2, 2, 2]
maxTVs:  2
nVs:  5
No molecule in 2nd position.
Reorg:  []
lengths [6, 6, 6]
Sat, 21 Jun 2014 01:53:54 +0000
a,b,c 2 0 0
Attempting to swapping charges of molecule  0 at 2 , 2 , 2  and molecule  0 at 2 , 0 , 0 .
cenpos [2, 2, 2]
maxTVs:  2
nVs:  4
No molecule in 2nd position.
Reorg:  []
lengths [6, 6, 6]
Attempting to swapping charges of molecule  0 at 2 , 2 , 2  and molecule  1 at 2 , 0 , 0 .
cenpos [2, 2, 2]
maxTVs:  2
nVs:  4
No molecule in 2nd position.
Reorg:  []
lengths [6, 6, 6]
Sat, 21 Jun 2014 01:53:54 +0000
a,b,c 2 0 1
Attempting to swapping charges of molecule  0 at 2 , 2 , 2  and molecule  0 at 2 , 0 , 1 .
cenpos [2, 2, 2]
maxTVs:  2
nVs:  3
No molecule in 2nd position.
Reorg:  []
lengths [6, 6, 6]
Attempting to swapping charges of molecule  0 at 2 , 2 , 2  and molecule  1 at 2 , 0 , 1 .
cenpos [2, 2, 2]
maxTVs:  2
nVs:  3
No molecule in 2nd position.
Reorg:  []
lengths [6, 6, 6]
Sat, 21 Jun 2014 01:53:55 +0000
a,b,c 2 0 2
Attempting to swapping charges of molecule  0 at 2 , 2 , 2  and molecule  0 at 2 , 0 , 2 .
cenpos [2, 2, 2]
maxTVs:  2
nVs:  2
charges split: 0.5 0.5
charges still split: 0.5 0.5
Olduqd  -1.74363987851 , Newuqd -0.47028013581 .
Success.
Reorg:  0.636679871352
lengths [6, 6, 6]
Attempting to swapping charges of molecule  0 at 2 , 2 , 2  and molecule  1 at 2 , 0 , 2 .
cenpos [2, 2, 2]
maxTVs:  2
nVs:  2
charges split: 0.5 0.5
charges still split: 0.5 0.5
Olduqd  -1.74363987851 , Newuqd -0.601139808151 .
Success.
Reorg:  0.571250035182
lengths [6, 6, 6]
Sat, 21 Jun 2014 01:53:55 +0000
a,b,c 2 0 3
Attempting to swapping charges of molecule  0 at 2 , 2 , 2  and molecule  0 at 2 , 0 , 3 .
cenpos [2, 2, 2]
maxTVs:  2
nVs:  3
No molecule in 2nd position.
Reorg:  []
lengths [6, 6, 6]
Attempting to swapping charges of molecule  0 at 2 , 2 , 2  and molecule  1 at 2 , 0 , 3 .
cenpos [2, 2, 2]
maxTVs:  2
nVs:  3
No molecule in 2nd position.
Reorg:  []
lengths [6, 6, 6]
Sat, 21 Jun 2014 01:53:55 +0000
a,b,c 2 0 4
Attempting to swapping charges of molecule  0 at 2 , 2 , 2  and molecule  0 at 2 , 0 , 4 .
cenpos [2, 2, 2]
maxTVs:  2
nVs:  4
No molecule in 2nd position.
Reorg:  []
lengths [6, 6, 6]
Attempting to swapping charges of molecule  0 at 2 , 2 , 2  and molecule  1 at 2 , 0 , 4 .
cenpos [2, 2, 2]
maxTVs:  2
nVs:  4
No molecule in 2nd position.
Reorg:  []
lengths [6, 6, 6]
Sat, 21 Jun 2014 01:53:55 +0000
a,b,c 2 1 0
Attempting to swapping charges of molecule  0 at 2 , 2 , 2  and molecule  0 at 2 , 1 , 0 .
cenpos [2, 2, 2]
maxTVs:  2
nVs:  3
No molecule in 2nd position.
Reorg:  []
lengths [6, 6, 6]
Attempting to swapping charges of molecule  0 at 2 , 2 , 2  and molecule  1 at 2 , 1 , 0 .
cenpos [2, 2, 2]
maxTVs:  2
nVs:  3
No molecule in 2nd position.
Reorg:  []
lengths [6, 6, 6]
Sat, 21 Jun 2014 01:53:55 +0000
a,b,c 2 1 1
Attempting to swapping charges of molecule  0 at 2 , 2 , 2  and molecule  0 at 2 , 1 , 1 .
cenpos [2, 2, 2]
maxTVs:  2
nVs:  2
Already Calculated
Reorg:  0.61904094891
lengths [6, 6, 6]
Attempting to swapping charges of molecule  0 at 2 , 2 , 2  and molecule  1 at 2 , 1 , 1 .
cenpos [2, 2, 2]
maxTVs:  2
nVs:  2
Already Calculated
Reorg:  0.542307462826
lengths [6, 6, 6]
Sat, 21 Jun 2014 01:53:55 +0000
a,b,c 2 1 2
Attempting to swapping charges of molecule  0 at 2 , 2 , 2  and molecule  0 at 2 , 1 , 2 .
cenpos [2, 2, 2]
maxTVs:  2
nVs:  1
Already Calculated
Reorg:  0.474426163097
lengths [6, 6, 6]
Attempting to swapping charges of molecule  0 at 2 , 2 , 2  and molecule  1 at 2 , 1 , 2 .
cenpos [2, 2, 2]
maxTVs:  2
nVs:  1
Already Calculated
Reorg:  0.351395506729
lengths [6, 6, 6]
Sat, 21 Jun 2014 01:53:55 +0000
a,b,c 2 1 3
Attempting to swapping charges of molecule  0 at 2 , 2 , 2  and molecule  0 at 2 , 1 , 3 .
cenpos [2, 2, 2]
maxTVs:  2
nVs:  2
Already Calculated
Reorg:  0.617579285226
lengths [6, 6, 6]
Attempting to swapping charges of molecule  0 at 2 , 2 , 2  and molecule  1 at 2 , 1 , 3 .
cenpos [2, 2, 2]
maxTVs:  2
nVs:  2
Already Calculated
Reorg:  0.541412554757
lengths [6, 6, 6]
Sat, 21 Jun 2014 01:53:55 +0000
a,b,c 2 1 4
Attempting to swapping charges of molecule  0 at 2 , 2 , 2  and molecule  0 at 2 , 1 , 4 .
cenpos [2, 2, 2]
maxTVs:  2
nVs:  3
No molecule in 2nd position.
Reorg:  []
lengths [6, 6, 6]
Attempting to swapping charges of molecule  0 at 2 , 2 , 2  and molecule  1 at 2 , 1 , 4 .
cenpos [2, 2, 2]
maxTVs:  2
nVs:  3
No molecule in 2nd position.
Reorg:  []
lengths [6, 6, 6]
Sat, 21 Jun 2014 01:53:55 +0000
a,b,c 2 2 0
Attempting to swapping charges of molecule  0 at 2 , 2 , 2  and molecule  0 at 2 , 2 , 0 .
cenpos [2, 2, 2]
maxTVs:  2
nVs:  2
charges split: 0.5 0.5
charges still split: 0.5 0.5
Olduqd  -1.74363987851 , Newuqd -0.463390461983 .
Success.
Reorg:  0.640124708266
lengths [6, 6, 6]
Attempting to swapping charges of molecule  0 at 2 , 2 , 2  and molecule  1 at 2 , 2 , 0 .
cenpos [2, 2, 2]
maxTVs:  2
nVs:  2
charges split: 0.5 0.5
charges still split: 0.5 0.5
Olduqd  -1.74363987851 , Newuqd -0.463605217261 .
Success.
Reorg:  0.640017330627
lengths [6, 6, 6]
Sat, 21 Jun 2014 01:53:56 +0000
a,b,c 2 2 1
Attempting to swapping charges of molecule  0 at 2 , 2 , 2  and molecule  0 at 2 , 2 , 1 .
cenpos [2, 2, 2]
maxTVs:  2
nVs:  1
Already Calculated
Reorg:  0.479732217804
lengths [6, 6, 6]
Attempting to swapping charges of molecule  0 at 2 , 2 , 2  and molecule  1 at 2 , 2 , 1 .
cenpos [2, 2, 2]
maxTVs:  2
nVs:  1
Already Calculated
Reorg:  0.490235671397
lengths [6, 6, 6]
Sat, 21 Jun 2014 01:53:56 +0000
a,b,c 2 2 2
Attempting to swapping charges of molecule  0 at 2 , 2 , 2  and molecule  0 at 2 , 2 , 2 .
cenpos [2, 2, 2]
maxTVs:  2
nVs:  0
Same Molecule
Reorg:  0.0
lengths [6, 6, 6]
Attempting to swapping charges of molecule  0 at 2 , 2 , 2  and molecule  1 at 2 , 2 , 2 .
cenpos [2, 2, 2]
maxTVs:  2
nVs:  0
Already Calculated
Reorg:  0.296708320189
lengths [6, 6, 6]
Sat, 21 Jun 2014 01:53:56 +0000
a,b,c 2 2 3
Attempting to swapping charges of molecule  0 at 2 , 2 , 2  and molecule  0 at 2 , 2 , 3 .
cenpos [2, 2, 2]
maxTVs:  2
nVs:  1
Already Calculated
Reorg:  0.479289011363
lengths [6, 6, 6]
Attempting to swapping charges of molecule  0 at 2 , 2 , 2  and molecule  1 at 2 , 2 , 3 .
cenpos [2, 2, 2]
maxTVs:  2
nVs:  1
Already Calculated
Reorg:  0.490458179345
lengths [6, 6, 6]
Sat, 21 Jun 2014 01:53:56 +0000
a,b,c 2 2 4
Attempting to swapping charges of molecule  0 at 2 , 2 , 2  and molecule  0 at 2 , 2 , 4 .
cenpos [2, 2, 2]
maxTVs:  2
nVs:  2
charges split: 0.5 0.5
charges still split: 0.5 0.5
Olduqd  -1.74363987851 , Newuqd -0.463957410559 .
Success.
Reorg:  0.639841233978
lengths [6, 6, 6]
Attempting to swapping charges of molecule  0 at 2 , 2 , 2  and molecule  1 at 2 , 2 , 4 .
cenpos [2, 2, 2]
maxTVs:  2
nVs:  2
charges split: 0.5 0.5
charges still split: 0.5 0.5
Olduqd  -1.74363987851 , Newuqd -0.463809045936 .
Success.
Reorg:  0.639915416289
lengths [6, 6, 6]
Sat, 21 Jun 2014 01:53:56 +0000
a,b,c 2 3 0
Attempting to swapping charges of molecule  0 at 2 , 2 , 2  and molecule  0 at 2 , 3 , 0 .
cenpos [2, 2, 2]
maxTVs:  2
nVs:  3
No molecule in 2nd position.
Reorg:  []
lengths [6, 6, 6]
Attempting to swapping charges of molecule  0 at 2 , 2 , 2  and molecule  1 at 2 , 3 , 0 .
cenpos [2, 2, 2]
maxTVs:  2
nVs:  3
No molecule in 2nd position.
Reorg:  []
lengths [6, 6, 6]
Sat, 21 Jun 2014 01:53:56 +0000
a,b,c 2 3 1
Attempting to swapping charges of molecule  0 at 2 , 2 , 2  and molecule  0 at 2 , 3 , 1 .
cenpos [2, 2, 2]
maxTVs:  2
nVs:  2
Already Calculated
Reorg:  0.547561168885
lengths [6, 6, 6]
Attempting to swapping charges of molecule  0 at 2 , 2 , 2  and molecule  1 at 2 , 3 , 1 .
cenpos [2, 2, 2]
maxTVs:  2
nVs:  2
Already Calculated
Reorg:  0.624477687599
lengths [6, 6, 6]
Sat, 21 Jun 2014 01:53:56 +0000
a,b,c 2 3 2
Attempting to swapping charges of molecule  0 at 2 , 2 , 2  and molecule  0 at 2 , 3 , 2 .
cenpos [2, 2, 2]
maxTVs:  2
nVs:  1
Already Calculated
Reorg:  0.432796138876
lengths [6, 6, 6]
Attempting to swapping charges of molecule  0 at 2 , 2 , 2  and molecule  1 at 2 , 3 , 2 .
cenpos [2, 2, 2]
maxTVs:  2
nVs:  1
Already Calculated
Reorg:  0.495671626154
lengths [6, 6, 6]
Sat, 21 Jun 2014 01:53:56 +0000
a,b,c 2 3 3
Attempting to swapping charges of molecule  0 at 2 , 2 , 2  and molecule  0 at 2 , 3 , 3 .
cenpos [2, 2, 2]
maxTVs:  2
nVs:  2
Already Calculated
Reorg:  0.548992692716
lengths [6, 6, 6]
Attempting to swapping charges of molecule  0 at 2 , 2 , 2  and molecule  1 at 2 , 3 , 3 .
cenpos [2, 2, 2]
maxTVs:  2
nVs:  2
Already Calculated
Reorg:  0.625361519447
lengths [6, 6, 6]
Sat, 21 Jun 2014 01:53:56 +0000
a,b,c 2 3 4
Attempting to swapping charges of molecule  0 at 2 , 2 , 2  and molecule  0 at 2 , 3 , 4 .
cenpos [2, 2, 2]
maxTVs:  2
nVs:  3
No molecule in 2nd position.
Reorg:  []
lengths [6, 6, 6]
Attempting to swapping charges of molecule  0 at 2 , 2 , 2  and molecule  1 at 2 , 3 , 4 .
cenpos [2, 2, 2]
maxTVs:  2
nVs:  3
No molecule in 2nd position.
Reorg:  []
lengths [6, 6, 6]
Sat, 21 Jun 2014 01:53:57 +0000
a,b,c 2 4 0
Attempting to swapping charges of molecule  0 at 2 , 2 , 2  and molecule  0 at 2 , 4 , 0 .
cenpos [2, 2, 2]
maxTVs:  2
nVs:  4
No molecule in 2nd position.
Reorg:  []
lengths [6, 6, 6]
Attempting to swapping charges of molecule  0 at 2 , 2 , 2  and molecule  1 at 2 , 4 , 0 .
cenpos [2, 2, 2]
maxTVs:  2
nVs:  4
No molecule in 2nd position.
Reorg:  []
lengths [6, 6, 6]
Sat, 21 Jun 2014 01:53:57 +0000
a,b,c 2 4 1
Attempting to swapping charges of molecule  0 at 2 , 2 , 2  and molecule  0 at 2 , 4 , 1 .
cenpos [2, 2, 2]
maxTVs:  2
nVs:  3
No molecule in 2nd position.
Reorg:  []
lengths [6, 6, 6]
Attempting to swapping charges of molecule  0 at 2 , 2 , 2  and molecule  1 at 2 , 4 , 1 .
cenpos [2, 2, 2]
maxTVs:  2
nVs:  3
No molecule in 2nd position.
Reorg:  []
lengths [6, 6, 6]
Sat, 21 Jun 2014 01:53:57 +0000
a,b,c 2 4 2
Attempting to swapping charges of molecule  0 at 2 , 2 , 2  and molecule  0 at 2 , 4 , 2 .
cenpos [2, 2, 2]
maxTVs:  2
nVs:  2
charges split: 0.5 0.5
charges still split: 0.5 0.5
Olduqd  -1.74363987851 , Newuqd -0.59108011981 .
Success.
Reorg:  0.576279879352
lengths [6, 6, 6]
Attempting to swapping charges of molecule  0 at 2 , 2 , 2  and molecule  1 at 2 , 4 , 2 .
cenpos [2, 2, 2]
maxTVs:  2
nVs:  2
charges split: 0.5 0.5
charges still split: 0.5 0.5
Olduqd  -1.74363987851 , Newuqd -0.463429360586 .
Success.
Reorg:  0.640105258964
lengths [6, 6, 6]
Sat, 21 Jun 2014 01:53:57 +0000
a,b,c 2 4 3
Attempting to swapping charges of molecule  0 at 2 , 2 , 2  and molecule  0 at 2 , 4 , 3 .
cenpos [2, 2, 2]
maxTVs:  2
nVs:  3
No molecule in 2nd position.
Reorg:  []
lengths [6, 6, 6]
Attempting to swapping charges of molecule  0 at 2 , 2 , 2  and molecule  1 at 2 , 4 , 3 .
cenpos [2, 2, 2]
maxTVs:  2
nVs:  3
No molecule in 2nd position.
Reorg:  []
lengths [6, 6, 6]
Sat, 21 Jun 2014 01:53:57 +0000
a,b,c 2 4 4
Attempting to swapping charges of molecule  0 at 2 , 2 , 2  and molecule  0 at 2 , 4 , 4 .
cenpos [2, 2, 2]
maxTVs:  2
nVs:  4
No molecule in 2nd position.
Reorg:  []
lengths [6, 6, 6]
Attempting to swapping charges of molecule  0 at 2 , 2 , 2  and molecule  1 at 2 , 4 , 4 .
cenpos [2, 2, 2]
maxTVs:  2
nVs:  4
No molecule in 2nd position.
Reorg:  []
lengths [6, 6, 6]
Sat, 21 Jun 2014 01:53:57 +0000
a,b,c 3 0 0
Attempting to swapping charges of molecule  0 at 2 , 2 , 2  and molecule  0 at 3 , 0 , 0 .
cenpos [2, 2, 2]
maxTVs:  2
nVs:  5
No molecule in 2nd position.
Reorg:  []
lengths [6, 6, 6]
Attempting to swapping charges of molecule  0 at 2 , 2 , 2  and molecule  1 at 3 , 0 , 0 .
cenpos [2, 2, 2]
maxTVs:  2
nVs:  5
No molecule in 2nd position.
Reorg:  []
lengths [6, 6, 6]
Sat, 21 Jun 2014 01:53:57 +0000
a,b,c 3 0 1
Attempting to swapping charges of molecule  0 at 2 , 2 , 2  and molecule  0 at 3 , 0 , 1 .
cenpos [2, 2, 2]
maxTVs:  2
nVs:  4
No molecule in 2nd position.
Reorg:  []
lengths [6, 6, 6]
Attempting to swapping charges of molecule  0 at 2 , 2 , 2  and molecule  1 at 3 , 0 , 1 .
cenpos [2, 2, 2]
maxTVs:  2
nVs:  4
No molecule in 2nd position.
Reorg:  []
lengths [6, 6, 6]
Sat, 21 Jun 2014 01:53:57 +0000
a,b,c 3 0 2
Attempting to swapping charges of molecule  0 at 2 , 2 , 2  and molecule  0 at 3 , 0 , 2 .
cenpos [2, 2, 2]
maxTVs:  2
nVs:  3
No molecule in 2nd position.
Reorg:  []
lengths [6, 6, 6]
Attempting to swapping charges of molecule  0 at 2 , 2 , 2  and molecule  1 at 3 , 0 , 2 .
cenpos [2, 2, 2]
maxTVs:  2
nVs:  3
No molecule in 2nd position.
Reorg:  []
lengths [6, 6, 6]
Sat, 21 Jun 2014 01:53:57 +0000
a,b,c 3 0 3
Attempting to swapping charges of molecule  0 at 2 , 2 , 2  and molecule  0 at 3 , 0 , 3 .
cenpos [2, 2, 2]
maxTVs:  2
nVs:  4
No molecule in 2nd position.
Reorg:  []
lengths [6, 6, 6]
Attempting to swapping charges of molecule  0 at 2 , 2 , 2  and molecule  1 at 3 , 0 , 3 .
cenpos [2, 2, 2]
maxTVs:  2
nVs:  4
No molecule in 2nd position.
Reorg:  []
lengths [6, 6, 6]
Sat, 21 Jun 2014 01:53:58 +0000
a,b,c 3 0 4
Attempting to swapping charges of molecule  0 at 2 , 2 , 2  and molecule  0 at 3 , 0 , 4 .
cenpos [2, 2, 2]
maxTVs:  2
nVs:  5
No molecule in 2nd position.
Reorg:  []
lengths [6, 6, 6]
Attempting to swapping charges of molecule  0 at 2 , 2 , 2  and molecule  1 at 3 , 0 , 4 .
cenpos [2, 2, 2]
maxTVs:  2
nVs:  5
No molecule in 2nd position.
Reorg:  []
lengths [6, 6, 6]
Sat, 21 Jun 2014 01:53:58 +0000
a,b,c 3 1 0
Attempting to swapping charges of molecule  0 at 2 , 2 , 2  and molecule  0 at 3 , 1 , 0 .
cenpos [2, 2, 2]
maxTVs:  2
nVs:  4
No molecule in 2nd position.
Reorg:  []
lengths [6, 6, 6]
Attempting to swapping charges of molecule  0 at 2 , 2 , 2  and molecule  1 at 3 , 1 , 0 .
cenpos [2, 2, 2]
maxTVs:  2
nVs:  4
No molecule in 2nd position.
Reorg:  []
lengths [6, 6, 6]
Sat, 21 Jun 2014 01:53:58 +0000
a,b,c 3 1 1
Attempting to swapping charges of molecule  0 at 2 , 2 , 2  and molecule  0 at 3 , 1 , 1 .
cenpos [2, 2, 2]
maxTVs:  2
nVs:  3
No molecule in 2nd position.
Reorg:  []
lengths [6, 6, 6]
Attempting to swapping charges of molecule  0 at 2 , 2 , 2  and molecule  1 at 3 , 1 , 1 .
cenpos [2, 2, 2]
maxTVs:  2
nVs:  3
No molecule in 2nd position.
Reorg:  []
lengths [6, 6, 6]
Sat, 21 Jun 2014 01:53:58 +0000
a,b,c 3 1 2
Attempting to swapping charges of molecule  0 at 2 , 2 , 2  and molecule  0 at 3 , 1 , 2 .
cenpos [2, 2, 2]
maxTVs:  2
nVs:  2
Already Calculated
Reorg:  0.46117935739
lengths [6, 6, 6]
Attempting to swapping charges of molecule  0 at 2 , 2 , 2  and molecule  1 at 3 , 1 , 2 .
cenpos [2, 2, 2]
maxTVs:  2
nVs:  2
Already Calculated
Reorg:  0.501383374289
lengths [6, 6, 6]
Sat, 21 Jun 2014 01:53:58 +0000
a,b,c 3 1 3
Attempting to swapping charges of molecule  0 at 2 , 2 , 2  and molecule  0 at 3 , 1 , 3 .
cenpos [2, 2, 2]
maxTVs:  2
nVs:  3
No molecule in 2nd position.
Reorg:  []
lengths [6, 6, 6]
Attempting to swapping charges of molecule  0 at 2 , 2 , 2  and molecule  1 at 3 , 1 , 3 .
cenpos [2, 2, 2]
maxTVs:  2
nVs:  3
No molecule in 2nd position.
Reorg:  []
lengths [6, 6, 6]
Sat, 21 Jun 2014 01:53:58 +0000
a,b,c 3 1 4
Attempting to swapping charges of molecule  0 at 2 , 2 , 2  and molecule  0 at 3 , 1 , 4 .
cenpos [2, 2, 2]
maxTVs:  2
nVs:  4
No molecule in 2nd position.
Reorg:  []
lengths [6, 6, 6]
Attempting to swapping charges of molecule  0 at 2 , 2 , 2  and molecule  1 at 3 , 1 , 4 .
cenpos [2, 2, 2]
maxTVs:  2
nVs:  4
No molecule in 2nd position.
Reorg:  []
lengths [6, 6, 6]
Sat, 21 Jun 2014 01:53:58 +0000
a,b,c 3 2 0
Attempting to swapping charges of molecule  0 at 2 , 2 , 2  and molecule  0 at 3 , 2 , 0 .
cenpos [2, 2, 2]
maxTVs:  2
nVs:  3
No molecule in 2nd position.
Reorg:  []
lengths [6, 6, 6]
Attempting to swapping charges of molecule  0 at 2 , 2 , 2  and molecule  1 at 3 , 2 , 0 .
cenpos [2, 2, 2]
maxTVs:  2
nVs:  3
No molecule in 2nd position.
Reorg:  []
lengths [6, 6, 6]
Sat, 21 Jun 2014 01:53:58 +0000
a,b,c 3 2 1
Attempting to swapping charges of molecule  0 at 2 , 2 , 2  and molecule  0 at 3 , 2 , 1 .
cenpos [2, 2, 2]
maxTVs:  2
nVs:  2
Already Calculated
Reorg:  0.465804401673
lengths [6, 6, 6]
Attempting to swapping charges of molecule  0 at 2 , 2 , 2  and molecule  1 at 3 , 2 , 1 .
cenpos [2, 2, 2]
maxTVs:  2
nVs:  2
Already Calculated
Reorg:  0.539579524983
lengths [6, 6, 6]
Sat, 21 Jun 2014 01:53:58 +0000
a,b,c 3 2 2
Attempting to swapping charges of molecule  0 at 2 , 2 , 2  and molecule  0 at 3 , 2 , 2 .
cenpos [2, 2, 2]
maxTVs:  2
nVs:  1
Already Calculated
Reorg:  0.224382490655
lengths [6, 6, 6]
Attempting to swapping charges of molecule  0 at 2 , 2 , 2  and molecule  1 at 3 , 2 , 2 .
cenpos [2, 2, 2]
maxTVs:  2
nVs:  1
Already Calculated
Reorg:  0.447804588952
lengths [6, 6, 6]
Sat, 21 Jun 2014 01:53:58 +0000
a,b,c 3 2 3
Attempting to swapping charges of molecule  0 at 2 , 2 , 2  and molecule  0 at 3 , 2 , 3 .
cenpos [2, 2, 2]
maxTVs:  2
nVs:  2
Already Calculated
Reorg:  0.468094069004
lengths [6, 6, 6]
Attempting to swapping charges of molecule  0 at 2 , 2 , 2  and molecule  1 at 3 , 2 , 3 .
cenpos [2, 2, 2]
maxTVs:  2
nVs:  2
Already Calculated
Reorg:  0.539510712671
lengths [6, 6, 6]
Sat, 21 Jun 2014 01:53:58 +0000
a,b,c 3 2 4
Attempting to swapping charges of molecule  0 at 2 , 2 , 2  and molecule  0 at 3 , 2 , 4 .
cenpos [2, 2, 2]
maxTVs:  2
nVs:  3
No molecule in 2nd position.
Reorg:  []
lengths [6, 6, 6]
Attempting to swapping charges of molecule  0 at 2 , 2 , 2  and molecule  1 at 3 , 2 , 4 .
cenpos [2, 2, 2]
maxTVs:  2
nVs:  3
No molecule in 2nd position.
Reorg:  []
lengths [6, 6, 6]
Sat, 21 Jun 2014 01:53:58 +0000
a,b,c 3 3 0
Attempting to swapping charges of molecule  0 at 2 , 2 , 2  and molecule  0 at 3 , 3 , 0 .
cenpos [2, 2, 2]
maxTVs:  2
nVs:  4
No molecule in 2nd position.
Reorg:  []
lengths [6, 6, 6]
Attempting to swapping charges of molecule  0 at 2 , 2 , 2  and molecule  1 at 3 , 3 , 0 .
cenpos [2, 2, 2]
maxTVs:  2
nVs:  4
No molecule in 2nd position.
Reorg:  []
lengths [6, 6, 6]
Sat, 21 Jun 2014 01:53:59 +0000
a,b,c 3 3 1
Attempting to swapping charges of molecule  0 at 2 , 2 , 2  and molecule  0 at 3 , 3 , 1 .
cenpos [2, 2, 2]
maxTVs:  2
nVs:  3
No molecule in 2nd position.
Reorg:  []
lengths [6, 6, 6]
Attempting to swapping charges of molecule  0 at 2 , 2 , 2  and molecule  1 at 3 , 3 , 1 .
cenpos [2, 2, 2]
maxTVs:  2
nVs:  3
No molecule in 2nd position.
Reorg:  []
lengths [6, 6, 6]
Sat, 21 Jun 2014 01:53:59 +0000
a,b,c 3 3 2
Attempting to swapping charges of molecule  0 at 2 , 2 , 2  and molecule  0 at 3 , 3 , 2 .
cenpos [2, 2, 2]
maxTVs:  2
nVs:  2
Already Calculated
Reorg:  0.423171633579
lengths [6, 6, 6]
Attempting to swapping charges of molecule  0 at 2 , 2 , 2  and molecule  1 at 3 , 3 , 2 .
cenpos [2, 2, 2]
maxTVs:  2
nVs:  2
Already Calculated
Reorg:  0.549070209789
lengths [6, 6, 6]
Sat, 21 Jun 2014 01:53:59 +0000
a,b,c 3 3 3
Attempting to swapping charges of molecule  0 at 2 , 2 , 2  and molecule  0 at 3 , 3 , 3 .
cenpos [2, 2, 2]
maxTVs:  2
nVs:  3
No molecule in 2nd position.
Reorg:  []
lengths [6, 6, 6]
Attempting to swapping charges of molecule  0 at 2 , 2 , 2  and molecule  1 at 3 , 3 , 3 .
cenpos [2, 2, 2]
maxTVs:  2
nVs:  3
No molecule in 2nd position.
Reorg:  []
lengths [6, 6, 6]
Sat, 21 Jun 2014 01:53:59 +0000
a,b,c 3 3 4
Attempting to swapping charges of molecule  0 at 2 , 2 , 2  and molecule  0 at 3 , 3 , 4 .
cenpos [2, 2, 2]
maxTVs:  2
nVs:  4
No molecule in 2nd position.
Reorg:  []
lengths [6, 6, 6]
Attempting to swapping charges of molecule  0 at 2 , 2 , 2  and molecule  1 at 3 , 3 , 4 .
cenpos [2, 2, 2]
maxTVs:  2
nVs:  4
No molecule in 2nd position.
Reorg:  []
lengths [6, 6, 6]
Sat, 21 Jun 2014 01:53:59 +0000
a,b,c 3 4 0
Attempting to swapping charges of molecule  0 at 2 , 2 , 2  and molecule  0 at 3 , 4 , 0 .
cenpos [2, 2, 2]
maxTVs:  2
nVs:  5
No molecule in 2nd position.
Reorg:  []
lengths [6, 6, 6]
Attempting to swapping charges of molecule  0 at 2 , 2 , 2  and molecule  1 at 3 , 4 , 0 .
cenpos [2, 2, 2]
maxTVs:  2
nVs:  5
No molecule in 2nd position.
Reorg:  []
lengths [6, 6, 6]
Sat, 21 Jun 2014 01:53:59 +0000
a,b,c 3 4 1
Attempting to swapping charges of molecule  0 at 2 , 2 , 2  and molecule  0 at 3 , 4 , 1 .
cenpos [2, 2, 2]
maxTVs:  2
nVs:  4
No molecule in 2nd position.
Reorg:  []
lengths [6, 6, 6]
Attempting to swapping charges of molecule  0 at 2 , 2 , 2  and molecule  1 at 3 , 4 , 1 .
cenpos [2, 2, 2]
maxTVs:  2
nVs:  4
No molecule in 2nd position.
Reorg:  []
lengths [6, 6, 6]
Sat, 21 Jun 2014 01:53:59 +0000
a,b,c 3 4 2
Attempting to swapping charges of molecule  0 at 2 , 2 , 2  and molecule  0 at 3 , 4 , 2 .
cenpos [2, 2, 2]
maxTVs:  2
nVs:  3
No molecule in 2nd position.
Reorg:  []
lengths [6, 6, 6]
Attempting to swapping charges of molecule  0 at 2 , 2 , 2  and molecule  1 at 3 , 4 , 2 .
cenpos [2, 2, 2]
maxTVs:  2
nVs:  3
No molecule in 2nd position.
Reorg:  []
lengths [6, 6, 6]
Sat, 21 Jun 2014 01:53:59 +0000
a,b,c 3 4 3
Attempting to swapping charges of molecule  0 at 2 , 2 , 2  and molecule  0 at 3 , 4 , 3 .
cenpos [2, 2, 2]
maxTVs:  2
nVs:  4
No molecule in 2nd position.
Reorg:  []
lengths [6, 6, 6]
Attempting to swapping charges of molecule  0 at 2 , 2 , 2  and molecule  1 at 3 , 4 , 3 .
cenpos [2, 2, 2]
maxTVs:  2
nVs:  4
No molecule in 2nd position.
Reorg:  []
lengths [6, 6, 6]
Sat, 21 Jun 2014 01:53:59 +0000
a,b,c 3 4 4
Attempting to swapping charges of molecule  0 at 2 , 2 , 2  and molecule  0 at 3 , 4 , 4 .
cenpos [2, 2, 2]
maxTVs:  2
nVs:  5
No molecule in 2nd position.
Reorg:  []
lengths [6, 6, 6]
Attempting to swapping charges of molecule  0 at 2 , 2 , 2  and molecule  1 at 3 , 4 , 4 .
cenpos [2, 2, 2]
maxTVs:  2
nVs:  5
No molecule in 2nd position.
Reorg:  []
lengths [6, 6, 6]
Sat, 21 Jun 2014 01:53:59 +0000
a,b,c 4 0 0
Attempting to swapping charges of molecule  0 at 2 , 2 , 2  and molecule  0 at 4 , 0 , 0 .
cenpos [2, 2, 2]
maxTVs:  2
nVs:  6
No molecule in 2nd position.
Reorg:  []
lengths [6, 6, 6]
Attempting to swapping charges of molecule  0 at 2 , 2 , 2  and molecule  1 at 4 , 0 , 0 .
cenpos [2, 2, 2]
maxTVs:  2
nVs:  6
No molecule in 2nd position.
Reorg:  []
lengths [6, 6, 6]
Sat, 21 Jun 2014 01:53:59 +0000
a,b,c 4 0 1
Attempting to swapping charges of molecule  0 at 2 , 2 , 2  and molecule  0 at 4 , 0 , 1 .
cenpos [2, 2, 2]
maxTVs:  2
nVs:  5
No molecule in 2nd position.
Reorg:  []
lengths [6, 6, 6]
Attempting to swapping charges of molecule  0 at 2 , 2 , 2  and molecule  1 at 4 , 0 , 1 .
cenpos [2, 2, 2]
maxTVs:  2
nVs:  5
No molecule in 2nd position.
Reorg:  []
lengths [6, 6, 6]
Sat, 21 Jun 2014 01:53:59 +0000
a,b,c 4 0 2
Attempting to swapping charges of molecule  0 at 2 , 2 , 2  and molecule  0 at 4 , 0 , 2 .
cenpos [2, 2, 2]
maxTVs:  2
nVs:  4
No molecule in 2nd position.
Reorg:  []
lengths [6, 6, 6]
Attempting to swapping charges of molecule  0 at 2 , 2 , 2  and molecule  1 at 4 , 0 , 2 .
cenpos [2, 2, 2]
maxTVs:  2
nVs:  4
No molecule in 2nd position.
Reorg:  []
lengths [6, 6, 6]
Sat, 21 Jun 2014 01:53:59 +0000
a,b,c 4 0 3
Attempting to swapping charges of molecule  0 at 2 , 2 , 2  and molecule  0 at 4 , 0 , 3 .
cenpos [2, 2, 2]
maxTVs:  2
nVs:  5
No molecule in 2nd position.
Reorg:  []
lengths [6, 6, 6]
Attempting to swapping charges of molecule  0 at 2 , 2 , 2  and molecule  1 at 4 , 0 , 3 .
cenpos [2, 2, 2]
maxTVs:  2
nVs:  5
No molecule in 2nd position.
Reorg:  []
lengths [6, 6, 6]
Sat, 21 Jun 2014 01:53:59 +0000
a,b,c 4 0 4
Attempting to swapping charges of molecule  0 at 2 , 2 , 2  and molecule  0 at 4 , 0 , 4 .
cenpos [2, 2, 2]
maxTVs:  2
nVs:  6
No molecule in 2nd position.
Reorg:  []
lengths [6, 6, 6]
Attempting to swapping charges of molecule  0 at 2 , 2 , 2  and molecule  1 at 4 , 0 , 4 .
cenpos [2, 2, 2]
maxTVs:  2
nVs:  6
No molecule in 2nd position.
Reorg:  []
lengths [6, 6, 6]
Sat, 21 Jun 2014 01:53:59 +0000
a,b,c 4 1 0
Attempting to swapping charges of molecule  0 at 2 , 2 , 2  and molecule  0 at 4 , 1 , 0 .
cenpos [2, 2, 2]
maxTVs:  2
nVs:  5
No molecule in 2nd position.
Reorg:  []
lengths [6, 6, 6]
Attempting to swapping charges of molecule  0 at 2 , 2 , 2  and molecule  1 at 4 , 1 , 0 .
cenpos [2, 2, 2]
maxTVs:  2
nVs:  5
No molecule in 2nd position.
Reorg:  []
lengths [6, 6, 6]
Sat, 21 Jun 2014 01:53:59 +0000
a,b,c 4 1 1
Attempting to swapping charges of molecule  0 at 2 , 2 , 2  and molecule  0 at 4 , 1 , 1 .
cenpos [2, 2, 2]
maxTVs:  2
nVs:  4
No molecule in 2nd position.
Reorg:  []
lengths [6, 6, 6]
Attempting to swapping charges of molecule  0 at 2 , 2 , 2  and molecule  1 at 4 , 1 , 1 .
cenpos [2, 2, 2]
maxTVs:  2
nVs:  4
No molecule in 2nd position.
Reorg:  []
lengths [6, 6, 6]
Sat, 21 Jun 2014 01:54:00 +0000
a,b,c 4 1 2
Attempting to swapping charges of molecule  0 at 2 , 2 , 2  and molecule  0 at 4 , 1 , 2 .
cenpos [2, 2, 2]
maxTVs:  2
nVs:  3
No molecule in 2nd position.
Reorg:  []
lengths [6, 6, 6]
Attempting to swapping charges of molecule  0 at 2 , 2 , 2  and molecule  1 at 4 , 1 , 2 .
cenpos [2, 2, 2]
maxTVs:  2
nVs:  3
No molecule in 2nd position.
Reorg:  []
lengths [6, 6, 6]
Sat, 21 Jun 2014 01:54:00 +0000
a,b,c 4 1 3
Attempting to swapping charges of molecule  0 at 2 , 2 , 2  and molecule  0 at 4 , 1 , 3 .
cenpos [2, 2, 2]
maxTVs:  2
nVs:  4
No molecule in 2nd position.
Reorg:  []
lengths [6, 6, 6]
Attempting to swapping charges of molecule  0 at 2 , 2 , 2  and molecule  1 at 4 , 1 , 3 .
cenpos [2, 2, 2]
maxTVs:  2
nVs:  4
No molecule in 2nd position.
Reorg:  []
lengths [6, 6, 6]
Sat, 21 Jun 2014 01:54:00 +0000
a,b,c 4 1 4
Attempting to swapping charges of molecule  0 at 2 , 2 , 2  and molecule  0 at 4 , 1 , 4 .
cenpos [2, 2, 2]
maxTVs:  2
nVs:  5
No molecule in 2nd position.
Reorg:  []
lengths [6, 6, 6]
Attempting to swapping charges of molecule  0 at 2 , 2 , 2  and molecule  1 at 4 , 1 , 4 .
cenpos [2, 2, 2]
maxTVs:  2
nVs:  5
No molecule in 2nd position.
Reorg:  []
lengths [6, 6, 6]
Sat, 21 Jun 2014 01:54:00 +0000
a,b,c 4 2 0
Attempting to swapping charges of molecule  0 at 2 , 2 , 2  and molecule  0 at 4 , 2 , 0 .
cenpos [2, 2, 2]
maxTVs:  2
nVs:  4
No molecule in 2nd position.
Reorg:  []
lengths [6, 6, 6]
Attempting to swapping charges of molecule  0 at 2 , 2 , 2  and molecule  1 at 4 , 2 , 0 .
cenpos [2, 2, 2]
maxTVs:  2
nVs:  4
No molecule in 2nd position.
Reorg:  []
lengths [6, 6, 6]
Sat, 21 Jun 2014 01:54:00 +0000
a,b,c 4 2 1
Attempting to swapping charges of molecule  0 at 2 , 2 , 2  and molecule  0 at 4 , 2 , 1 .
cenpos [2, 2, 2]
maxTVs:  2
nVs:  3
No molecule in 2nd position.
Reorg:  []
lengths [6, 6, 6]
Attempting to swapping charges of molecule  0 at 2 , 2 , 2  and molecule  1 at 4 , 2 , 1 .
cenpos [2, 2, 2]
maxTVs:  2
nVs:  3
No molecule in 2nd position.
Reorg:  []
lengths [6, 6, 6]
Sat, 21 Jun 2014 01:54:00 +0000
a,b,c 4 2 2
Attempting to swapping charges of molecule  0 at 2 , 2 , 2  and molecule  0 at 4 , 2 , 2 .
cenpos [2, 2, 2]
maxTVs:  2
nVs:  2
charges split: 0.5 0.5
charges still split: 0.5 0.5
Olduqd  -1.74363987851 , Newuqd -0.803508017849 .
Success.
Reorg:  0.470065930333
lengths [6, 6, 6]
Attempting to swapping charges of molecule  0 at 2 , 2 , 2  and molecule  1 at 4 , 2 , 2 .
cenpos [2, 2, 2]
maxTVs:  2
nVs:  2
charges split: 0.5 0.5
charges still split: 0.5 0.5
Olduqd  -1.74363987851 , Newuqd -0.655100953286 .
Success.
Reorg:  0.544269462614
lengths [6, 6, 6]
Sat, 21 Jun 2014 01:54:00 +0000
a,b,c 4 2 3
Attempting to swapping charges of molecule  0 at 2 , 2 , 2  and molecule  0 at 4 , 2 , 3 .
cenpos [2, 2, 2]
maxTVs:  2
nVs:  3
No molecule in 2nd position.
Reorg:  []
lengths [6, 6, 6]
Attempting to swapping charges of molecule  0 at 2 , 2 , 2  and molecule  1 at 4 , 2 , 3 .
cenpos [2, 2, 2]
maxTVs:  2
nVs:  3
No molecule in 2nd position.
Reorg:  []
lengths [6, 6, 6]
Sat, 21 Jun 2014 01:54:00 +0000
a,b,c 4 2 4
Attempting to swapping charges of molecule  0 at 2 , 2 , 2  and molecule  0 at 4 , 2 , 4 .
cenpos [2, 2, 2]
maxTVs:  2
nVs:  4
No molecule in 2nd position.
Reorg:  []
lengths [6, 6, 6]
Attempting to swapping charges of molecule  0 at 2 , 2 , 2  and molecule  1 at 4 , 2 , 4 .
cenpos [2, 2, 2]
maxTVs:  2
nVs:  4
No molecule in 2nd position.
Reorg:  []
lengths [6, 6, 6]
Sat, 21 Jun 2014 01:54:00 +0000
a,b,c 4 3 0
Attempting to swapping charges of molecule  0 at 2 , 2 , 2  and molecule  0 at 4 , 3 , 0 .
cenpos [2, 2, 2]
maxTVs:  2
nVs:  5
No molecule in 2nd position.
Reorg:  []
lengths [6, 6, 6]
Attempting to swapping charges of molecule  0 at 2 , 2 , 2  and molecule  1 at 4 , 3 , 0 .
cenpos [2, 2, 2]
maxTVs:  2
nVs:  5
No molecule in 2nd position.
Reorg:  []
lengths [6, 6, 6]
Sat, 21 Jun 2014 01:54:00 +0000
a,b,c 4 3 1
Attempting to swapping charges of molecule  0 at 2 , 2 , 2  and molecule  0 at 4 , 3 , 1 .
cenpos [2, 2, 2]
maxTVs:  2
nVs:  4
No molecule in 2nd position.
Reorg:  []
lengths [6, 6, 6]
Attempting to swapping charges of molecule  0 at 2 , 2 , 2  and molecule  1 at 4 , 3 , 1 .
cenpos [2, 2, 2]
maxTVs:  2
nVs:  4
No molecule in 2nd position.
Reorg:  []
lengths [6, 6, 6]
Sat, 21 Jun 2014 01:54:00 +0000
a,b,c 4 3 2
Attempting to swapping charges of molecule  0 at 2 , 2 , 2  and molecule  0 at 4 , 3 , 2 .
cenpos [2, 2, 2]
maxTVs:  2
nVs:  3
No molecule in 2nd position.
Reorg:  []
lengths [6, 6, 6]
Attempting to swapping charges of molecule  0 at 2 , 2 , 2  and molecule  1 at 4 , 3 , 2 .
cenpos [2, 2, 2]
maxTVs:  2
nVs:  3
No molecule in 2nd position.
Reorg:  []
lengths [6, 6, 6]
Sat, 21 Jun 2014 01:54:01 +0000
a,b,c 4 3 3
Attempting to swapping charges of molecule  0 at 2 , 2 , 2  and molecule  0 at 4 , 3 , 3 .
cenpos [2, 2, 2]
maxTVs:  2
nVs:  4
No molecule in 2nd position.
Reorg:  []
lengths [6, 6, 6]
Attempting to swapping charges of molecule  0 at 2 , 2 , 2  and molecule  1 at 4 , 3 , 3 .
cenpos [2, 2, 2]
maxTVs:  2
nVs:  4
No molecule in 2nd position.
Reorg:  []
lengths [6, 6, 6]
Sat, 21 Jun 2014 01:54:01 +0000
a,b,c 4 3 4
Attempting to swapping charges of molecule  0 at 2 , 2 , 2  and molecule  0 at 4 , 3 , 4 .
cenpos [2, 2, 2]
maxTVs:  2
nVs:  5
No molecule in 2nd position.
Reorg:  []
lengths [6, 6, 6]
Attempting to swapping charges of molecule  0 at 2 , 2 , 2  and molecule  1 at 4 , 3 , 4 .
cenpos [2, 2, 2]
maxTVs:  2
nVs:  5
No molecule in 2nd position.
Reorg:  []
lengths [6, 6, 6]
Sat, 21 Jun 2014 01:54:01 +0000
a,b,c 4 4 0
Attempting to swapping charges of molecule  0 at 2 , 2 , 2  and molecule  0 at 4 , 4 , 0 .
cenpos [2, 2, 2]
maxTVs:  2
nVs:  6
No molecule in 2nd position.
Reorg:  []
lengths [6, 6, 6]
Attempting to swapping charges of molecule  0 at 2 , 2 , 2  and molecule  1 at 4 , 4 , 0 .
cenpos [2, 2, 2]
maxTVs:  2
nVs:  6
No molecule in 2nd position.
Reorg:  []
lengths [6, 6, 6]
Sat, 21 Jun 2014 01:54:01 +0000
a,b,c 4 4 1
Attempting to swapping charges of molecule  0 at 2 , 2 , 2  and molecule  0 at 4 , 4 , 1 .
cenpos [2, 2, 2]
maxTVs:  2
nVs:  5
No molecule in 2nd position.
Reorg:  []
lengths [6, 6, 6]
Attempting to swapping charges of molecule  0 at 2 , 2 , 2  and molecule  1 at 4 , 4 , 1 .
cenpos [2, 2, 2]
maxTVs:  2
nVs:  5
No molecule in 2nd position.
Reorg:  []
lengths [6, 6, 6]
Sat, 21 Jun 2014 01:54:01 +0000
a,b,c 4 4 2
Attempting to swapping charges of molecule  0 at 2 , 2 , 2  and molecule  0 at 4 , 4 , 2 .
cenpos [2, 2, 2]
maxTVs:  2
nVs:  4
No molecule in 2nd position.
Reorg:  []
lengths [6, 6, 6]
Attempting to swapping charges of molecule  0 at 2 , 2 , 2  and molecule  1 at 4 , 4 , 2 .
cenpos [2, 2, 2]
maxTVs:  2
nVs:  4
No molecule in 2nd position.
Reorg:  []
lengths [6, 6, 6]
Sat, 21 Jun 2014 01:54:01 +0000
a,b,c 4 4 3
Attempting to swapping charges of molecule  0 at 2 , 2 , 2  and molecule  0 at 4 , 4 , 3 .
cenpos [2, 2, 2]
maxTVs:  2
nVs:  5
No molecule in 2nd position.
Reorg:  []
lengths [6, 6, 6]
Attempting to swapping charges of molecule  0 at 2 , 2 , 2  and molecule  1 at 4 , 4 , 3 .
cenpos [2, 2, 2]
maxTVs:  2
nVs:  5
No molecule in 2nd position.
Reorg:  []
lengths [6, 6, 6]
Sat, 21 Jun 2014 01:54:01 +0000
a,b,c 4 4 4
Attempting to swapping charges of molecule  0 at 2 , 2 , 2  and molecule  0 at 4 , 4 , 4 .
cenpos [2, 2, 2]
maxTVs:  2
nVs:  6
No molecule in 2nd position.
Reorg:  []
lengths [6, 6, 6]
Attempting to swapping charges of molecule  0 at 2 , 2 , 2  and molecule  1 at 4 , 4 , 4 .
cenpos [2, 2, 2]
maxTVs:  2
nVs:  6
No molecule in 2nd position.
Reorg:  []
lengths [6, 6, 6]
Job Completed Successfully.
Job terminated normally
