Sat, 21 Jun 2014 01:43:25 +0000
name:  Pc_cation_neut_inner1_outer0 mols_cen:  ['sp_Pc_mola_neut.xyz', 'sp_Pc_molb_neut.xyz']  mols_sur:  ['sp_Pc_mola_neut.xyz', 'sp_Pc_molb_neut.xyz']  TVs:  [[  1.49288364e+01   0.00000000e+00   0.00000000e+00]
 [  7.01216856e-16   1.14517403e+01   0.00000000e+00]
 [ -1.16266687e+01  -6.23860767e+00   2.72256505e+01]]
Placing Molecules.
Molecules placed.
state cation
q:  1.0
Sat, 21 Jun 2014 01:43:25 +0000
Sat, 21 Jun 2014 01:43:25 +0000
Calc jm
Sat, 21 Jun 2014 01:43:25 +0000
Calc dips:
Sat, 21 Jun 2014 01:43:25 +0000
Sat, 21 Jun 2014 01:43:25 +0000
splitting dips onto atoms
Sat, 21 Jun 2014 01:43:25 +0000
summing dips:
Sat, 21 Jun 2014 01:43:25 +0000
total dip moment [[ 2.05781977 -3.87347805  0.15187603]]
Sat, 21 Jun 2014 01:43:25 +0000
Uqq 0.0
Sat, 21 Jun 2014 01:43:25 +0000
Uqd -2.28704272328
Sat, 21 Jun 2014 01:43:25 +0000
Udd 1.14352136164
energyev -1.14352136164
Sat, 21 Jun 2014 01:43:25 +0000
Making .dat cross sections for gnuplot


DIST:  0 

Sat, 21 Jun 2014 01:43:25 +0000
a,b,c 1 1 1
Attempting to swapping charges of molecule  0 at 1 , 1 , 1  and molecule  0 at 1 , 1 , 1 .
cenpos [1, 1, 1]
maxTVs:  1
nVs:  0
Same Molecule
Reorg:  0.0
lengths [4, 4, 4]
Attempting to swapping charges of molecule  0 at 1 , 1 , 1  and molecule  1 at 1 , 1 , 1 .
cenpos [1, 1, 1]
maxTVs:  1
nVs:  0
charges split: 0.5 0.5
charges still split: 0.5 0.5
Olduqd  -2.28704272328 , Newuqd -1.5449719098 .
Success.
Reorg:  0.371035406736
lengths [4, 4, 4]


DIST:  1 

Sat, 21 Jun 2014 01:43:25 +0000
a,b,c 0 0 0
Attempting to swapping charges of molecule  0 at 1 , 1 , 1  and molecule  0 at 0 , 0 , 0 .
cenpos [1, 1, 1]
maxTVs:  1
nVs:  3
No molecule in 2nd position.
Reorg:  []
lengths [4, 4, 4]
Attempting to swapping charges of molecule  0 at 1 , 1 , 1  and molecule  1 at 0 , 0 , 0 .
cenpos [1, 1, 1]
maxTVs:  1
nVs:  3
No molecule in 2nd position.
Reorg:  []
lengths [4, 4, 4]
Sat, 21 Jun 2014 01:43:25 +0000
a,b,c 0 0 1
Attempting to swapping charges of molecule  0 at 1 , 1 , 1  and molecule  0 at 0 , 0 , 1 .
cenpos [1, 1, 1]
maxTVs:  1
nVs:  2
No molecule in 2nd position.
Reorg:  []
lengths [4, 4, 4]
Attempting to swapping charges of molecule  0 at 1 , 1 , 1  and molecule  1 at 0 , 0 , 1 .
cenpos [1, 1, 1]
maxTVs:  1
nVs:  2
No molecule in 2nd position.
Reorg:  []
lengths [4, 4, 4]
Sat, 21 Jun 2014 01:43:25 +0000
a,b,c 0 0 2
Attempting to swapping charges of molecule  0 at 1 , 1 , 1  and molecule  0 at 0 , 0 , 2 .
cenpos [1, 1, 1]
maxTVs:  1
nVs:  3
No molecule in 2nd position.
Reorg:  []
lengths [4, 4, 4]
Attempting to swapping charges of molecule  0 at 1 , 1 , 1  and molecule  1 at 0 , 0 , 2 .
cenpos [1, 1, 1]
maxTVs:  1
nVs:  3
No molecule in 2nd position.
Reorg:  []
lengths [4, 4, 4]
Sat, 21 Jun 2014 01:43:25 +0000
a,b,c 0 1 0
Attempting to swapping charges of molecule  0 at 1 , 1 , 1  and molecule  0 at 0 , 1 , 0 .
cenpos [1, 1, 1]
maxTVs:  1
nVs:  2
No molecule in 2nd position.
Reorg:  []
lengths [4, 4, 4]
Attempting to swapping charges of molecule  0 at 1 , 1 , 1  and molecule  1 at 0 , 1 , 0 .
cenpos [1, 1, 1]
maxTVs:  1
nVs:  2
No molecule in 2nd position.
Reorg:  []
lengths [4, 4, 4]
Sat, 21 Jun 2014 01:43:25 +0000
a,b,c 0 1 1
Attempting to swapping charges of molecule  0 at 1 , 1 , 1  and molecule  0 at 0 , 1 , 1 .
cenpos [1, 1, 1]
maxTVs:  1
nVs:  1
charges split: 0.5 0.5
charges still split: 0.5 0.5
Olduqd  -2.28704272328 , Newuqd -1.47749217521 .
Success.
Reorg:  0.404775274032
lengths [4, 4, 4]
Attempting to swapping charges of molecule  0 at 1 , 1 , 1  and molecule  1 at 0 , 1 , 1 .
cenpos [1, 1, 1]
maxTVs:  1
nVs:  1
charges split: 0.5 0.5
charges still split: 0.5 0.5
Olduqd  -2.28704272328 , Newuqd -0.463986170841 .
Success.
Reorg:  0.911528276217
lengths [4, 4, 4]
Sat, 21 Jun 2014 01:43:25 +0000
a,b,c 0 1 2
Attempting to swapping charges of molecule  0 at 1 , 1 , 1  and molecule  0 at 0 , 1 , 2 .
cenpos [1, 1, 1]
maxTVs:  1
nVs:  2
No molecule in 2nd position.
Reorg:  []
lengths [4, 4, 4]
Attempting to swapping charges of molecule  0 at 1 , 1 , 1  and molecule  1 at 0 , 1 , 2 .
cenpos [1, 1, 1]
maxTVs:  1
nVs:  2
No molecule in 2nd position.
Reorg:  []
lengths [4, 4, 4]
Sat, 21 Jun 2014 01:43:25 +0000
a,b,c 0 2 0
Attempting to swapping charges of molecule  0 at 1 , 1 , 1  and molecule  0 at 0 , 2 , 0 .
cenpos [1, 1, 1]
maxTVs:  1
nVs:  3
No molecule in 2nd position.
Reorg:  []
lengths [4, 4, 4]
Attempting to swapping charges of molecule  0 at 1 , 1 , 1  and molecule  1 at 0 , 2 , 0 .
cenpos [1, 1, 1]
maxTVs:  1
nVs:  3
No molecule in 2nd position.
Reorg:  []
lengths [4, 4, 4]
Sat, 21 Jun 2014 01:43:25 +0000
a,b,c 0 2 1
Attempting to swapping charges of molecule  0 at 1 , 1 , 1  and molecule  0 at 0 , 2 , 1 .
cenpos [1, 1, 1]
maxTVs:  1
nVs:  2
No molecule in 2nd position.
Reorg:  []
lengths [4, 4, 4]
Attempting to swapping charges of molecule  0 at 1 , 1 , 1  and molecule  1 at 0 , 2 , 1 .
cenpos [1, 1, 1]
maxTVs:  1
nVs:  2
No molecule in 2nd position.
Reorg:  []
lengths [4, 4, 4]
Sat, 21 Jun 2014 01:43:25 +0000
a,b,c 0 2 2
Attempting to swapping charges of molecule  0 at 1 , 1 , 1  and molecule  0 at 0 , 2 , 2 .
cenpos [1, 1, 1]
maxTVs:  1
nVs:  3
No molecule in 2nd position.
Reorg:  []
lengths [4, 4, 4]
Attempting to swapping charges of molecule  0 at 1 , 1 , 1  and molecule  1 at 0 , 2 , 2 .
cenpos [1, 1, 1]
maxTVs:  1
nVs:  3
No molecule in 2nd position.
Reorg:  []
lengths [4, 4, 4]
Sat, 21 Jun 2014 01:43:25 +0000
a,b,c 1 0 0
Attempting to swapping charges of molecule  0 at 1 , 1 , 1  and molecule  0 at 1 , 0 , 0 .
cenpos [1, 1, 1]
maxTVs:  1
nVs:  2
No molecule in 2nd position.
Reorg:  []
lengths [4, 4, 4]
Attempting to swapping charges of molecule  0 at 1 , 1 , 1  and molecule  1 at 1 , 0 , 0 .
cenpos [1, 1, 1]
maxTVs:  1
nVs:  2
No molecule in 2nd position.
Reorg:  []
lengths [4, 4, 4]
Sat, 21 Jun 2014 01:43:25 +0000
a,b,c 1 0 1
Attempting to swapping charges of molecule  0 at 1 , 1 , 1  and molecule  0 at 1 , 0 , 1 .
cenpos [1, 1, 1]
maxTVs:  1
nVs:  1
charges split: 0.5 0.5
charges still split: 0.5 0.5
Olduqd  -2.28704272328 , Newuqd -1.77702117204 .
Success.
Reorg:  0.255010775617
lengths [4, 4, 4]
Attempting to swapping charges of molecule  0 at 1 , 1 , 1  and molecule  1 at 1 , 0 , 1 .
cenpos [1, 1, 1]
maxTVs:  1
nVs:  1
charges split: 0.5 0.5
charges still split: 0.5 0.5
Olduqd  -2.28704272328 , Newuqd -1.12097722467 .
Success.
Reorg:  0.583032749304
lengths [4, 4, 4]
Sat, 21 Jun 2014 01:43:26 +0000
a,b,c 1 0 2
Attempting to swapping charges of molecule  0 at 1 , 1 , 1  and molecule  0 at 1 , 0 , 2 .
cenpos [1, 1, 1]
maxTVs:  1
nVs:  2
No molecule in 2nd position.
Reorg:  []
lengths [4, 4, 4]
Attempting to swapping charges of molecule  0 at 1 , 1 , 1  and molecule  1 at 1 , 0 , 2 .
cenpos [1, 1, 1]
maxTVs:  1
nVs:  2
No molecule in 2nd position.
Reorg:  []
lengths [4, 4, 4]
Sat, 21 Jun 2014 01:43:26 +0000
a,b,c 1 1 0
Attempting to swapping charges of molecule  0 at 1 , 1 , 1  and molecule  0 at 1 , 1 , 0 .
cenpos [1, 1, 1]
maxTVs:  1
nVs:  1
charges split: 0.5 0.5
charges still split: 0.5 0.5
Olduqd  -2.28704272328 , Newuqd -0.805601499293 .
Success.
Reorg:  0.740720611991
lengths [4, 4, 4]
Attempting to swapping charges of molecule  0 at 1 , 1 , 1  and molecule  1 at 1 , 1 , 0 .
cenpos [1, 1, 1]
maxTVs:  1
nVs:  1
charges split: 0.5 0.5
charges still split: 0.5 0.5
Olduqd  -2.28704272328 , Newuqd -0.912404972279 .
Success.
Reorg:  0.687318875498
lengths [4, 4, 4]
Sat, 21 Jun 2014 01:43:26 +0000
a,b,c 1 1 1
Attempting to swapping charges of molecule  0 at 1 , 1 , 1  and molecule  0 at 1 , 1 , 1 .
cenpos [1, 1, 1]
maxTVs:  1
nVs:  0
Same Molecule
Reorg:  0.0
lengths [4, 4, 4]
Attempting to swapping charges of molecule  0 at 1 , 1 , 1  and molecule  1 at 1 , 1 , 1 .
cenpos [1, 1, 1]
maxTVs:  1
nVs:  0
Already Calculated
Reorg:  0.371035406736
lengths [4, 4, 4]
Sat, 21 Jun 2014 01:43:26 +0000
a,b,c 1 1 2
Attempting to swapping charges of molecule  0 at 1 , 1 , 1  and molecule  0 at 1 , 1 , 2 .
cenpos [1, 1, 1]
maxTVs:  1
nVs:  1
charges split: 0.5 0.5
charges still split: 0.5 0.5
Olduqd  -2.28704272328 , Newuqd -0.820317564739 .
Success.
Reorg:  0.733362579268
lengths [4, 4, 4]
Attempting to swapping charges of molecule  0 at 1 , 1 , 1  and molecule  1 at 1 , 1 , 2 .
cenpos [1, 1, 1]
maxTVs:  1
nVs:  1
charges split: 0.5 0.5
charges still split: 0.5 0.5
Olduqd  -2.28704272328 , Newuqd -0.792924001949 .
Success.
Reorg:  0.747059360663
lengths [4, 4, 4]
Sat, 21 Jun 2014 01:43:26 +0000
a,b,c 1 2 0
Attempting to swapping charges of molecule  0 at 1 , 1 , 1  and molecule  0 at 1 , 2 , 0 .
cenpos [1, 1, 1]
maxTVs:  1
nVs:  2
No molecule in 2nd position.
Reorg:  []
lengths [4, 4, 4]
Attempting to swapping charges of molecule  0 at 1 , 1 , 1  and molecule  1 at 1 , 2 , 0 .
cenpos [1, 1, 1]
maxTVs:  1
nVs:  2
No molecule in 2nd position.
Reorg:  []
lengths [4, 4, 4]
Sat, 21 Jun 2014 01:43:26 +0000
a,b,c 1 2 1
Attempting to swapping charges of molecule  0 at 1 , 1 , 1  and molecule  0 at 1 , 2 , 1 .
cenpos [1, 1, 1]
maxTVs:  1
nVs:  1
charges split: 0.5 0.5
charges still split: 0.5 0.5
Olduqd  -2.28704272328 , Newuqd -1.47190899862 .
Success.
Reorg:  0.407566862327
lengths [4, 4, 4]
Attempting to swapping charges of molecule  0 at 1 , 1 , 1  and molecule  1 at 1 , 2 , 1 .
cenpos [1, 1, 1]
maxTVs:  1
nVs:  1
charges split: 0.5 0.5
charges still split: 0.5 0.5
Olduqd  -2.28704272328 , Newuqd -1.98639640423 .
Success.
Reorg:  0.150323159524
lengths [4, 4, 4]
Sat, 21 Jun 2014 01:43:26 +0000
a,b,c 1 2 2
Attempting to swapping charges of molecule  0 at 1 , 1 , 1  and molecule  0 at 1 , 2 , 2 .
cenpos [1, 1, 1]
maxTVs:  1
nVs:  2
No molecule in 2nd position.
Reorg:  []
lengths [4, 4, 4]
Attempting to swapping charges of molecule  0 at 1 , 1 , 1  and molecule  1 at 1 , 2 , 2 .
cenpos [1, 1, 1]
maxTVs:  1
nVs:  2
No molecule in 2nd position.
Reorg:  []
lengths [4, 4, 4]
Sat, 21 Jun 2014 01:43:26 +0000
a,b,c 2 0 0
Attempting to swapping charges of molecule  0 at 1 , 1 , 1  and molecule  0 at 2 , 0 , 0 .
cenpos [1, 1, 1]
maxTVs:  1
nVs:  3
No molecule in 2nd position.
Reorg:  []
lengths [4, 4, 4]
Attempting to swapping charges of molecule  0 at 1 , 1 , 1  and molecule  1 at 2 , 0 , 0 .
cenpos [1, 1, 1]
maxTVs:  1
nVs:  3
No molecule in 2nd position.
Reorg:  []
lengths [4, 4, 4]
Sat, 21 Jun 2014 01:43:26 +0000
a,b,c 2 0 1
Attempting to swapping charges of molecule  0 at 1 , 1 , 1  and molecule  0 at 2 , 0 , 1 .
cenpos [1, 1, 1]
maxTVs:  1
nVs:  2
No molecule in 2nd position.
Reorg:  []
lengths [4, 4, 4]
Attempting to swapping charges of molecule  0 at 1 , 1 , 1  and molecule  1 at 2 , 0 , 1 .
cenpos [1, 1, 1]
maxTVs:  1
nVs:  2
No molecule in 2nd position.
Reorg:  []
lengths [4, 4, 4]
Sat, 21 Jun 2014 01:43:26 +0000
a,b,c 2 0 2
Attempting to swapping charges of molecule  0 at 1 , 1 , 1  and molecule  0 at 2 , 0 , 2 .
cenpos [1, 1, 1]
maxTVs:  1
nVs:  3
No molecule in 2nd position.
Reorg:  []
lengths [4, 4, 4]
Attempting to swapping charges of molecule  0 at 1 , 1 , 1  and molecule  1 at 2 , 0 , 2 .
cenpos [1, 1, 1]
maxTVs:  1
nVs:  3
No molecule in 2nd position.
Reorg:  []
lengths [4, 4, 4]
Sat, 21 Jun 2014 01:43:26 +0000
a,b,c 2 1 0
Attempting to swapping charges of molecule  0 at 1 , 1 , 1  and molecule  0 at 2 , 1 , 0 .
cenpos [1, 1, 1]
maxTVs:  1
nVs:  2
No molecule in 2nd position.
Reorg:  []
lengths [4, 4, 4]
Attempting to swapping charges of molecule  0 at 1 , 1 , 1  and molecule  1 at 2 , 1 , 0 .
cenpos [1, 1, 1]
maxTVs:  1
nVs:  2
No molecule in 2nd position.
Reorg:  []
lengths [4, 4, 4]
Sat, 21 Jun 2014 01:43:26 +0000
a,b,c 2 1 1
Attempting to swapping charges of molecule  0 at 1 , 1 , 1  and molecule  0 at 2 , 1 , 1 .
cenpos [1, 1, 1]
maxTVs:  1
nVs:  1
charges split: 0.5 0.5
charges still split: 0.5 0.5
Olduqd  -2.28704272328 , Newuqd -0.653959498425 .
Success.
Reorg:  0.816541612425
lengths [4, 4, 4]
Attempting to swapping charges of molecule  0 at 1 , 1 , 1  and molecule  1 at 2 , 1 , 1 .
cenpos [1, 1, 1]
maxTVs:  1
nVs:  1
charges split: 0.5 0.5
charges still split: 0.5 0.5
Olduqd  -2.28704272328 , Newuqd -2.01708931908 .
Success.
Reorg:  0.134976702096
lengths [4, 4, 4]
Sat, 21 Jun 2014 01:43:26 +0000
a,b,c 2 1 2
Attempting to swapping charges of molecule  0 at 1 , 1 , 1  and molecule  0 at 2 , 1 , 2 .
cenpos [1, 1, 1]
maxTVs:  1
nVs:  2
No molecule in 2nd position.
Reorg:  []
lengths [4, 4, 4]
Attempting to swapping charges of molecule  0 at 1 , 1 , 1  and molecule  1 at 2 , 1 , 2 .
cenpos [1, 1, 1]
maxTVs:  1
nVs:  2
No molecule in 2nd position.
Reorg:  []
lengths [4, 4, 4]
Sat, 21 Jun 2014 01:43:26 +0000
a,b,c 2 2 0
Attempting to swapping charges of molecule  0 at 1 , 1 , 1  and molecule  0 at 2 , 2 , 0 .
cenpos [1, 1, 1]
maxTVs:  1
nVs:  3
No molecule in 2nd position.
Reorg:  []
lengths [4, 4, 4]
Attempting to swapping charges of molecule  0 at 1 , 1 , 1  and molecule  1 at 2 , 2 , 0 .
cenpos [1, 1, 1]
maxTVs:  1
nVs:  3
No molecule in 2nd position.
Reorg:  []
lengths [4, 4, 4]
Sat, 21 Jun 2014 01:43:26 +0000
a,b,c 2 2 1
Attempting to swapping charges of molecule  0 at 1 , 1 , 1  and molecule  0 at 2 , 2 , 1 .
cenpos [1, 1, 1]
maxTVs:  1
nVs:  2
No molecule in 2nd position.
Reorg:  []
lengths [4, 4, 4]
Attempting to swapping charges of molecule  0 at 1 , 1 , 1  and molecule  1 at 2 , 2 , 1 .
cenpos [1, 1, 1]
maxTVs:  1
nVs:  2
No molecule in 2nd position.
Reorg:  []
lengths [4, 4, 4]
Sat, 21 Jun 2014 01:43:26 +0000
a,b,c 2 2 2
Attempting to swapping charges of molecule  0 at 1 , 1 , 1  and molecule  0 at 2 , 2 , 2 .
cenpos [1, 1, 1]
maxTVs:  1
nVs:  3
No molecule in 2nd position.
Reorg:  []
lengths [4, 4, 4]
Attempting to swapping charges of molecule  0 at 1 , 1 , 1  and molecule  1 at 2 , 2 , 2 .
cenpos [1, 1, 1]
maxTVs:  1
nVs:  3
No molecule in 2nd position.
Reorg:  []
lengths [4, 4, 4]
Job Completed Successfully.
Job terminated normally
