Tue, 08 Jul 2014 16:28:25 +0000
name:  Sexithiophene_cation_neut_inner2_outer0 mols_cen:  ['sp_sexithiophene_mola_neut.xyz', 'sp_sexithiophene_molb_neut.xyz', 'sp_sexithiophene_molc_neut.xyz', 'sp_sexithiophene_mold_neut.xyz']  mols_sur:  ['sp_sexithiophene_mola_neut.xyz', 'sp_sexithiophene_molb_neut.xyz', 'sp_sexithiophene_molc_neut.xyz', 'sp_sexithiophene_mold_neut.xyz']  TVs:  [[  8.44870094e+01   0.00000000e+00   0.00000000e+00]
 [  9.08492393e-16   1.48368067e+01   0.00000000e+00]
 [ -3.02311835e-01   1.41043829e-15   2.27298832e+01]]
Placing Molecules.
Molecules placed.
state cation
q:  1.0
Tue, 08 Jul 2014 16:28:28 +0000
Tue, 08 Jul 2014 16:28:28 +0000
Calc jm
Tue, 08 Jul 2014 16:28:30 +0000
Calc dips:
Tue, 08 Jul 2014 16:28:31 +0000
Tue, 08 Jul 2014 16:28:31 +0000
splitting dips onto atoms
Tue, 08 Jul 2014 16:28:31 +0000
summing dips:
Tue, 08 Jul 2014 16:28:31 +0000
total dip moment [[-16.55840426  95.1217544  -84.34602318]]
Tue, 08 Jul 2014 16:28:31 +0000
Uqq 0.0
Tue, 08 Jul 2014 16:28:31 +0000
Uqd -8.36370407157
Tue, 08 Jul 2014 16:28:31 +0000
Udd 4.18185203578
energyev -4.18185203578
Tue, 08 Jul 2014 16:28:31 +0000
Making .dat cross sections for gnuplot


DIST:  0 

Tue, 08 Jul 2014 16:28:31 +0000
a,b,c 2 2 2
Attempting to swapping charges of molecule  0 at 2 , 2 , 2  and molecule  0 at 2 , 2 , 2 .
cenpos [2, 2, 2]
maxTVs:  2
nVs:  0
Same Molecule
Reorg:  0.0
lengths [6, 6, 6]
Attempting to swapping charges of molecule  0 at 2 , 2 , 2  and molecule  1 at 2 , 2 , 2 .
cenpos [2, 2, 2]
maxTVs:  2
nVs:  0
charges split: 0.5 0.5
charges still split: 0.5 0.5
Olduqd  -8.36370407157 , Newuqd -1.85183814267 .
Success.
charges back: 1.0 1.0
Reorg:  3.25593296445
lengths [6, 6, 6]
Attempting to swapping charges of molecule  0 at 2 , 2 , 2  and molecule  2 at 2 , 2 , 2 .
cenpos [2, 2, 2]
maxTVs:  2
nVs:  0
charges split: 0.5 0.5
charges still split: 0.5 0.5
Olduqd  -8.36370407157 , Newuqd -5.86882415707 .
Success.
charges back: 1.0 1.0
Reorg:  1.24743995725
lengths [6, 6, 6]
Attempting to swapping charges of molecule  0 at 2 , 2 , 2  and molecule  3 at 2 , 2 , 2 .
cenpos [2, 2, 2]
maxTVs:  2
nVs:  0
charges split: 0.5 0.5
charges still split: 0.5 0.5
Olduqd  -8.36370407157 , Newuqd -3.4325060659 .
Success.
charges back: 1.0 1.0
Reorg:  2.46559900284
lengths [6, 6, 6]


DIST:  1 

Tue, 08 Jul 2014 16:28:32 +0000
a,b,c 1 1 1
Attempting to swapping charges of molecule  0 at 2 , 2 , 2  and molecule  0 at 1 , 1 , 1 .
cenpos [2, 2, 2]
maxTVs:  2
nVs:  3
No molecule in 2nd position.
Reorg:  []
lengths [6, 6, 6]
Attempting to swapping charges of molecule  0 at 2 , 2 , 2  and molecule  1 at 1 , 1 , 1 .
cenpos [2, 2, 2]
maxTVs:  2
nVs:  3
No molecule in 2nd position.
Reorg:  []
lengths [6, 6, 6]
Attempting to swapping charges of molecule  0 at 2 , 2 , 2  and molecule  2 at 1 , 1 , 1 .
cenpos [2, 2, 2]
maxTVs:  2
nVs:  3
No molecule in 2nd position.
Reorg:  []
lengths [6, 6, 6]
Attempting to swapping charges of molecule  0 at 2 , 2 , 2  and molecule  3 at 1 , 1 , 1 .
cenpos [2, 2, 2]
maxTVs:  2
nVs:  3
No molecule in 2nd position.
Reorg:  []
lengths [6, 6, 6]
Tue, 08 Jul 2014 16:28:32 +0000
a,b,c 1 1 2
Attempting to swapping charges of molecule  0 at 2 , 2 , 2  and molecule  0 at 1 , 1 , 2 .
cenpos [2, 2, 2]
maxTVs:  2
nVs:  2
charges split: 0.5 0.5
charges still split: 0.5 0.5
Olduqd  -8.36370407157 , Newuqd -2.32440807881 .
Success.
charges back: 1.0 1.0
Reorg:  3.01964799638
lengths [6, 6, 6]
Attempting to swapping charges of molecule  0 at 2 , 2 , 2  and molecule  1 at 1 , 1 , 2 .
cenpos [2, 2, 2]
maxTVs:  2
nVs:  2
charges split: 0.5 0.5
charges still split: 0.5 0.5
Olduqd  -8.36370407157 , Newuqd 3.66099915283 .
Success.
charges back: 1.0 1.0
Reorg:  6.0123516122
lengths [6, 6, 6]
Attempting to swapping charges of molecule  0 at 2 , 2 , 2  and molecule  2 at 1 , 1 , 2 .
cenpos [2, 2, 2]
maxTVs:  2
nVs:  2
charges split: 0.5 0.5
charges still split: 0.5 0.5
Olduqd  -8.36370407157 , Newuqd -2.16049568293 .
Success.
charges back: 1.0 1.0
Reorg:  3.10160419432
lengths [6, 6, 6]
Attempting to swapping charges of molecule  0 at 2 , 2 , 2  and molecule  3 at 1 , 1 , 2 .
cenpos [2, 2, 2]
maxTVs:  2
nVs:  2
charges split: 0.5 0.5
charges still split: 0.5 0.5
Olduqd  -8.36370407157 , Newuqd 4.48934044939 .
Success.
charges back: 1.0 1.0
Reorg:  6.42652226048
lengths [6, 6, 6]
Tue, 08 Jul 2014 16:28:34 +0000
a,b,c 1 1 3
Attempting to swapping charges of molecule  0 at 2 , 2 , 2  and molecule  0 at 1 , 1 , 3 .
cenpos [2, 2, 2]
maxTVs:  2
nVs:  3
No molecule in 2nd position.
Reorg:  []
lengths [6, 6, 6]
Attempting to swapping charges of molecule  0 at 2 , 2 , 2  and molecule  1 at 1 , 1 , 3 .
cenpos [2, 2, 2]
maxTVs:  2
nVs:  3
No molecule in 2nd position.
Reorg:  []
lengths [6, 6, 6]
Attempting to swapping charges of molecule  0 at 2 , 2 , 2  and molecule  2 at 1 , 1 , 3 .
cenpos [2, 2, 2]
maxTVs:  2
nVs:  3
No molecule in 2nd position.
Reorg:  []
lengths [6, 6, 6]
Attempting to swapping charges of molecule  0 at 2 , 2 , 2  and molecule  3 at 1 , 1 , 3 .
cenpos [2, 2, 2]
maxTVs:  2
nVs:  3
No molecule in 2nd position.
Reorg:  []
lengths [6, 6, 6]
Tue, 08 Jul 2014 16:28:34 +0000
a,b,c 1 2 1
Attempting to swapping charges of molecule  0 at 2 , 2 , 2  and molecule  0 at 1 , 2 , 1 .
cenpos [2, 2, 2]
maxTVs:  2
nVs:  2
charges split: 0.5 0.5
charges still split: 0.5 0.5
Olduqd  -8.36370407157 , Newuqd 7.67514441126 .
Success.
charges back: 1.0 1.0
Reorg:  8.01942424141
lengths [6, 6, 6]
Attempting to swapping charges of molecule  0 at 2 , 2 , 2  and molecule  1 at 1 , 2 , 1 .
cenpos [2, 2, 2]
maxTVs:  2
nVs:  2
charges split: 0.5 0.5
charges still split: 0.5 0.5
Olduqd  -8.36370407157 , Newuqd 0.844629249729 .
Success.
charges back: 1.0 1.0
Reorg:  4.60416666065
lengths [6, 6, 6]
Attempting to swapping charges of molecule  0 at 2 , 2 , 2  and molecule  2 at 1 , 2 , 1 .
cenpos [2, 2, 2]
maxTVs:  2
nVs:  2
charges split: 0.5 0.5
charges still split: 0.5 0.5
Olduqd  -8.36370407157 , Newuqd 0.61500944346 .
Success.
charges back: 1.0 1.0
Reorg:  4.48935675751
lengths [6, 6, 6]
Attempting to swapping charges of molecule  0 at 2 , 2 , 2  and molecule  3 at 1 , 2 , 1 .
cenpos [2, 2, 2]
maxTVs:  2
nVs:  2
charges split: 0.5 0.5
charges still split: 0.5 0.5
Olduqd  -8.36370407157 , Newuqd 5.78969978313 .
Success.
charges back: 1.0 1.0
Reorg:  7.07670192735
lengths [6, 6, 6]
Tue, 08 Jul 2014 16:28:36 +0000
a,b,c 1 2 2
Attempting to swapping charges of molecule  0 at 2 , 2 , 2  and molecule  0 at 1 , 2 , 2 .
cenpos [2, 2, 2]
maxTVs:  2
nVs:  1
charges split: 0.5 0.5
charges still split: 0.5 0.5
Olduqd  -8.36370407157 , Newuqd -3.09567080419 .
Success.
charges back: 1.0 1.0
Reorg:  2.63401663369
lengths [6, 6, 6]
Attempting to swapping charges of molecule  0 at 2 , 2 , 2  and molecule  1 at 1 , 2 , 2 .
cenpos [2, 2, 2]
maxTVs:  2
nVs:  1
charges split: 0.5 0.5
charges still split: 0.5 0.5
Olduqd  -8.36370407157 , Newuqd -0.0256456344222 .
Success.
charges back: 1.0 1.0
Reorg:  4.16902921857
lengths [6, 6, 6]
Attempting to swapping charges of molecule  0 at 2 , 2 , 2  and molecule  2 at 1 , 2 , 2 .
cenpos [2, 2, 2]
maxTVs:  2
nVs:  1
charges split: 0.5 0.5
charges still split: 0.5 0.5
Olduqd  -8.36370407157 , Newuqd -0.451857615131 .
Success.
charges back: 1.0 1.0
Reorg:  3.95592322822
lengths [6, 6, 6]
Attempting to swapping charges of molecule  0 at 2 , 2 , 2  and molecule  3 at 1 , 2 , 2 .
cenpos [2, 2, 2]
maxTVs:  2
nVs:  1
charges split: 0.5 0.5
charges still split: 0.5 0.5
Olduqd  -8.36370407157 , Newuqd -2.21065177541 .
Success.
charges back: 1.0 1.0
Reorg:  3.07652614808
lengths [6, 6, 6]
Tue, 08 Jul 2014 16:28:38 +0000
a,b,c 1 2 3
Attempting to swapping charges of molecule  0 at 2 , 2 , 2  and molecule  0 at 1 , 2 , 3 .
cenpos [2, 2, 2]
maxTVs:  2
nVs:  2
charges split: 0.5 0.5
charges still split: 0.5 0.5
Olduqd  -8.36370407157 , Newuqd 2.13858595214 .
Success.
charges back: 1.0 1.0
Reorg:  5.25114501186
lengths [6, 6, 6]
Attempting to swapping charges of molecule  0 at 2 , 2 , 2  and molecule  1 at 1 , 2 , 3 .
cenpos [2, 2, 2]
maxTVs:  2
nVs:  2
charges split: 0.5 0.5
charges still split: 0.5 0.5
Olduqd  -8.36370407157 , Newuqd 0.467789570683 .
Success.
charges back: 1.0 1.0
Reorg:  4.41574682112
lengths [6, 6, 6]
Attempting to swapping charges of molecule  0 at 2 , 2 , 2  and molecule  2 at 1 , 2 , 3 .
cenpos [2, 2, 2]
maxTVs:  2
nVs:  2
charges split: 0.5 0.5
charges still split: 0.5 0.5
Olduqd  -8.36370407157 , Newuqd 1.63879805412 .
Success.
charges back: 1.0 1.0
Reorg:  5.00125106284
lengths [6, 6, 6]
Attempting to swapping charges of molecule  0 at 2 , 2 , 2  and molecule  3 at 1 , 2 , 3 .
cenpos [2, 2, 2]
maxTVs:  2
nVs:  2
charges split: 0.5 0.5
charges still split: 0.5 0.5
Olduqd  -8.36370407157 , Newuqd 0.426442553608 .
Success.
charges back: 1.0 1.0
Reorg:  4.39507331259
lengths [6, 6, 6]
Tue, 08 Jul 2014 16:28:39 +0000
a,b,c 1 3 1
Attempting to swapping charges of molecule  0 at 2 , 2 , 2  and molecule  0 at 1 , 3 , 1 .
cenpos [2, 2, 2]
maxTVs:  2
nVs:  3
No molecule in 2nd position.
Reorg:  []
lengths [6, 6, 6]
Attempting to swapping charges of molecule  0 at 2 , 2 , 2  and molecule  1 at 1 , 3 , 1 .
cenpos [2, 2, 2]
maxTVs:  2
nVs:  3
No molecule in 2nd position.
Reorg:  []
lengths [6, 6, 6]
Attempting to swapping charges of molecule  0 at 2 , 2 , 2  and molecule  2 at 1 , 3 , 1 .
cenpos [2, 2, 2]
maxTVs:  2
nVs:  3
No molecule in 2nd position.
Reorg:  []
lengths [6, 6, 6]
Attempting to swapping charges of molecule  0 at 2 , 2 , 2  and molecule  3 at 1 , 3 , 1 .
cenpos [2, 2, 2]
maxTVs:  2
nVs:  3
No molecule in 2nd position.
Reorg:  []
lengths [6, 6, 6]
Tue, 08 Jul 2014 16:28:39 +0000
a,b,c 1 3 2
Attempting to swapping charges of molecule  0 at 2 , 2 , 2  and molecule  0 at 1 , 3 , 2 .
cenpos [2, 2, 2]
maxTVs:  2
nVs:  2
charges split: 0.5 0.5
charges still split: 0.5 0.5
Olduqd  -8.36370407157 , Newuqd 5.41003875567 .
Success.
charges back: 1.0 1.0
Reorg:  6.88687141362
lengths [6, 6, 6]
Attempting to swapping charges of molecule  0 at 2 , 2 , 2  and molecule  1 at 1 , 3 , 2 .
cenpos [2, 2, 2]
maxTVs:  2
nVs:  2
charges split: 0.5 0.5
charges still split: 0.5 0.5
Olduqd  -8.36370407157 , Newuqd -1.61754111657 .
Success.
charges back: 1.0 1.0
Reorg:  3.3730814775
lengths [6, 6, 6]
Attempting to swapping charges of molecule  0 at 2 , 2 , 2  and molecule  2 at 1 , 3 , 2 .
cenpos [2, 2, 2]
maxTVs:  2
nVs:  2
charges split: 0.5 0.5
charges still split: 0.5 0.5
Olduqd  -8.36370407157 , Newuqd 3.59839531074 .
Success.
charges back: 1.0 1.0
Reorg:  5.98104969115
lengths [6, 6, 6]
Attempting to swapping charges of molecule  0 at 2 , 2 , 2  and molecule  3 at 1 , 3 , 2 .
cenpos [2, 2, 2]
maxTVs:  2
nVs:  2
charges split: 0.5 0.5
charges still split: 0.5 0.5
Olduqd  -8.36370407157 , Newuqd -1.70109931155 .
Success.
charges back: 1.0 1.0
Reorg:  3.33130238001
lengths [6, 6, 6]
Tue, 08 Jul 2014 16:28:41 +0000
a,b,c 1 3 3
Attempting to swapping charges of molecule  0 at 2 , 2 , 2  and molecule  0 at 1 , 3 , 3 .
cenpos [2, 2, 2]
maxTVs:  2
nVs:  3
No molecule in 2nd position.
Reorg:  []
lengths [6, 6, 6]
Attempting to swapping charges of molecule  0 at 2 , 2 , 2  and molecule  1 at 1 , 3 , 3 .
cenpos [2, 2, 2]
maxTVs:  2
nVs:  3
No molecule in 2nd position.
Reorg:  []
lengths [6, 6, 6]
Attempting to swapping charges of molecule  0 at 2 , 2 , 2  and molecule  2 at 1 , 3 , 3 .
cenpos [2, 2, 2]
maxTVs:  2
nVs:  3
No molecule in 2nd position.
Reorg:  []
lengths [6, 6, 6]
Attempting to swapping charges of molecule  0 at 2 , 2 , 2  and molecule  3 at 1 , 3 , 3 .
cenpos [2, 2, 2]
maxTVs:  2
nVs:  3
No molecule in 2nd position.
Reorg:  []
lengths [6, 6, 6]
Tue, 08 Jul 2014 16:28:41 +0000
a,b,c 2 1 1
Attempting to swapping charges of molecule  0 at 2 , 2 , 2  and molecule  0 at 2 , 1 , 1 .
cenpos [2, 2, 2]
maxTVs:  2
nVs:  2
charges split: 0.5 0.5
charges still split: 0.5 0.5
Olduqd  -8.36370407157 , Newuqd -7.21390939296 .
Success.
charges back: 1.0 1.0
Reorg:  0.574897339301
lengths [6, 6, 6]
Attempting to swapping charges of molecule  0 at 2 , 2 , 2  and molecule  1 at 2 , 1 , 1 .
cenpos [2, 2, 2]
maxTVs:  2
nVs:  2
charges split: 0.5 0.5
charges still split: 0.5 0.5
Olduqd  -8.36370407157 , Newuqd 1.53620410232 .
Success.
charges back: 1.0 1.0
Reorg:  4.94995408694
lengths [6, 6, 6]
Attempting to swapping charges of molecule  0 at 2 , 2 , 2  and molecule  2 at 2 , 1 , 1 .
cenpos [2, 2, 2]
maxTVs:  2
nVs:  2
charges split: 0.5 0.5
charges still split: 0.5 0.5
Olduqd  -8.36370407157 , Newuqd -0.0880189832832 .
Success.
charges back: 1.0 1.0
Reorg:  4.13784254414
lengths [6, 6, 6]
Attempting to swapping charges of molecule  0 at 2 , 2 , 2  and molecule  3 at 2 , 1 , 1 .
cenpos [2, 2, 2]
maxTVs:  2
nVs:  2
charges split: 0.5 0.5
charges still split: 0.5 0.5
Olduqd  -8.36370407157 , Newuqd -4.80236427375 .
Success.
charges back: 1.0 1.0
Reorg:  1.78066989891
lengths [6, 6, 6]
Tue, 08 Jul 2014 16:28:43 +0000
a,b,c 2 1 2
Attempting to swapping charges of molecule  0 at 2 , 2 , 2  and molecule  0 at 2 , 1 , 2 .
cenpos [2, 2, 2]
maxTVs:  2
nVs:  1
charges split: 0.5 0.5
charges still split: 0.5 0.5
Olduqd  -8.36370407157 , Newuqd -7.21597070206 .
Success.
charges back: 1.0 1.0
Reorg:  0.573866684751
lengths [6, 6, 6]
Attempting to swapping charges of molecule  0 at 2 , 2 , 2  and molecule  1 at 2 , 1 , 2 .
cenpos [2, 2, 2]
maxTVs:  2
nVs:  1
charges split: 0.5 0.5
charges still split: 0.5 0.5
Olduqd  -8.36370407157 , Newuqd -1.43241296306 .
Success.
charges back: 1.0 1.0
Reorg:  3.46564555425
lengths [6, 6, 6]
Attempting to swapping charges of molecule  0 at 2 , 2 , 2  and molecule  2 at 2 , 1 , 2 .
cenpos [2, 2, 2]
maxTVs:  2
nVs:  1
charges split: 0.5 0.5
charges still split: 0.5 0.5
Olduqd  -8.36370407157 , Newuqd -6.10607223958 .
Success.
charges back: 1.0 1.0
Reorg:  1.12881591599
lengths [6, 6, 6]
Attempting to swapping charges of molecule  0 at 2 , 2 , 2  and molecule  3 at 2 , 1 , 2 .
cenpos [2, 2, 2]
maxTVs:  2
nVs:  1
charges split: 0.5 0.5
charges still split: 0.5 0.5
Olduqd  -8.36370407157 , Newuqd -1.7344119141 .
Success.
charges back: 1.0 1.0
Reorg:  3.31464607873
lengths [6, 6, 6]
Tue, 08 Jul 2014 16:28:45 +0000
a,b,c 2 1 3
Attempting to swapping charges of molecule  0 at 2 , 2 , 2  and molecule  0 at 2 , 1 , 3 .
cenpos [2, 2, 2]
maxTVs:  2
nVs:  2
charges split: 0.5 0.5
charges still split: 0.5 0.5
Olduqd  -8.36370407157 , Newuqd -1.31908283225 .
Success.
charges back: 1.0 1.0
Reorg:  3.52231061966
lengths [6, 6, 6]
Attempting to swapping charges of molecule  0 at 2 , 2 , 2  and molecule  1 at 2 , 1 , 3 .
cenpos [2, 2, 2]
maxTVs:  2
nVs:  2
charges split: 0.5 0.5
charges still split: 0.5 0.5
Olduqd  -8.36370407157 , Newuqd -5.24989150006 .
Success.
charges back: 1.0 1.0
Reorg:  1.55690628575
lengths [6, 6, 6]
Attempting to swapping charges of molecule  0 at 2 , 2 , 2  and molecule  2 at 2 , 1 , 3 .
cenpos [2, 2, 2]
maxTVs:  2
nVs:  2
charges split: 0.5 0.5
charges still split: 0.5 0.5
Olduqd  -8.36370407157 , Newuqd -5.14441305874 .
Success.
charges back: 1.0 1.0
Reorg:  1.60964550641
lengths [6, 6, 6]
Attempting to swapping charges of molecule  0 at 2 , 2 , 2  and molecule  3 at 2 , 1 , 3 .
cenpos [2, 2, 2]
maxTVs:  2
nVs:  2
charges split: 0.5 0.5
charges still split: 0.5 0.5
Olduqd  -8.36370407157 , Newuqd -5.94805353407 .
Success.
charges back: 1.0 1.0
Reorg:  1.20782526875
lengths [6, 6, 6]
Tue, 08 Jul 2014 16:28:47 +0000
a,b,c 2 2 1
Attempting to swapping charges of molecule  0 at 2 , 2 , 2  and molecule  0 at 2 , 2 , 1 .
cenpos [2, 2, 2]
maxTVs:  2
nVs:  1
charges split: 0.5 0.5
charges still split: 0.5 0.5
Olduqd  -8.36370407157 , Newuqd -1.93874865793 .
Success.
charges back: 1.0 1.0
Reorg:  3.21247770682
lengths [6, 6, 6]
Attempting to swapping charges of molecule  0 at 2 , 2 , 2  and molecule  1 at 2 , 2 , 1 .
cenpos [2, 2, 2]
maxTVs:  2
nVs:  1
charges split: 0.5 0.5
charges still split: 0.5 0.5
Olduqd  -8.36370407157 , Newuqd 0.105345371083 .
Success.
charges back: 1.0 1.0
Reorg:  4.23452472132
lengths [6, 6, 6]
Attempting to swapping charges of molecule  0 at 2 , 2 , 2  and molecule  2 at 2 , 2 , 1 .
cenpos [2, 2, 2]
maxTVs:  2
nVs:  1
charges split: 0.5 0.5
charges still split: 0.5 0.5
Olduqd  -8.36370407157 , Newuqd -8.22801606895 .
Success.
charges back: 1.0 1.0
Reorg:  0.0678440013095
lengths [6, 6, 6]
Attempting to swapping charges of molecule  0 at 2 , 2 , 2  and molecule  3 at 2 , 2 , 1 .
cenpos [2, 2, 2]
maxTVs:  2
nVs:  1
charges split: 0.5 0.5
charges still split: 0.5 0.5
Olduqd  -8.36370407157 , Newuqd -2.16941799347 .
Success.
charges back: 1.0 1.0
Reorg:  3.09714303905
lengths [6, 6, 6]
Tue, 08 Jul 2014 16:28:48 +0000
a,b,c 2 2 2
Attempting to swapping charges of molecule  0 at 2 , 2 , 2  and molecule  0 at 2 , 2 , 2 .
cenpos [2, 2, 2]
maxTVs:  2
nVs:  0
Same Molecule
Reorg:  0.0
lengths [6, 6, 6]
Attempting to swapping charges of molecule  0 at 2 , 2 , 2  and molecule  1 at 2 , 2 , 2 .
cenpos [2, 2, 2]
maxTVs:  2
nVs:  0
Already Calculated
Reorg:  3.25593296445
lengths [6, 6, 6]
Attempting to swapping charges of molecule  0 at 2 , 2 , 2  and molecule  2 at 2 , 2 , 2 .
cenpos [2, 2, 2]
maxTVs:  2
nVs:  0
Already Calculated
Reorg:  1.24743995725
lengths [6, 6, 6]
Attempting to swapping charges of molecule  0 at 2 , 2 , 2  and molecule  3 at 2 , 2 , 2 .
cenpos [2, 2, 2]
maxTVs:  2
nVs:  0
Already Calculated
Reorg:  2.46559900284
lengths [6, 6, 6]
Tue, 08 Jul 2014 16:28:48 +0000
a,b,c 2 2 3
Attempting to swapping charges of molecule  0 at 2 , 2 , 2  and molecule  0 at 2 , 2 , 3 .
cenpos [2, 2, 2]
maxTVs:  2
nVs:  1
charges split: 0.5 0.5
charges still split: 0.5 0.5
Olduqd  -8.36370407157 , Newuqd -7.9021142447 .
Success.
charges back: 1.0 1.0
Reorg:  0.230794913431
lengths [6, 6, 6]
Attempting to swapping charges of molecule  0 at 2 , 2 , 2  and molecule  1 at 2 , 2 , 3 .
cenpos [2, 2, 2]
maxTVs:  2
nVs:  1
charges split: 0.5 0.5
charges still split: 0.5 0.5
Olduqd  -8.36370407157 , Newuqd -2.72959624487 .
Success.
charges back: 1.0 1.0
Reorg:  2.81705391335
lengths [6, 6, 6]
Attempting to swapping charges of molecule  0 at 2 , 2 , 2  and molecule  2 at 2 , 2 , 3 .
cenpos [2, 2, 2]
maxTVs:  2
nVs:  1
charges split: 0.5 0.5
charges still split: 0.5 0.5
Olduqd  -8.36370407157 , Newuqd -1.74128118466 .
Success.
charges back: 1.0 1.0
Reorg:  3.31121144345
lengths [6, 6, 6]
Attempting to swapping charges of molecule  0 at 2 , 2 , 2  and molecule  3 at 2 , 2 , 3 .
cenpos [2, 2, 2]
maxTVs:  2
nVs:  1
charges split: 0.5 0.5
charges still split: 0.5 0.5
